-- The C compiler identification is Clang 14.0.0
-- The CXX compiler identification is Clang 14.0.0
-- Detecting C compiler ABI info
-- Detecting C compiler ABI info - done
-- Check for working C compiler: /usr/bin/cc - skipped
-- Detecting C compile features
-- Detecting C compile features - done
-- Detecting CXX compiler ABI info
-- Detecting CXX compiler ABI info - done
-- Check for working CXX compiler: /usr/bin/c++ - skipped
-- Detecting CXX compile features
-- Detecting CXX compile features - done
-- Found ament_cmake: 1.3.8 (/opt/ros/humble/share/ament_cmake/cmake)
-- Found Python3: /usr/bin/python3 (found version "3.10.12") found components: Interpreter 
-- Found rclcpp: 16.0.8 (/opt/ros/humble/share/rclcpp/cmake)
-- Found rosidl_generator_c: 3.1.5 (/opt/ros/humble/share/rosidl_generator_c/cmake)
-- Found rosidl_adapter: 3.1.5 (/opt/ros/humble/share/rosidl_adapter/cmake)
-- Found rosidl_generator_cpp: 3.1.5 (/opt/ros/humble/share/rosidl_generator_cpp/cmake)
-- Using all available rosidl_typesupport_c: rosidl_typesupport_fastrtps_c;rosidl_typesupport_introspection_c
-- Using all available rosidl_typesupport_cpp: rosidl_typesupport_fastrtps_cpp;rosidl_typesupport_introspection_cpp
-- Found rmw_implementation_cmake: 6.1.1 (/opt/ros/humble/share/rmw_implementation_cmake/cmake)
-- Found rmw_fastrtps_cpp: 6.2.6 (/opt/ros/humble/share/rmw_fastrtps_cpp/cmake)
-- Found OpenSSL: /usr/lib/x86_64-linux-gnu/libcrypto.so (found version "3.0.2")  
-- Found FastRTPS: /opt/ros/humble/include  
-- Using RMW implementation 'rmw_fastrtps_cpp' as default
-- Looking for pthread.h
-- Looking for pthread.h - found
-- Performing Test CMAKE_HAVE_LIBC_PTHREAD
-- Performing Test CMAKE_HAVE_LIBC_PTHREAD - Success
-- Found Threads: TRUE  
-- Found trajectory_msgs: 4.2.3 (/opt/ros/humble/share/trajectory_msgs/cmake)
-- Found ament_lint_auto: 0.12.10 (/opt/ros/humble/share/ament_lint_auto/cmake)
-- Added test 'cppcheck' to perform static code analysis on C / C++ code
-- Configured cppcheck include dirs: 
-- Configured cppcheck exclude dirs and/or files: 
-- Added test 'lint_cmake' to check CMake code style
-- Added test 'uncrustify' to check C / C++ code style
-- Configured uncrustify additional arguments: 
-- Added test 'xmllint' to check XML markup files
-- Configuring done
-- Generating done
-- Build files have been written to: /home/giorgio/Leader-Follower_UWB/Leader-Follower_Simulation/build/move_target
[ 25%] [32mBuilding CXX object CMakeFiles/publisher.dir/src/publisher.cpp.o[0m
[ 50%] [32mBuilding CXX object CMakeFiles/publisher_good.dir/src/publisher_good.cpp.o[0m
[ 75%] [32m[1mLinking CXX executable publisher[0m
[ 75%] Built target publisher
[100%] [32m[1mLinking CXX executable publisher_good[0m
[100%] Built target publisher_good
-- Install configuration: ""
-- Installing: /home/giorgio/Leader-Follower_UWB/Leader-Follower_Simulation/install/move_target/lib/move_target/publisher
-- Set runtime path of "/home/giorgio/Leader-Follower_UWB/Leader-Follower_Simulation/install/move_target/lib/move_target/publisher" to ""
-- Installing: /home/giorgio/Leader-Follower_UWB/Leader-Follower_Simulation/install/move_target/lib/move_target/publisher_good
-- Set runtime path of "/home/giorgio/Leader-Follower_UWB/Leader-Follower_Simulation/install/move_target/lib/move_target/publisher_good" to ""
-- Installing: /home/giorgio/Leader-Follower_UWB/Leader-Follower_Simulation/install/move_target/share/move_target/description
-- Installing: /home/giorgio/Leader-Follower_UWB/Leader-Follower_Simulation/install/move_target/share/move_target/description/gazebo
-- Installing: /home/giorgio/Leader-Follower_UWB/Leader-Follower_Simulation/install/move_target/share/move_target/description/gazebo/exinclude.xacro
-- Installing: /home/giorgio/Leader-Follower_UWB/Leader-Follower_Simulation/install/move_target/share/move_target/description/gazebo/gazebo.urdf.xacro
-- Installing: /home/giorgio/Leader-Follower_UWB/Leader-Follower_Simulation/install/move_target/share/move_target/description/gazebo/exgazebo.xacro
-- Installing: /home/giorgio/Leader-Follower_UWB/Leader-Follower_Simulation/install/move_target/share/move_target/description/gazebo/materials
-- Installing: /home/giorgio/Leader-Follower_UWB/Leader-Follower_Simulation/install/move_target/share/move_target/description/gazebo/materials/textures
-- Installing: /home/giorgio/Leader-Follower_UWB/Leader-Follower_Simulation/install/move_target/share/move_target/description/gazebo/materials/textures/gazebo_diffuse.jpg
-- Installing: /home/giorgio/Leader-Follower_UWB/Leader-Follower_Simulation/install/move_target/share/move_target/description/gazebo/materials/textures/gazebo_spec.jpg
-- Installing: /home/giorgio/Leader-Follower_UWB/Leader-Follower_Simulation/install/move_target/share/move_target/description/gazebo/meshes
-- Installing: /home/giorgio/Leader-Follower_UWB/Leader-Follower_Simulation/install/move_target/share/move_target/description/gazebo/meshes/gazebo.dae
-- Installing: /home/giorgio/Leader-Follower_UWB/Leader-Follower_Simulation/install/move_target/share/move_target/description/prism
-- Installing: /home/giorgio/Leader-Follower_UWB/Leader-Follower_Simulation/install/move_target/share/move_target/description/prism/exinclude.xacro
-- Installing: /home/giorgio/Leader-Follower_UWB/Leader-Follower_Simulation/install/move_target/share/move_target/description/prism/exgazebo.xacro
-- Installing: /home/giorgio/Leader-Follower_UWB/Leader-Follower_Simulation/install/move_target/share/move_target/description/prism/prism.urdf.xacro
-- Installing: /home/giorgio/Leader-Follower_UWB/Leader-Follower_Simulation/install/move_target/share/move_target/description/person_standing
-- Installing: /home/giorgio/Leader-Follower_UWB/Leader-Follower_Simulation/install/move_target/share/move_target/description/person_standing/exgazebo.xacro
-- Installing: /home/giorgio/Leader-Follower_UWB/Leader-Follower_Simulation/install/move_target/share/move_target/description/person_standing/person_standing.urdf.xacro
-- Installing: /home/giorgio/Leader-Follower_UWB/Leader-Follower_Simulation/install/move_target/share/move_target/description/person_standing/materials
-- Installing: /home/giorgio/Leader-Follower_UWB/Leader-Follower_Simulation/install/move_target/share/move_target/description/person_standing/materials/textures
-- Installing: /home/giorgio/Leader-Follower_UWB/Leader-Follower_Simulation/install/move_target/share/move_target/description/person_standing/materials/textures/tshirt02_texture.png
-- Installing: /home/giorgio/Leader-Follower_UWB/Leader-Follower_Simulation/install/move_target/share/move_target/description/person_standing/materials/textures/male02_diffuse_black.png
-- Installing: /home/giorgio/Leader-Follower_UWB/Leader-Follower_Simulation/install/move_target/share/move_target/description/person_standing/materials/textures/eyebrow001.png
-- Installing: /home/giorgio/Leader-Follower_UWB/Leader-Follower_Simulation/install/move_target/share/move_target/description/person_standing/materials/textures/young_lightskinned_male_diffuse.png
-- Installing: /home/giorgio/Leader-Follower_UWB/Leader-Follower_Simulation/install/move_target/share/move_target/description/person_standing/materials/textures/male02_diffuse_black-unmodified.png
-- Installing: /home/giorgio/Leader-Follower_UWB/Leader-Follower_Simulation/install/move_target/share/move_target/description/person_standing/materials/textures/teeth.png
-- Installing: /home/giorgio/Leader-Follower_UWB/Leader-Follower_Simulation/install/move_target/share/move_target/description/person_standing/materials/textures/tshirt02_normals.png
-- Installing: /home/giorgio/Leader-Follower_UWB/Leader-Follower_Simulation/install/move_target/share/move_target/description/person_standing/materials/textures/green_eye.png
-- Installing: /home/giorgio/Leader-Follower_UWB/Leader-Follower_Simulation/install/move_target/share/move_target/description/person_standing/materials/textures/jeans_basic_diffuse.png
-- Installing: /home/giorgio/Leader-Follower_UWB/Leader-Follower_Simulation/install/move_target/share/move_target/description/person_standing/materials/textures/jeans01_normals.png
-- Installing: /home/giorgio/Leader-Follower_UWB/Leader-Follower_Simulation/install/move_target/share/move_target/description/person_standing/materials/textures/eyebrow001-unmodified.png
-- Installing: /home/giorgio/Leader-Follower_UWB/Leader-Follower_Simulation/install/move_target/share/move_target/description/person_standing/meshes
-- Installing: /home/giorgio/Leader-Follower_UWB/Leader-Follower_Simulation/install/move_target/share/move_target/description/person_standing/meshes/standing.dae
-- Installing: /home/giorgio/Leader-Follower_UWB/Leader-Follower_Simulation/install/move_target/share/ament_index/resource_index/package_run_dependencies/move_target
-- Installing: /home/giorgio/Leader-Follower_UWB/Leader-Follower_Simulation/install/move_target/share/ament_index/resource_index/parent_prefix_path/move_target
-- Installing: /home/giorgio/Leader-Follower_UWB/Leader-Follower_Simulation/install/move_target/share/move_target/environment/ament_prefix_path.sh
-- Installing: /home/giorgio/Leader-Follower_UWB/Leader-Follower_Simulation/install/move_target/share/move_target/environment/ament_prefix_path.dsv
-- Installing: /home/giorgio/Leader-Follower_UWB/Leader-Follower_Simulation/install/move_target/share/move_target/environment/path.sh
-- Installing: /home/giorgio/Leader-Follower_UWB/Leader-Follower_Simulation/install/move_target/share/move_target/environment/path.dsv
-- Installing: /home/giorgio/Leader-Follower_UWB/Leader-Follower_Simulation/install/move_target/share/move_target/local_setup.bash
-- Installing: /home/giorgio/Leader-Follower_UWB/Leader-Follower_Simulation/install/move_target/share/move_target/local_setup.sh
-- Installing: /home/giorgio/Leader-Follower_UWB/Leader-Follower_Simulation/install/move_target/share/move_target/local_setup.zsh
-- Installing: /home/giorgio/Leader-Follower_UWB/Leader-Follower_Simulation/install/move_target/share/move_target/local_setup.dsv
-- Installing: /home/giorgio/Leader-Follower_UWB/Leader-Follower_Simulation/install/move_target/share/move_target/package.dsv
-- Installing: /home/giorgio/Leader-Follower_UWB/Leader-Follower_Simulation/install/move_target/share/ament_index/resource_index/packages/move_target
-- Installing: /home/giorgio/Leader-Follower_UWB/Leader-Follower_Simulation/install/move_target/share/move_target/cmake/move_targetConfig.cmake
-- Installing: /home/giorgio/Leader-Follower_UWB/Leader-Follower_Simulation/install/move_target/share/move_target/cmake/move_targetConfig-version.cmake
-- Installing: /home/giorgio/Leader-Follower_UWB/Leader-Follower_Simulation/install/move_target/share/move_target/package.xml
