[0.010s] Invoking command in '/home/giorgio/Leader-Follower_UWB/Leader-Follower_Simulation/build/move_target': CMAKE_PREFIX_PATH=/opt/ros/humble /usr/bin/cmake /home/giorgio/Leader-Follower_UWB/Leader-Follower_Simulation/src/move_target -DCMAKE_INSTALL_PREFIX=/home/giorgio/Leader-Follower_UWB/Leader-Follower_Simulation/install/move_target
[0.074s] -- The C compiler identification is Clang 14.0.0
[0.206s] -- The CXX compiler identification is Clang 14.0.0
[0.215s] -- Detecting C compiler ABI info
[0.297s] -- Detecting C compiler ABI info - done
[0.303s] -- Check for working C compiler: /usr/bin/cc - skipped
[0.304s] -- Detecting C compile features
[0.304s] -- Detecting C compile features - done
[0.307s] -- Detecting CXX compiler ABI info
[0.447s] -- Detecting CXX compiler ABI info - done
[0.460s] -- Check for working CXX compiler: /usr/bin/c++ - skipped
[0.461s] -- Detecting CXX compile features
[0.461s] -- Detecting CXX compile features - done
[0.464s] -- Found ament_cmake: 1.3.8 (/opt/ros/humble/share/ament_cmake/cmake)
[0.634s] -- Found Python3: /usr/bin/python3 (found version "3.10.12") found components: Interpreter 
[0.763s] -- Found rclcpp: 16.0.8 (/opt/ros/humble/share/rclcpp/cmake)
[0.797s] -- Found rosidl_generator_c: 3.1.5 (/opt/ros/humble/share/rosidl_generator_c/cmake)
[0.802s] -- Found rosidl_adapter: 3.1.5 (/opt/ros/humble/share/rosidl_adapter/cmake)
[0.808s] -- Found rosidl_generator_cpp: 3.1.5 (/opt/ros/humble/share/rosidl_generator_cpp/cmake)
[0.821s] -- Using all available rosidl_typesupport_c: rosidl_typesupport_fastrtps_c;rosidl_typesupport_introspection_c
[0.838s] -- Using all available rosidl_typesupport_cpp: rosidl_typesupport_fastrtps_cpp;rosidl_typesupport_introspection_cpp
[0.903s] -- Found rmw_implementation_cmake: 6.1.1 (/opt/ros/humble/share/rmw_implementation_cmake/cmake)
[0.905s] -- Found rmw_fastrtps_cpp: 6.2.6 (/opt/ros/humble/share/rmw_fastrtps_cpp/cmake)
[0.990s] -- Found OpenSSL: /usr/lib/x86_64-linux-gnu/libcrypto.so (found version "3.0.2")  
[1.026s] -- Found FastRTPS: /opt/ros/humble/include  
[1.074s] -- Using RMW implementation 'rmw_fastrtps_cpp' as default
[1.089s] -- Looking for pthread.h
[1.169s] -- Looking for pthread.h - found
[1.170s] -- Performing Test CMAKE_HAVE_LIBC_PTHREAD
[1.249s] -- Performing Test CMAKE_HAVE_LIBC_PTHREAD - Success
[1.250s] -- Found Threads: TRUE  
[1.432s] -- Found trajectory_msgs: 4.2.3 (/opt/ros/humble/share/trajectory_msgs/cmake)
[1.579s] -- Found ament_lint_auto: 0.12.10 (/opt/ros/humble/share/ament_lint_auto/cmake)
[1.755s] -- Added test 'cppcheck' to perform static code analysis on C / C++ code
[1.755s] -- Configured cppcheck include dirs: 
[1.756s] -- Configured cppcheck exclude dirs and/or files: 
[1.756s] -- Added test 'lint_cmake' to check CMake code style
[1.758s] -- Added test 'uncrustify' to check C / C++ code style
[1.758s] -- Configured uncrustify additional arguments: 
[1.758s] -- Added test 'xmllint' to check XML markup files
[1.759s] -- Configuring done
[1.771s] -- Generating done
[1.772s] -- Build files have been written to: /home/giorgio/Leader-Follower_UWB/Leader-Follower_Simulation/build/move_target
[1.781s] Invoked command in '/home/giorgio/Leader-Follower_UWB/Leader-Follower_Simulation/build/move_target' returned '0': CMAKE_PREFIX_PATH=/opt/ros/humble /usr/bin/cmake /home/giorgio/Leader-Follower_UWB/Leader-Follower_Simulation/src/move_target -DCMAKE_INSTALL_PREFIX=/home/giorgio/Leader-Follower_UWB/Leader-Follower_Simulation/install/move_target
[1.782s] Invoking command in '/home/giorgio/Leader-Follower_UWB/Leader-Follower_Simulation/build/move_target': CMAKE_PREFIX_PATH=/opt/ros/humble /usr/bin/cmake --build /home/giorgio/Leader-Follower_UWB/Leader-Follower_Simulation/build/move_target -- -j8 -l8
[1.819s] [ 25%] [32mBuilding CXX object CMakeFiles/publisher.dir/src/publisher.cpp.o[0m
[1.819s] [ 50%] [32mBuilding CXX object CMakeFiles/publisher_good.dir/src/publisher_good.cpp.o[0m
[6.717s] [ 75%] [32m[1mLinking CXX executable publisher[0m
[6.910s] [ 75%] Built target publisher
[7.021s] [100%] [32m[1mLinking CXX executable publisher_good[0m
[7.194s] [100%] Built target publisher_good
[7.203s] Invoked command in '/home/giorgio/Leader-Follower_UWB/Leader-Follower_Simulation/build/move_target' returned '0': CMAKE_PREFIX_PATH=/opt/ros/humble /usr/bin/cmake --build /home/giorgio/Leader-Follower_UWB/Leader-Follower_Simulation/build/move_target -- -j8 -l8
[7.222s] Invoking command in '/home/giorgio/Leader-Follower_UWB/Leader-Follower_Simulation/build/move_target': CMAKE_PREFIX_PATH=/opt/ros/humble /usr/bin/cmake --install /home/giorgio/Leader-Follower_UWB/Leader-Follower_Simulation/build/move_target
[7.228s] -- Install configuration: ""
[7.228s] -- Installing: /home/giorgio/Leader-Follower_UWB/Leader-Follower_Simulation/install/move_target/lib/move_target/publisher
[7.229s] -- Set runtime path of "/home/giorgio/Leader-Follower_UWB/Leader-Follower_Simulation/install/move_target/lib/move_target/publisher" to ""
[7.229s] -- Installing: /home/giorgio/Leader-Follower_UWB/Leader-Follower_Simulation/install/move_target/lib/move_target/publisher_good
[7.230s] -- Set runtime path of "/home/giorgio/Leader-Follower_UWB/Leader-Follower_Simulation/install/move_target/lib/move_target/publisher_good" to ""
[7.230s] -- Installing: /home/giorgio/Leader-Follower_UWB/Leader-Follower_Simulation/install/move_target/share/move_target/description
[7.230s] -- Installing: /home/giorgio/Leader-Follower_UWB/Leader-Follower_Simulation/install/move_target/share/move_target/description/gazebo
[7.231s] -- Installing: /home/giorgio/Leader-Follower_UWB/Leader-Follower_Simulation/install/move_target/share/move_target/description/gazebo/exinclude.xacro
[7.231s] -- Installing: /home/giorgio/Leader-Follower_UWB/Leader-Follower_Simulation/install/move_target/share/move_target/description/gazebo/gazebo.urdf.xacro
[7.231s] -- Installing: /home/giorgio/Leader-Follower_UWB/Leader-Follower_Simulation/install/move_target/share/move_target/description/gazebo/exgazebo.xacro
[7.231s] -- Installing: /home/giorgio/Leader-Follower_UWB/Leader-Follower_Simulation/install/move_target/share/move_target/description/gazebo/materials
[7.231s] -- Installing: /home/giorgio/Leader-Follower_UWB/Leader-Follower_Simulation/install/move_target/share/move_target/description/gazebo/materials/textures
[7.231s] -- Installing: /home/giorgio/Leader-Follower_UWB/Leader-Follower_Simulation/install/move_target/share/move_target/description/gazebo/materials/textures/gazebo_diffuse.jpg
[7.231s] -- Installing: /home/giorgio/Leader-Follower_UWB/Leader-Follower_Simulation/install/move_target/share/move_target/description/gazebo/materials/textures/gazebo_spec.jpg
[7.232s] -- Installing: /home/giorgio/Leader-Follower_UWB/Leader-Follower_Simulation/install/move_target/share/move_target/description/gazebo/meshes
[7.232s] -- Installing: /home/giorgio/Leader-Follower_UWB/Leader-Follower_Simulation/install/move_target/share/move_target/description/gazebo/meshes/gazebo.dae
[7.232s] -- Installing: /home/giorgio/Leader-Follower_UWB/Leader-Follower_Simulation/install/move_target/share/move_target/description/prism
[7.232s] -- Installing: /home/giorgio/Leader-Follower_UWB/Leader-Follower_Simulation/install/move_target/share/move_target/description/prism/exinclude.xacro
[7.232s] -- Installing: /home/giorgio/Leader-Follower_UWB/Leader-Follower_Simulation/install/move_target/share/move_target/description/prism/exgazebo.xacro
[7.233s] -- Installing: /home/giorgio/Leader-Follower_UWB/Leader-Follower_Simulation/install/move_target/share/move_target/description/prism/prism.urdf.xacro
[7.233s] -- Installing: /home/giorgio/Leader-Follower_UWB/Leader-Follower_Simulation/install/move_target/share/move_target/description/person_standing
[7.233s] -- Installing: /home/giorgio/Leader-Follower_UWB/Leader-Follower_Simulation/install/move_target/share/move_target/description/person_standing/exgazebo.xacro
[7.233s] -- Installing: /home/giorgio/Leader-Follower_UWB/Leader-Follower_Simulation/install/move_target/share/move_target/description/person_standing/person_standing.urdf.xacro
[7.233s] -- Installing: /home/giorgio/Leader-Follower_UWB/Leader-Follower_Simulation/install/move_target/share/move_target/description/person_standing/materials
[7.233s] -- Installing: /home/giorgio/Leader-Follower_UWB/Leader-Follower_Simulation/install/move_target/share/move_target/description/person_standing/materials/textures
[7.233s] -- Installing: /home/giorgio/Leader-Follower_UWB/Leader-Follower_Simulation/install/move_target/share/move_target/description/person_standing/materials/textures/tshirt02_texture.png
[7.234s] -- Installing: /home/giorgio/Leader-Follower_UWB/Leader-Follower_Simulation/install/move_target/share/move_target/description/person_standing/materials/textures/male02_diffuse_black.png
[7.237s] -- Installing: /home/giorgio/Leader-Follower_UWB/Leader-Follower_Simulation/install/move_target/share/move_target/description/person_standing/materials/textures/eyebrow001.png
[7.237s] -- Installing: /home/giorgio/Leader-Follower_UWB/Leader-Follower_Simulation/install/move_target/share/move_target/description/person_standing/materials/textures/young_lightskinned_male_diffuse.png
[7.240s] -- Installing: /home/giorgio/Leader-Follower_UWB/Leader-Follower_Simulation/install/move_target/share/move_target/description/person_standing/materials/textures/male02_diffuse_black-unmodified.png
[7.243s] -- Installing: /home/giorgio/Leader-Follower_UWB/Leader-Follower_Simulation/install/move_target/share/move_target/description/person_standing/materials/textures/teeth.png
[7.244s] -- Installing: /home/giorgio/Leader-Follower_UWB/Leader-Follower_Simulation/install/move_target/share/move_target/description/person_standing/materials/textures/tshirt02_normals.png
[7.244s] -- Installing: /home/giorgio/Leader-Follower_UWB/Leader-Follower_Simulation/install/move_target/share/move_target/description/person_standing/materials/textures/green_eye.png
[7.245s] -- Installing: /home/giorgio/Leader-Follower_UWB/Leader-Follower_Simulation/install/move_target/share/move_target/description/person_standing/materials/textures/jeans_basic_diffuse.png
[7.249s] -- Installing: /home/giorgio/Leader-Follower_UWB/Leader-Follower_Simulation/install/move_target/share/move_target/description/person_standing/materials/textures/jeans01_normals.png
[7.252s] -- Installing: /home/giorgio/Leader-Follower_UWB/Leader-Follower_Simulation/install/move_target/share/move_target/description/person_standing/materials/textures/eyebrow001-unmodified.png
[7.252s] -- Installing: /home/giorgio/Leader-Follower_UWB/Leader-Follower_Simulation/install/move_target/share/move_target/description/person_standing/meshes
[7.252s] -- Installing: /home/giorgio/Leader-Follower_UWB/Leader-Follower_Simulation/install/move_target/share/move_target/description/person_standing/meshes/standing.dae
[7.255s] -- Installing: /home/giorgio/Leader-Follower_UWB/Leader-Follower_Simulation/install/move_target/share/ament_index/resource_index/package_run_dependencies/move_target
[7.256s] -- Installing: /home/giorgio/Leader-Follower_UWB/Leader-Follower_Simulation/install/move_target/share/ament_index/resource_index/parent_prefix_path/move_target
[7.256s] -- Installing: /home/giorgio/Leader-Follower_UWB/Leader-Follower_Simulation/install/move_target/share/move_target/environment/ament_prefix_path.sh
[7.256s] -- Installing: /home/giorgio/Leader-Follower_UWB/Leader-Follower_Simulation/install/move_target/share/move_target/environment/ament_prefix_path.dsv
[7.256s] -- Installing: /home/giorgio/Leader-Follower_UWB/Leader-Follower_Simulation/install/move_target/share/move_target/environment/path.sh
[7.256s] -- Installing: /home/giorgio/Leader-Follower_UWB/Leader-Follower_Simulation/install/move_target/share/move_target/environment/path.dsv
[7.257s] -- Installing: /home/giorgio/Leader-Follower_UWB/Leader-Follower_Simulation/install/move_target/share/move_target/local_setup.bash
[7.257s] -- Installing: /home/giorgio/Leader-Follower_UWB/Leader-Follower_Simulation/install/move_target/share/move_target/local_setup.sh
[7.257s] -- Installing: /home/giorgio/Leader-Follower_UWB/Leader-Follower_Simulation/install/move_target/share/move_target/local_setup.zsh
[7.257s] -- Installing: /home/giorgio/Leader-Follower_UWB/Leader-Follower_Simulation/install/move_target/share/move_target/local_setup.dsv
[7.257s] -- Installing: /home/giorgio/Leader-Follower_UWB/Leader-Follower_Simulation/install/move_target/share/move_target/package.dsv
[7.257s] -- Installing: /home/giorgio/Leader-Follower_UWB/Leader-Follower_Simulation/install/move_target/share/ament_index/resource_index/packages/move_target
[7.257s] -- Installing: /home/giorgio/Leader-Follower_UWB/Leader-Follower_Simulation/install/move_target/share/move_target/cmake/move_targetConfig.cmake
[7.257s] -- Installing: /home/giorgio/Leader-Follower_UWB/Leader-Follower_Simulation/install/move_target/share/move_target/cmake/move_targetConfig-version.cmake
[7.257s] -- Installing: /home/giorgio/Leader-Follower_UWB/Leader-Follower_Simulation/install/move_target/share/move_target/package.xml
[7.259s] Invoked command in '/home/giorgio/Leader-Follower_UWB/Leader-Follower_Simulation/build/move_target' returned '0': CMAKE_PREFIX_PATH=/opt/ros/humble /usr/bin/cmake --install /home/giorgio/Leader-Follower_UWB/Leader-Follower_Simulation/build/move_target
