-- The C compiler identification is Clang 14.0.0
-- The CXX compiler identification is Clang 14.0.0
-- Detecting C compiler ABI info
-- Detecting C compiler ABI info - done
-- Check for working C compiler: /usr/bin/cc - skipped
-- Detecting C compile features
-- Detecting C compile features - done
-- Detecting CXX compiler ABI info
-- Detecting CXX compiler ABI info - done
-- Check for working CXX compiler: /usr/bin/c++ - skipped
-- Detecting CXX compile features
-- Detecting CXX compile features - done
-- Found ament_cmake: 1.3.8 (/opt/ros/humble/share/ament_cmake/cmake)
-- Found Python3: /usr/bin/python3 (found version "3.10.12") found components: Interpreter 
-- Found rosidl_default_generators: 1.2.0 (/opt/ros/humble/share/rosidl_default_generators/cmake)
-- Using all available rosidl_typesupport_c: rosidl_typesupport_fastrtps_c;rosidl_typesupport_introspection_c
-- Found rosidl_adapter: 3.1.5 (/opt/ros/humble/share/rosidl_adapter/cmake)
-- Using all available rosidl_typesupport_cpp: rosidl_typesupport_fastrtps_cpp;rosidl_typesupport_introspection_cpp
-- Found ament_cmake_ros: 0.10.0 (/opt/ros/humble/share/ament_cmake_ros/cmake)
-- Using all available rosidl_typesupport_c: rosidl_typesupport_fastrtps_c;rosidl_typesupport_introspection_c
-- Using all available rosidl_typesupport_cpp: rosidl_typesupport_fastrtps_cpp;rosidl_typesupport_introspection_cpp
-- Found PythonInterp: /usr/bin/python3 (found suitable version "3.10.12", minimum required is "3.6") 
-- Found python_cmake_module: 0.10.0 (/opt/ros/humble/share/python_cmake_module/cmake)
-- Found PythonLibs: /usr/lib/x86_64-linux-gnu/libpython3.10.so (found suitable version "3.10.12", minimum required is "3.5") 
-- Using PYTHON_EXECUTABLE: /usr/bin/python3
-- Using PYTHON_INCLUDE_DIRS: /usr/include/python3.10
-- Using PYTHON_LIBRARIES: /usr/lib/x86_64-linux-gnu/libpython3.10.so
-- Found PythonExtra: .so  
-- Configuring done
-- Generating done
-- Build files have been written to: /home/giorgio/Leader-Follower_UWB/Leader-Follower_Simulation/build/mymsg_msgs
[  3%] [34m[1mGenerating C code for ROS interfaces[0m
[  6%] [34m[1mGenerating C++ code for ROS interfaces[0m
[  6%] Built target ament_cmake_python_copy_mymsg_msgs
[  6%] Built target mymsg_msgs__cpp
[  9%] [34m[1mGenerating C++ introspection for ROS interfaces[0m
[ 12%] [34m[1mGenerating C++ type support dispatch for ROS interfaces[0m
[ 16%] [34m[1mGenerating C++ type support for eProsima Fast-RTPS[0m
[ 19%] [32mBuilding C object CMakeFiles/mymsg_msgs__rosidl_generator_c.dir/rosidl_generator_c/mymsg_msgs/msg/detail/uwb__functions.c.o[0m
running egg_info
creating mymsg_msgs.egg-info
writing mymsg_msgs.egg-info/PKG-INFO
writing dependency_links to mymsg_msgs.egg-info/dependency_links.txt
writing top-level names to mymsg_msgs.egg-info/top_level.txt
writing manifest file 'mymsg_msgs.egg-info/SOURCES.txt'
reading manifest file 'mymsg_msgs.egg-info/SOURCES.txt'
writing manifest file 'mymsg_msgs.egg-info/SOURCES.txt'
[ 22%] [32m[1mLinking C shared library libmymsg_msgs__rosidl_generator_c.so[0m
[ 22%] Built target ament_cmake_python_build_mymsg_msgs_egg
[ 22%] Built target mymsg_msgs__rosidl_generator_c
[ 29%] [34m[1mGenerating C type support dispatch for ROS interfaces[0m
[ 29%] [34m[1mGenerating C type support for eProsima Fast-RTPS[0m
[ 32%] [34m[1mGenerating C introspection for ROS interfaces[0m
[ 35%] [32mBuilding CXX object CMakeFiles/mymsg_msgs__rosidl_typesupport_introspection_cpp.dir/rosidl_typesupport_introspection_cpp/mymsg_msgs/msg/detail/uwb__type_support.cpp.o[0m
[ 38%] [32mBuilding CXX object CMakeFiles/mymsg_msgs__rosidl_typesupport_cpp.dir/rosidl_typesupport_cpp/mymsg_msgs/msg/uwb__type_support.cpp.o[0m
[ 41%] [32mBuilding CXX object CMakeFiles/mymsg_msgs__rosidl_typesupport_fastrtps_cpp.dir/rosidl_typesupport_fastrtps_cpp/mymsg_msgs/msg/detail/dds_fastrtps/uwb__type_support.cpp.o[0m
[ 45%] [32mBuilding CXX object CMakeFiles/mymsg_msgs__rosidl_typesupport_c.dir/rosidl_typesupport_c/mymsg_msgs/msg/uwb__type_support.cpp.o[0m
[ 48%] [32mBuilding CXX object CMakeFiles/mymsg_msgs__rosidl_typesupport_fastrtps_c.dir/rosidl_typesupport_fastrtps_c/mymsg_msgs/msg/detail/uwb__type_support_c.cpp.o[0m
[ 51%] [32m[1mLinking CXX shared library libmymsg_msgs__rosidl_typesupport_c.so[0m
[ 54%] [32mBuilding C object CMakeFiles/mymsg_msgs__rosidl_typesupport_introspection_c.dir/rosidl_typesupport_introspection_c/mymsg_msgs/msg/detail/uwb__type_support.c.o[0m
[ 58%] [32m[1mLinking CXX shared library libmymsg_msgs__rosidl_typesupport_cpp.so[0m
[ 61%] [32m[1mLinking C shared library libmymsg_msgs__rosidl_typesupport_introspection_c.so[0m
[ 64%] [32m[1mLinking CXX shared library libmymsg_msgs__rosidl_typesupport_introspection_cpp.so[0m
[ 64%] Built target mymsg_msgs__rosidl_typesupport_c
[ 64%] Built target mymsg_msgs__rosidl_typesupport_introspection_c
[ 64%] Built target mymsg_msgs__rosidl_typesupport_cpp
[ 64%] Built target mymsg_msgs__rosidl_typesupport_introspection_cpp
[ 67%] [32m[1mLinking CXX shared library libmymsg_msgs__rosidl_typesupport_fastrtps_cpp.so[0m
[ 70%] [32m[1mLinking CXX shared library libmymsg_msgs__rosidl_typesupport_fastrtps_c.so[0m
[ 70%] Built target mymsg_msgs__rosidl_typesupport_fastrtps_cpp
[ 70%] Built target mymsg_msgs__rosidl_typesupport_fastrtps_c
[ 70%] Built target mymsg_msgs
[ 74%] [34m[1mGenerating Python code for ROS interfaces[0m
[ 74%] Built target mymsg_msgs__py
[ 77%] [32mBuilding C object CMakeFiles/mymsg_msgs__rosidl_generator_py.dir/rosidl_generator_py/mymsg_msgs/msg/_uwb_s.c.o[0m
[ 80%] [32m[1mLinking C shared library rosidl_generator_py/mymsg_msgs/libmymsg_msgs__rosidl_generator_py.so[0m
[ 80%] Built target mymsg_msgs__rosidl_generator_py
[ 83%] [32mBuilding C object CMakeFiles/mymsg_msgs__rosidl_typesupport_introspection_c__pyext.dir/rosidl_generator_py/mymsg_msgs/_mymsg_msgs_s.ep.rosidl_typesupport_introspection_c.c.o[0m
[ 90%] [32mBuilding C object CMakeFiles/mymsg_msgs__rosidl_typesupport_c__pyext.dir/rosidl_generator_py/mymsg_msgs/_mymsg_msgs_s.ep.rosidl_typesupport_c.c.o[0m
[ 90%] [32mBuilding C object CMakeFiles/mymsg_msgs__rosidl_typesupport_fastrtps_c__pyext.dir/rosidl_generator_py/mymsg_msgs/_mymsg_msgs_s.ep.rosidl_typesupport_fastrtps_c.c.o[0m
[ 93%] [32m[1mLinking C shared library rosidl_generator_py/mymsg_msgs/mymsg_msgs_s__rosidl_typesupport_fastrtps_c.cpython-310-x86_64-linux-gnu.so[0m
[ 96%] [32m[1mLinking C shared library rosidl_generator_py/mymsg_msgs/mymsg_msgs_s__rosidl_typesupport_introspection_c.cpython-310-x86_64-linux-gnu.so[0m
[100%] [32m[1mLinking C shared library rosidl_generator_py/mymsg_msgs/mymsg_msgs_s__rosidl_typesupport_c.cpython-310-x86_64-linux-gnu.so[0m
[100%] Built target mymsg_msgs__rosidl_typesupport_introspection_c__pyext
[100%] Built target mymsg_msgs__rosidl_typesupport_fastrtps_c__pyext
[100%] Built target mymsg_msgs__rosidl_typesupport_c__pyext
-- Install configuration: ""
-- Installing: /home/giorgio/Leader-Follower_UWB/Leader-Follower_Simulation/install/mymsg_msgs/share/ament_index/resource_index/rosidl_interfaces/mymsg_msgs
-- Installing: /home/giorgio/Leader-Follower_UWB/Leader-Follower_Simulation/install/mymsg_msgs/include/mymsg_msgs/mymsg_msgs
-- Installing: /home/giorgio/Leader-Follower_UWB/Leader-Follower_Simulation/install/mymsg_msgs/include/mymsg_msgs/mymsg_msgs/msg
-- Installing: /home/giorgio/Leader-Follower_UWB/Leader-Follower_Simulation/install/mymsg_msgs/include/mymsg_msgs/mymsg_msgs/msg/uwb.h
-- Installing: /home/giorgio/Leader-Follower_UWB/Leader-Follower_Simulation/install/mymsg_msgs/include/mymsg_msgs/mymsg_msgs/msg/detail
-- Installing: /home/giorgio/Leader-Follower_UWB/Leader-Follower_Simulation/install/mymsg_msgs/include/mymsg_msgs/mymsg_msgs/msg/detail/uwb__functions.h
-- Installing: /home/giorgio/Leader-Follower_UWB/Leader-Follower_Simulation/install/mymsg_msgs/include/mymsg_msgs/mymsg_msgs/msg/detail/uwb__type_support.h
-- Installing: /home/giorgio/Leader-Follower_UWB/Leader-Follower_Simulation/install/mymsg_msgs/include/mymsg_msgs/mymsg_msgs/msg/detail/uwb__struct.h
-- Installing: /home/giorgio/Leader-Follower_UWB/Leader-Follower_Simulation/install/mymsg_msgs/include/mymsg_msgs/mymsg_msgs/msg/detail/uwb__functions.c
-- Installing: /home/giorgio/Leader-Follower_UWB/Leader-Follower_Simulation/install/mymsg_msgs/include/mymsg_msgs/mymsg_msgs/msg/rosidl_generator_c__visibility_control.h
-- Installing: /home/giorgio/Leader-Follower_UWB/Leader-Follower_Simulation/install/mymsg_msgs/share/mymsg_msgs/environment/library_path.sh
-- Installing: /home/giorgio/Leader-Follower_UWB/Leader-Follower_Simulation/install/mymsg_msgs/share/mymsg_msgs/environment/library_path.dsv
-- Installing: /home/giorgio/Leader-Follower_UWB/Leader-Follower_Simulation/install/mymsg_msgs/lib/libmymsg_msgs__rosidl_generator_c.so
-- Set runtime path of "/home/giorgio/Leader-Follower_UWB/Leader-Follower_Simulation/install/mymsg_msgs/lib/libmymsg_msgs__rosidl_generator_c.so" to ""
-- Up-to-date: /home/giorgio/Leader-Follower_UWB/Leader-Follower_Simulation/install/mymsg_msgs/include/mymsg_msgs/mymsg_msgs
-- Up-to-date: /home/giorgio/Leader-Follower_UWB/Leader-Follower_Simulation/install/mymsg_msgs/include/mymsg_msgs/mymsg_msgs/msg
-- Up-to-date: /home/giorgio/Leader-Follower_UWB/Leader-Follower_Simulation/install/mymsg_msgs/include/mymsg_msgs/mymsg_msgs/msg/detail
-- Installing: /home/giorgio/Leader-Follower_UWB/Leader-Follower_Simulation/install/mymsg_msgs/include/mymsg_msgs/mymsg_msgs/msg/detail/uwb__rosidl_typesupport_fastrtps_c.h
-- Installing: /home/giorgio/Leader-Follower_UWB/Leader-Follower_Simulation/install/mymsg_msgs/include/mymsg_msgs/mymsg_msgs/msg/rosidl_typesupport_fastrtps_c__visibility_control.h
-- Installing: /home/giorgio/Leader-Follower_UWB/Leader-Follower_Simulation/install/mymsg_msgs/lib/libmymsg_msgs__rosidl_typesupport_fastrtps_c.so
-- Set runtime path of "/home/giorgio/Leader-Follower_UWB/Leader-Follower_Simulation/install/mymsg_msgs/lib/libmymsg_msgs__rosidl_typesupport_fastrtps_c.so" to ""
-- Up-to-date: /home/giorgio/Leader-Follower_UWB/Leader-Follower_Simulation/install/mymsg_msgs/include/mymsg_msgs/mymsg_msgs
-- Up-to-date: /home/giorgio/Leader-Follower_UWB/Leader-Follower_Simulation/install/mymsg_msgs/include/mymsg_msgs/mymsg_msgs/msg
-- Up-to-date: /home/giorgio/Leader-Follower_UWB/Leader-Follower_Simulation/install/mymsg_msgs/include/mymsg_msgs/mymsg_msgs/msg/detail
-- Installing: /home/giorgio/Leader-Follower_UWB/Leader-Follower_Simulation/install/mymsg_msgs/include/mymsg_msgs/mymsg_msgs/msg/detail/uwb__rosidl_typesupport_introspection_c.h
-- Installing: /home/giorgio/Leader-Follower_UWB/Leader-Follower_Simulation/install/mymsg_msgs/include/mymsg_msgs/mymsg_msgs/msg/detail/uwb__type_support.c
-- Installing: /home/giorgio/Leader-Follower_UWB/Leader-Follower_Simulation/install/mymsg_msgs/include/mymsg_msgs/mymsg_msgs/msg/rosidl_typesupport_introspection_c__visibility_control.h
-- Installing: /home/giorgio/Leader-Follower_UWB/Leader-Follower_Simulation/install/mymsg_msgs/lib/libmymsg_msgs__rosidl_typesupport_introspection_c.so
-- Set runtime path of "/home/giorgio/Leader-Follower_UWB/Leader-Follower_Simulation/install/mymsg_msgs/lib/libmymsg_msgs__rosidl_typesupport_introspection_c.so" to ""
-- Installing: /home/giorgio/Leader-Follower_UWB/Leader-Follower_Simulation/install/mymsg_msgs/lib/libmymsg_msgs__rosidl_typesupport_c.so
-- Set runtime path of "/home/giorgio/Leader-Follower_UWB/Leader-Follower_Simulation/install/mymsg_msgs/lib/libmymsg_msgs__rosidl_typesupport_c.so" to ""
-- Up-to-date: /home/giorgio/Leader-Follower_UWB/Leader-Follower_Simulation/install/mymsg_msgs/include/mymsg_msgs/mymsg_msgs
-- Up-to-date: /home/giorgio/Leader-Follower_UWB/Leader-Follower_Simulation/install/mymsg_msgs/include/mymsg_msgs/mymsg_msgs/msg
-- Up-to-date: /home/giorgio/Leader-Follower_UWB/Leader-Follower_Simulation/install/mymsg_msgs/include/mymsg_msgs/mymsg_msgs/msg/detail
-- Installing: /home/giorgio/Leader-Follower_UWB/Leader-Follower_Simulation/install/mymsg_msgs/include/mymsg_msgs/mymsg_msgs/msg/detail/uwb__builder.hpp
-- Installing: /home/giorgio/Leader-Follower_UWB/Leader-Follower_Simulation/install/mymsg_msgs/include/mymsg_msgs/mymsg_msgs/msg/detail/uwb__struct.hpp
-- Installing: /home/giorgio/Leader-Follower_UWB/Leader-Follower_Simulation/install/mymsg_msgs/include/mymsg_msgs/mymsg_msgs/msg/detail/uwb__traits.hpp
-- Installing: /home/giorgio/Leader-Follower_UWB/Leader-Follower_Simulation/install/mymsg_msgs/include/mymsg_msgs/mymsg_msgs/msg/uwb.hpp
-- Up-to-date: /home/giorgio/Leader-Follower_UWB/Leader-Follower_Simulation/install/mymsg_msgs/include/mymsg_msgs/mymsg_msgs
-- Up-to-date: /home/giorgio/Leader-Follower_UWB/Leader-Follower_Simulation/install/mymsg_msgs/include/mymsg_msgs/mymsg_msgs/msg
-- Up-to-date: /home/giorgio/Leader-Follower_UWB/Leader-Follower_Simulation/install/mymsg_msgs/include/mymsg_msgs/mymsg_msgs/msg/detail
-- Installing: /home/giorgio/Leader-Follower_UWB/Leader-Follower_Simulation/install/mymsg_msgs/include/mymsg_msgs/mymsg_msgs/msg/detail/dds_fastrtps
-- Installing: /home/giorgio/Leader-Follower_UWB/Leader-Follower_Simulation/install/mymsg_msgs/include/mymsg_msgs/mymsg_msgs/msg/detail/uwb__rosidl_typesupport_fastrtps_cpp.hpp
-- Installing: /home/giorgio/Leader-Follower_UWB/Leader-Follower_Simulation/install/mymsg_msgs/include/mymsg_msgs/mymsg_msgs/msg/rosidl_typesupport_fastrtps_cpp__visibility_control.h
-- Installing: /home/giorgio/Leader-Follower_UWB/Leader-Follower_Simulation/install/mymsg_msgs/lib/libmymsg_msgs__rosidl_typesupport_fastrtps_cpp.so
-- Set runtime path of "/home/giorgio/Leader-Follower_UWB/Leader-Follower_Simulation/install/mymsg_msgs/lib/libmymsg_msgs__rosidl_typesupport_fastrtps_cpp.so" to ""
-- Up-to-date: /home/giorgio/Leader-Follower_UWB/Leader-Follower_Simulation/install/mymsg_msgs/include/mymsg_msgs/mymsg_msgs
-- Up-to-date: /home/giorgio/Leader-Follower_UWB/Leader-Follower_Simulation/install/mymsg_msgs/include/mymsg_msgs/mymsg_msgs/msg
-- Up-to-date: /home/giorgio/Leader-Follower_UWB/Leader-Follower_Simulation/install/mymsg_msgs/include/mymsg_msgs/mymsg_msgs/msg/detail
-- Installing: /home/giorgio/Leader-Follower_UWB/Leader-Follower_Simulation/install/mymsg_msgs/include/mymsg_msgs/mymsg_msgs/msg/detail/uwb__rosidl_typesupport_introspection_cpp.hpp
-- Installing: /home/giorgio/Leader-Follower_UWB/Leader-Follower_Simulation/install/mymsg_msgs/include/mymsg_msgs/mymsg_msgs/msg/detail/uwb__type_support.cpp
-- Installing: /home/giorgio/Leader-Follower_UWB/Leader-Follower_Simulation/install/mymsg_msgs/lib/libmymsg_msgs__rosidl_typesupport_introspection_cpp.so
-- Set runtime path of "/home/giorgio/Leader-Follower_UWB/Leader-Follower_Simulation/install/mymsg_msgs/lib/libmymsg_msgs__rosidl_typesupport_introspection_cpp.so" to ""
-- Installing: /home/giorgio/Leader-Follower_UWB/Leader-Follower_Simulation/install/mymsg_msgs/lib/libmymsg_msgs__rosidl_typesupport_cpp.so
-- Set runtime path of "/home/giorgio/Leader-Follower_UWB/Leader-Follower_Simulation/install/mymsg_msgs/lib/libmymsg_msgs__rosidl_typesupport_cpp.so" to ""
-- Installing: /home/giorgio/Leader-Follower_UWB/Leader-Follower_Simulation/install/mymsg_msgs/share/mymsg_msgs/environment/pythonpath.sh
-- Installing: /home/giorgio/Leader-Follower_UWB/Leader-Follower_Simulation/install/mymsg_msgs/share/mymsg_msgs/environment/pythonpath.dsv
-- Installing: /home/giorgio/Leader-Follower_UWB/Leader-Follower_Simulation/install/mymsg_msgs/local/lib/python3.10/dist-packages/mymsg_msgs-0.0.0-py3.10.egg-info
-- Installing: /home/giorgio/Leader-Follower_UWB/Leader-Follower_Simulation/install/mymsg_msgs/local/lib/python3.10/dist-packages/mymsg_msgs-0.0.0-py3.10.egg-info/dependency_links.txt
-- Installing: /home/giorgio/Leader-Follower_UWB/Leader-Follower_Simulation/install/mymsg_msgs/local/lib/python3.10/dist-packages/mymsg_msgs-0.0.0-py3.10.egg-info/SOURCES.txt
-- Installing: /home/giorgio/Leader-Follower_UWB/Leader-Follower_Simulation/install/mymsg_msgs/local/lib/python3.10/dist-packages/mymsg_msgs-0.0.0-py3.10.egg-info/PKG-INFO
-- Installing: /home/giorgio/Leader-Follower_UWB/Leader-Follower_Simulation/install/mymsg_msgs/local/lib/python3.10/dist-packages/mymsg_msgs-0.0.0-py3.10.egg-info/top_level.txt
-- Installing: /home/giorgio/Leader-Follower_UWB/Leader-Follower_Simulation/install/mymsg_msgs/local/lib/python3.10/dist-packages/mymsg_msgs
-- Installing: /home/giorgio/Leader-Follower_UWB/Leader-Follower_Simulation/install/mymsg_msgs/local/lib/python3.10/dist-packages/mymsg_msgs/_mymsg_msgs_s.ep.rosidl_typesupport_c.c
-- Installing: /home/giorgio/Leader-Follower_UWB/Leader-Follower_Simulation/install/mymsg_msgs/local/lib/python3.10/dist-packages/mymsg_msgs/__init__.py
-- Installing: /home/giorgio/Leader-Follower_UWB/Leader-Follower_Simulation/install/mymsg_msgs/local/lib/python3.10/dist-packages/mymsg_msgs/mymsg_msgs_s__rosidl_typesupport_introspection_c.cpython-310-x86_64-linux-gnu.so
-- Installing: /home/giorgio/Leader-Follower_UWB/Leader-Follower_Simulation/install/mymsg_msgs/local/lib/python3.10/dist-packages/mymsg_msgs/mymsg_msgs_s__rosidl_typesupport_c.cpython-310-x86_64-linux-gnu.so
-- Installing: /home/giorgio/Leader-Follower_UWB/Leader-Follower_Simulation/install/mymsg_msgs/local/lib/python3.10/dist-packages/mymsg_msgs/_mymsg_msgs_s.ep.rosidl_typesupport_introspection_c.c
-- Installing: /home/giorgio/Leader-Follower_UWB/Leader-Follower_Simulation/install/mymsg_msgs/local/lib/python3.10/dist-packages/mymsg_msgs/mymsg_msgs_s__rosidl_typesupport_fastrtps_c.cpython-310-x86_64-linux-gnu.so
-- Installing: /home/giorgio/Leader-Follower_UWB/Leader-Follower_Simulation/install/mymsg_msgs/local/lib/python3.10/dist-packages/mymsg_msgs/libmymsg_msgs__rosidl_generator_py.so
-- Installing: /home/giorgio/Leader-Follower_UWB/Leader-Follower_Simulation/install/mymsg_msgs/local/lib/python3.10/dist-packages/mymsg_msgs/msg
-- Installing: /home/giorgio/Leader-Follower_UWB/Leader-Follower_Simulation/install/mymsg_msgs/local/lib/python3.10/dist-packages/mymsg_msgs/msg/__init__.py
-- Installing: /home/giorgio/Leader-Follower_UWB/Leader-Follower_Simulation/install/mymsg_msgs/local/lib/python3.10/dist-packages/mymsg_msgs/msg/_uwb.py
-- Installing: /home/giorgio/Leader-Follower_UWB/Leader-Follower_Simulation/install/mymsg_msgs/local/lib/python3.10/dist-packages/mymsg_msgs/msg/_uwb_s.c
-- Installing: /home/giorgio/Leader-Follower_UWB/Leader-Follower_Simulation/install/mymsg_msgs/local/lib/python3.10/dist-packages/mymsg_msgs/_mymsg_msgs_s.ep.rosidl_typesupport_fastrtps_c.c
Listing '/home/giorgio/Leader-Follower_UWB/Leader-Follower_Simulation/install/mymsg_msgs/local/lib/python3.10/dist-packages/mymsg_msgs'...
Compiling '/home/giorgio/Leader-Follower_UWB/Leader-Follower_Simulation/install/mymsg_msgs/local/lib/python3.10/dist-packages/mymsg_msgs/__init__.py'...
Listing '/home/giorgio/Leader-Follower_UWB/Leader-Follower_Simulation/install/mymsg_msgs/local/lib/python3.10/dist-packages/mymsg_msgs/msg'...
Compiling '/home/giorgio/Leader-Follower_UWB/Leader-Follower_Simulation/install/mymsg_msgs/local/lib/python3.10/dist-packages/mymsg_msgs/msg/__init__.py'...
Compiling '/home/giorgio/Leader-Follower_UWB/Leader-Follower_Simulation/install/mymsg_msgs/local/lib/python3.10/dist-packages/mymsg_msgs/msg/_uwb.py'...
-- Installing: /home/giorgio/Leader-Follower_UWB/Leader-Follower_Simulation/install/mymsg_msgs/local/lib/python3.10/dist-packages/mymsg_msgs/mymsg_msgs_s__rosidl_typesupport_fastrtps_c.cpython-310-x86_64-linux-gnu.so
-- Set runtime path of "/home/giorgio/Leader-Follower_UWB/Leader-Follower_Simulation/install/mymsg_msgs/local/lib/python3.10/dist-packages/mymsg_msgs/mymsg_msgs_s__rosidl_typesupport_fastrtps_c.cpython-310-x86_64-linux-gnu.so" to ""
-- Installing: /home/giorgio/Leader-Follower_UWB/Leader-Follower_Simulation/install/mymsg_msgs/local/lib/python3.10/dist-packages/mymsg_msgs/mymsg_msgs_s__rosidl_typesupport_introspection_c.cpython-310-x86_64-linux-gnu.so
-- Set runtime path of "/home/giorgio/Leader-Follower_UWB/Leader-Follower_Simulation/install/mymsg_msgs/local/lib/python3.10/dist-packages/mymsg_msgs/mymsg_msgs_s__rosidl_typesupport_introspection_c.cpython-310-x86_64-linux-gnu.so" to ""
-- Installing: /home/giorgio/Leader-Follower_UWB/Leader-Follower_Simulation/install/mymsg_msgs/local/lib/python3.10/dist-packages/mymsg_msgs/mymsg_msgs_s__rosidl_typesupport_c.cpython-310-x86_64-linux-gnu.so
-- Set runtime path of "/home/giorgio/Leader-Follower_UWB/Leader-Follower_Simulation/install/mymsg_msgs/local/lib/python3.10/dist-packages/mymsg_msgs/mymsg_msgs_s__rosidl_typesupport_c.cpython-310-x86_64-linux-gnu.so" to ""
-- Installing: /home/giorgio/Leader-Follower_UWB/Leader-Follower_Simulation/install/mymsg_msgs/lib/libmymsg_msgs__rosidl_generator_py.so
-- Set runtime path of "/home/giorgio/Leader-Follower_UWB/Leader-Follower_Simulation/install/mymsg_msgs/lib/libmymsg_msgs__rosidl_generator_py.so" to ""
-- Installing: /home/giorgio/Leader-Follower_UWB/Leader-Follower_Simulation/install/mymsg_msgs/share/mymsg_msgs/msg/Uwb.idl
-- Installing: /home/giorgio/Leader-Follower_UWB/Leader-Follower_Simulation/install/mymsg_msgs/share/mymsg_msgs/msg/Uwb.msg
-- Installing: /home/giorgio/Leader-Follower_UWB/Leader-Follower_Simulation/install/mymsg_msgs/share/ament_index/resource_index/package_run_dependencies/mymsg_msgs
-- Installing: /home/giorgio/Leader-Follower_UWB/Leader-Follower_Simulation/install/mymsg_msgs/share/ament_index/resource_index/parent_prefix_path/mymsg_msgs
-- Installing: /home/giorgio/Leader-Follower_UWB/Leader-Follower_Simulation/install/mymsg_msgs/share/mymsg_msgs/environment/ament_prefix_path.sh
-- Installing: /home/giorgio/Leader-Follower_UWB/Leader-Follower_Simulation/install/mymsg_msgs/share/mymsg_msgs/environment/ament_prefix_path.dsv
-- Installing: /home/giorgio/Leader-Follower_UWB/Leader-Follower_Simulation/install/mymsg_msgs/share/mymsg_msgs/environment/path.sh
-- Installing: /home/giorgio/Leader-Follower_UWB/Leader-Follower_Simulation/install/mymsg_msgs/share/mymsg_msgs/environment/path.dsv
-- Installing: /home/giorgio/Leader-Follower_UWB/Leader-Follower_Simulation/install/mymsg_msgs/share/mymsg_msgs/local_setup.bash
-- Installing: /home/giorgio/Leader-Follower_UWB/Leader-Follower_Simulation/install/mymsg_msgs/share/mymsg_msgs/local_setup.sh
-- Installing: /home/giorgio/Leader-Follower_UWB/Leader-Follower_Simulation/install/mymsg_msgs/share/mymsg_msgs/local_setup.zsh
-- Installing: /home/giorgio/Leader-Follower_UWB/Leader-Follower_Simulation/install/mymsg_msgs/share/mymsg_msgs/local_setup.dsv
-- Installing: /home/giorgio/Leader-Follower_UWB/Leader-Follower_Simulation/install/mymsg_msgs/share/mymsg_msgs/package.dsv
-- Installing: /home/giorgio/Leader-Follower_UWB/Leader-Follower_Simulation/install/mymsg_msgs/share/ament_index/resource_index/packages/mymsg_msgs
-- Installing: /home/giorgio/Leader-Follower_UWB/Leader-Follower_Simulation/install/mymsg_msgs/share/mymsg_msgs/cmake/export_mymsg_msgs__rosidl_generator_cExport.cmake
-- Installing: /home/giorgio/Leader-Follower_UWB/Leader-Follower_Simulation/install/mymsg_msgs/share/mymsg_msgs/cmake/export_mymsg_msgs__rosidl_generator_cExport-noconfig.cmake
-- Installing: /home/giorgio/Leader-Follower_UWB/Leader-Follower_Simulation/install/mymsg_msgs/share/mymsg_msgs/cmake/export_mymsg_msgs__rosidl_typesupport_fastrtps_cExport.cmake
-- Installing: /home/giorgio/Leader-Follower_UWB/Leader-Follower_Simulation/install/mymsg_msgs/share/mymsg_msgs/cmake/export_mymsg_msgs__rosidl_typesupport_fastrtps_cExport-noconfig.cmake
-- Installing: /home/giorgio/Leader-Follower_UWB/Leader-Follower_Simulation/install/mymsg_msgs/share/mymsg_msgs/cmake/mymsg_msgs__rosidl_typesupport_introspection_cExport.cmake
-- Installing: /home/giorgio/Leader-Follower_UWB/Leader-Follower_Simulation/install/mymsg_msgs/share/mymsg_msgs/cmake/mymsg_msgs__rosidl_typesupport_introspection_cExport-noconfig.cmake
-- Installing: /home/giorgio/Leader-Follower_UWB/Leader-Follower_Simulation/install/mymsg_msgs/share/mymsg_msgs/cmake/mymsg_msgs__rosidl_typesupport_cExport.cmake
-- Installing: /home/giorgio/Leader-Follower_UWB/Leader-Follower_Simulation/install/mymsg_msgs/share/mymsg_msgs/cmake/mymsg_msgs__rosidl_typesupport_cExport-noconfig.cmake
-- Installing: /home/giorgio/Leader-Follower_UWB/Leader-Follower_Simulation/install/mymsg_msgs/share/mymsg_msgs/cmake/export_mymsg_msgs__rosidl_generator_cppExport.cmake
-- Installing: /home/giorgio/Leader-Follower_UWB/Leader-Follower_Simulation/install/mymsg_msgs/share/mymsg_msgs/cmake/export_mymsg_msgs__rosidl_typesupport_fastrtps_cppExport.cmake
-- Installing: /home/giorgio/Leader-Follower_UWB/Leader-Follower_Simulation/install/mymsg_msgs/share/mymsg_msgs/cmake/export_mymsg_msgs__rosidl_typesupport_fastrtps_cppExport-noconfig.cmake
-- Installing: /home/giorgio/Leader-Follower_UWB/Leader-Follower_Simulation/install/mymsg_msgs/share/mymsg_msgs/cmake/mymsg_msgs__rosidl_typesupport_introspection_cppExport.cmake
-- Installing: /home/giorgio/Leader-Follower_UWB/Leader-Follower_Simulation/install/mymsg_msgs/share/mymsg_msgs/cmake/mymsg_msgs__rosidl_typesupport_introspection_cppExport-noconfig.cmake
-- Installing: /home/giorgio/Leader-Follower_UWB/Leader-Follower_Simulation/install/mymsg_msgs/share/mymsg_msgs/cmake/mymsg_msgs__rosidl_typesupport_cppExport.cmake
-- Installing: /home/giorgio/Leader-Follower_UWB/Leader-Follower_Simulation/install/mymsg_msgs/share/mymsg_msgs/cmake/mymsg_msgs__rosidl_typesupport_cppExport-noconfig.cmake
-- Installing: /home/giorgio/Leader-Follower_UWB/Leader-Follower_Simulation/install/mymsg_msgs/share/mymsg_msgs/cmake/export_mymsg_msgs__rosidl_generator_pyExport.cmake
-- Installing: /home/giorgio/Leader-Follower_UWB/Leader-Follower_Simulation/install/mymsg_msgs/share/mymsg_msgs/cmake/export_mymsg_msgs__rosidl_generator_pyExport-noconfig.cmake
-- Installing: /home/giorgio/Leader-Follower_UWB/Leader-Follower_Simulation/install/mymsg_msgs/share/mymsg_msgs/cmake/rosidl_cmake-extras.cmake
-- Installing: /home/giorgio/Leader-Follower_UWB/Leader-Follower_Simulation/install/mymsg_msgs/share/mymsg_msgs/cmake/ament_cmake_export_include_directories-extras.cmake
-- Installing: /home/giorgio/Leader-Follower_UWB/Leader-Follower_Simulation/install/mymsg_msgs/share/mymsg_msgs/cmake/ament_cmake_export_libraries-extras.cmake
-- Installing: /home/giorgio/Leader-Follower_UWB/Leader-Follower_Simulation/install/mymsg_msgs/share/mymsg_msgs/cmake/ament_cmake_export_targets-extras.cmake
-- Installing: /home/giorgio/Leader-Follower_UWB/Leader-Follower_Simulation/install/mymsg_msgs/share/mymsg_msgs/cmake/rosidl_cmake_export_typesupport_targets-extras.cmake
-- Installing: /home/giorgio/Leader-Follower_UWB/Leader-Follower_Simulation/install/mymsg_msgs/share/mymsg_msgs/cmake/ament_cmake_export_dependencies-extras.cmake
-- Installing: /home/giorgio/Leader-Follower_UWB/Leader-Follower_Simulation/install/mymsg_msgs/share/mymsg_msgs/cmake/rosidl_cmake_export_typesupport_libraries-extras.cmake
-- Installing: /home/giorgio/Leader-Follower_UWB/Leader-Follower_Simulation/install/mymsg_msgs/share/mymsg_msgs/cmake/mymsg_msgsConfig.cmake
-- Installing: /home/giorgio/Leader-Follower_UWB/Leader-Follower_Simulation/install/mymsg_msgs/share/mymsg_msgs/cmake/mymsg_msgsConfig-version.cmake
-- Installing: /home/giorgio/Leader-Follower_UWB/Leader-Follower_Simulation/install/mymsg_msgs/share/mymsg_msgs/package.xml
