[0.011s] Invoking command in '/home/giorgio/Leader-Follower_UWB/Leader-Follower_Simulation/build/mymsg_msgs': CMAKE_PREFIX_PATH=/opt/ros/humble /usr/bin/cmake /home/giorgio/Leader-Follower_UWB/Leader-Follower_Simulation/src/mymsg_msgs -DCMAKE_INSTALL_PREFIX=/home/giorgio/Leader-Follower_UWB/Leader-Follower_Simulation/install/mymsg_msgs
[0.077s] -- The C compiler identification is Clang 14.0.0
[0.210s] -- The CXX compiler identification is Clang 14.0.0
[0.223s] -- Detecting C compiler ABI info
[0.301s] -- Detecting C compiler ABI info - done
[0.313s] -- Check for working C compiler: /usr/bin/cc - skipped
[0.313s] -- Detecting C compile features
[0.314s] -- Detecting C compile features - done
[0.318s] -- Detecting CXX compiler ABI info
[0.465s] -- Detecting CXX compiler ABI info - done
[0.483s] -- Check for working CXX compiler: /usr/bin/c++ - skipped
[0.483s] -- Detecting CXX compile features
[0.484s] -- Detecting CXX compile features - done
[0.487s] -- Found ament_cmake: 1.3.8 (/opt/ros/humble/share/ament_cmake/cmake)
[0.653s] -- Found Python3: /usr/bin/python3 (found version "3.10.12") found components: Interpreter 
[0.778s] -- Found rosidl_default_generators: 1.2.0 (/opt/ros/humble/share/rosidl_default_generators/cmake)
[0.780s] -- Using all available rosidl_typesupport_c: rosidl_typesupport_fastrtps_c;rosidl_typesupport_introspection_c
[0.785s] -- Found rosidl_adapter: 3.1.5 (/opt/ros/humble/share/rosidl_adapter/cmake)
[0.822s] -- Using all available rosidl_typesupport_cpp: rosidl_typesupport_fastrtps_cpp;rosidl_typesupport_introspection_cpp
[1.253s] -- Found ament_cmake_ros: 0.10.0 (/opt/ros/humble/share/ament_cmake_ros/cmake)
[1.435s] -- Using all available rosidl_typesupport_c: rosidl_typesupport_fastrtps_c;rosidl_typesupport_introspection_c
[1.694s] -- Using all available rosidl_typesupport_cpp: rosidl_typesupport_fastrtps_cpp;rosidl_typesupport_introspection_cpp
[1.715s] -- Found PythonInterp: /usr/bin/python3 (found suitable version "3.10.12", minimum required is "3.6") 
[1.716s] -- Found python_cmake_module: 0.10.0 (/opt/ros/humble/share/python_cmake_module/cmake)
[1.741s] -- Found PythonLibs: /usr/lib/x86_64-linux-gnu/libpython3.10.so (found suitable version "3.10.12", minimum required is "3.5") 
[1.741s] -- Using PYTHON_EXECUTABLE: /usr/bin/python3
[1.741s] -- Using PYTHON_INCLUDE_DIRS: /usr/include/python3.10
[1.741s] -- Using PYTHON_LIBRARIES: /usr/lib/x86_64-linux-gnu/libpython3.10.so
[1.768s] -- Found PythonExtra: .so  
[1.814s] -- Configuring done
[1.851s] -- Generating done
[1.855s] -- Build files have been written to: /home/giorgio/Leader-Follower_UWB/Leader-Follower_Simulation/build/mymsg_msgs
[1.865s] Invoked command in '/home/giorgio/Leader-Follower_UWB/Leader-Follower_Simulation/build/mymsg_msgs' returned '0': CMAKE_PREFIX_PATH=/opt/ros/humble /usr/bin/cmake /home/giorgio/Leader-Follower_UWB/Leader-Follower_Simulation/src/mymsg_msgs -DCMAKE_INSTALL_PREFIX=/home/giorgio/Leader-Follower_UWB/Leader-Follower_Simulation/install/mymsg_msgs
[1.866s] Invoking command in '/home/giorgio/Leader-Follower_UWB/Leader-Follower_Simulation/build/mymsg_msgs': CMAKE_PREFIX_PATH=/opt/ros/humble /usr/bin/cmake --build /home/giorgio/Leader-Follower_UWB/Leader-Follower_Simulation/build/mymsg_msgs -- -j8 -l8
[1.902s] [  3%] [34m[1mGenerating C code for ROS interfaces[0m
[1.913s] [  6%] [34m[1mGenerating C++ code for ROS interfaces[0m
[1.924s] [  6%] Built target ament_cmake_python_copy_mymsg_msgs
[2.330s] [  6%] Built target mymsg_msgs__cpp
[2.343s] [  9%] [34m[1mGenerating C++ introspection for ROS interfaces[0m
[2.344s] [ 12%] [34m[1mGenerating C++ type support dispatch for ROS interfaces[0m
[2.348s] [ 16%] [34m[1mGenerating C++ type support for eProsima Fast-RTPS[0m
[2.596s] [ 19%] [32mBuilding C object CMakeFiles/mymsg_msgs__rosidl_generator_c.dir/rosidl_generator_c/mymsg_msgs/msg/detail/uwb__functions.c.o[0m
[2.646s] running egg_info
[2.647s] creating mymsg_msgs.egg-info
[2.647s] writing mymsg_msgs.egg-info/PKG-INFO
[2.648s] writing dependency_links to mymsg_msgs.egg-info/dependency_links.txt
[2.648s] writing top-level names to mymsg_msgs.egg-info/top_level.txt
[2.648s] writing manifest file 'mymsg_msgs.egg-info/SOURCES.txt'
[2.657s] reading manifest file 'mymsg_msgs.egg-info/SOURCES.txt'
[2.658s] writing manifest file 'mymsg_msgs.egg-info/SOURCES.txt'
[2.667s] [ 22%] [32m[1mLinking C shared library libmymsg_msgs__rosidl_generator_c.so[0m
[2.704s] [ 22%] Built target ament_cmake_python_build_mymsg_msgs_egg
[2.737s] [ 22%] Built target mymsg_msgs__rosidl_generator_c
[2.751s] [ 29%] [34m[1mGenerating C type support dispatch for ROS interfaces[0m
[2.751s] [ 29%] [34m[1mGenerating C type support for eProsima Fast-RTPS[0m
[2.768s] [ 32%] [34m[1mGenerating C introspection for ROS interfaces[0m
[3.001s] [ 35%] [32mBuilding CXX object CMakeFiles/mymsg_msgs__rosidl_typesupport_introspection_cpp.dir/rosidl_typesupport_introspection_cpp/mymsg_msgs/msg/detail/uwb__type_support.cpp.o[0m
[3.071s] [ 38%] [32mBuilding CXX object CMakeFiles/mymsg_msgs__rosidl_typesupport_cpp.dir/rosidl_typesupport_cpp/mymsg_msgs/msg/uwb__type_support.cpp.o[0m
[3.135s] [ 41%] [32mBuilding CXX object CMakeFiles/mymsg_msgs__rosidl_typesupport_fastrtps_cpp.dir/rosidl_typesupport_fastrtps_cpp/mymsg_msgs/msg/detail/dds_fastrtps/uwb__type_support.cpp.o[0m
[3.437s] [ 45%] [32mBuilding CXX object CMakeFiles/mymsg_msgs__rosidl_typesupport_c.dir/rosidl_typesupport_c/mymsg_msgs/msg/uwb__type_support.cpp.o[0m
[3.487s] [ 48%] [32mBuilding CXX object CMakeFiles/mymsg_msgs__rosidl_typesupport_fastrtps_c.dir/rosidl_typesupport_fastrtps_c/mymsg_msgs/msg/detail/uwb__type_support_c.cpp.o[0m
[3.520s] [ 51%] [32m[1mLinking CXX shared library libmymsg_msgs__rosidl_typesupport_c.so[0m
[3.554s] [ 54%] [32mBuilding C object CMakeFiles/mymsg_msgs__rosidl_typesupport_introspection_c.dir/rosidl_typesupport_introspection_c/mymsg_msgs/msg/detail/uwb__type_support.c.o[0m
[3.616s] [ 58%] [32m[1mLinking CXX shared library libmymsg_msgs__rosidl_typesupport_cpp.so[0m
[3.641s] [ 61%] [32m[1mLinking C shared library libmymsg_msgs__rosidl_typesupport_introspection_c.so[0m
[3.695s] [ 64%] [32m[1mLinking CXX shared library libmymsg_msgs__rosidl_typesupport_introspection_cpp.so[0m
[3.742s] [ 64%] Built target mymsg_msgs__rosidl_typesupport_c
[3.754s] [ 64%] Built target mymsg_msgs__rosidl_typesupport_introspection_c
[3.774s] [ 64%] Built target mymsg_msgs__rosidl_typesupport_cpp
[3.844s] [ 64%] Built target mymsg_msgs__rosidl_typesupport_introspection_cpp
[3.936s] [ 67%] [32m[1mLinking CXX shared library libmymsg_msgs__rosidl_typesupport_fastrtps_cpp.so[0m
[4.014s] [ 70%] [32m[1mLinking CXX shared library libmymsg_msgs__rosidl_typesupport_fastrtps_c.so[0m
[4.044s] [ 70%] Built target mymsg_msgs__rosidl_typesupport_fastrtps_cpp
[4.107s] [ 70%] Built target mymsg_msgs__rosidl_typesupport_fastrtps_c
[4.123s] [ 70%] Built target mymsg_msgs
[4.140s] [ 74%] [34m[1mGenerating Python code for ROS interfaces[0m
[4.560s] [ 74%] Built target mymsg_msgs__py
[4.575s] [ 77%] [32mBuilding C object CMakeFiles/mymsg_msgs__rosidl_generator_py.dir/rosidl_generator_py/mymsg_msgs/msg/_uwb_s.c.o[0m
[4.710s] [ 80%] [32m[1mLinking C shared library rosidl_generator_py/mymsg_msgs/libmymsg_msgs__rosidl_generator_py.so[0m
[4.756s] [ 80%] Built target mymsg_msgs__rosidl_generator_py
[4.773s] [ 83%] [32mBuilding C object CMakeFiles/mymsg_msgs__rosidl_typesupport_introspection_c__pyext.dir/rosidl_generator_py/mymsg_msgs/_mymsg_msgs_s.ep.rosidl_typesupport_introspection_c.c.o[0m
[4.778s] [ 90%] [32mBuilding C object CMakeFiles/mymsg_msgs__rosidl_typesupport_c__pyext.dir/rosidl_generator_py/mymsg_msgs/_mymsg_msgs_s.ep.rosidl_typesupport_c.c.o[0m
[4.778s] [ 90%] [32mBuilding C object CMakeFiles/mymsg_msgs__rosidl_typesupport_fastrtps_c__pyext.dir/rosidl_generator_py/mymsg_msgs/_mymsg_msgs_s.ep.rosidl_typesupport_fastrtps_c.c.o[0m
[4.961s] [ 93%] [32m[1mLinking C shared library rosidl_generator_py/mymsg_msgs/mymsg_msgs_s__rosidl_typesupport_fastrtps_c.cpython-310-x86_64-linux-gnu.so[0m
[4.962s] [ 96%] [32m[1mLinking C shared library rosidl_generator_py/mymsg_msgs/mymsg_msgs_s__rosidl_typesupport_introspection_c.cpython-310-x86_64-linux-gnu.so[0m
[4.966s] [100%] [32m[1mLinking C shared library rosidl_generator_py/mymsg_msgs/mymsg_msgs_s__rosidl_typesupport_c.cpython-310-x86_64-linux-gnu.so[0m
[5.027s] [100%] Built target mymsg_msgs__rosidl_typesupport_introspection_c__pyext
[5.028s] [100%] Built target mymsg_msgs__rosidl_typesupport_fastrtps_c__pyext
[5.036s] [100%] Built target mymsg_msgs__rosidl_typesupport_c__pyext
[5.046s] Invoked command in '/home/giorgio/Leader-Follower_UWB/Leader-Follower_Simulation/build/mymsg_msgs' returned '0': CMAKE_PREFIX_PATH=/opt/ros/humble /usr/bin/cmake --build /home/giorgio/Leader-Follower_UWB/Leader-Follower_Simulation/build/mymsg_msgs -- -j8 -l8
[5.092s] Invoking command in '/home/giorgio/Leader-Follower_UWB/Leader-Follower_Simulation/build/mymsg_msgs': CMAKE_PREFIX_PATH=/opt/ros/humble /usr/bin/cmake --install /home/giorgio/Leader-Follower_UWB/Leader-Follower_Simulation/build/mymsg_msgs
[5.098s] -- Install configuration: ""
[5.098s] -- Installing: /home/giorgio/Leader-Follower_UWB/Leader-Follower_Simulation/install/mymsg_msgs/share/ament_index/resource_index/rosidl_interfaces/mymsg_msgs
[5.099s] -- Installing: /home/giorgio/Leader-Follower_UWB/Leader-Follower_Simulation/install/mymsg_msgs/include/mymsg_msgs/mymsg_msgs
[5.099s] -- Installing: /home/giorgio/Leader-Follower_UWB/Leader-Follower_Simulation/install/mymsg_msgs/include/mymsg_msgs/mymsg_msgs/msg
[5.099s] -- Installing: /home/giorgio/Leader-Follower_UWB/Leader-Follower_Simulation/install/mymsg_msgs/include/mymsg_msgs/mymsg_msgs/msg/uwb.h
[5.099s] -- Installing: /home/giorgio/Leader-Follower_UWB/Leader-Follower_Simulation/install/mymsg_msgs/include/mymsg_msgs/mymsg_msgs/msg/detail
[5.099s] -- Installing: /home/giorgio/Leader-Follower_UWB/Leader-Follower_Simulation/install/mymsg_msgs/include/mymsg_msgs/mymsg_msgs/msg/detail/uwb__functions.h
[5.099s] -- Installing: /home/giorgio/Leader-Follower_UWB/Leader-Follower_Simulation/install/mymsg_msgs/include/mymsg_msgs/mymsg_msgs/msg/detail/uwb__type_support.h
[5.099s] -- Installing: /home/giorgio/Leader-Follower_UWB/Leader-Follower_Simulation/install/mymsg_msgs/include/mymsg_msgs/mymsg_msgs/msg/detail/uwb__struct.h
[5.100s] -- Installing: /home/giorgio/Leader-Follower_UWB/Leader-Follower_Simulation/install/mymsg_msgs/include/mymsg_msgs/mymsg_msgs/msg/detail/uwb__functions.c
[5.100s] -- Installing: /home/giorgio/Leader-Follower_UWB/Leader-Follower_Simulation/install/mymsg_msgs/include/mymsg_msgs/mymsg_msgs/msg/rosidl_generator_c__visibility_control.h
[5.100s] -- Installing: /home/giorgio/Leader-Follower_UWB/Leader-Follower_Simulation/install/mymsg_msgs/share/mymsg_msgs/environment/library_path.sh
[5.100s] -- Installing: /home/giorgio/Leader-Follower_UWB/Leader-Follower_Simulation/install/mymsg_msgs/share/mymsg_msgs/environment/library_path.dsv
[5.100s] -- Installing: /home/giorgio/Leader-Follower_UWB/Leader-Follower_Simulation/install/mymsg_msgs/lib/libmymsg_msgs__rosidl_generator_c.so
[5.100s] -- Set runtime path of "/home/giorgio/Leader-Follower_UWB/Leader-Follower_Simulation/install/mymsg_msgs/lib/libmymsg_msgs__rosidl_generator_c.so" to ""
[5.100s] -- Up-to-date: /home/giorgio/Leader-Follower_UWB/Leader-Follower_Simulation/install/mymsg_msgs/include/mymsg_msgs/mymsg_msgs
[5.100s] -- Up-to-date: /home/giorgio/Leader-Follower_UWB/Leader-Follower_Simulation/install/mymsg_msgs/include/mymsg_msgs/mymsg_msgs/msg
[5.101s] -- Up-to-date: /home/giorgio/Leader-Follower_UWB/Leader-Follower_Simulation/install/mymsg_msgs/include/mymsg_msgs/mymsg_msgs/msg/detail
[5.101s] -- Installing: /home/giorgio/Leader-Follower_UWB/Leader-Follower_Simulation/install/mymsg_msgs/include/mymsg_msgs/mymsg_msgs/msg/detail/uwb__rosidl_typesupport_fastrtps_c.h
[5.101s] -- Installing: /home/giorgio/Leader-Follower_UWB/Leader-Follower_Simulation/install/mymsg_msgs/include/mymsg_msgs/mymsg_msgs/msg/rosidl_typesupport_fastrtps_c__visibility_control.h
[5.101s] -- Installing: /home/giorgio/Leader-Follower_UWB/Leader-Follower_Simulation/install/mymsg_msgs/lib/libmymsg_msgs__rosidl_typesupport_fastrtps_c.so
[5.102s] -- Set runtime path of "/home/giorgio/Leader-Follower_UWB/Leader-Follower_Simulation/install/mymsg_msgs/lib/libmymsg_msgs__rosidl_typesupport_fastrtps_c.so" to ""
[5.102s] -- Up-to-date: /home/giorgio/Leader-Follower_UWB/Leader-Follower_Simulation/install/mymsg_msgs/include/mymsg_msgs/mymsg_msgs
[5.102s] -- Up-to-date: /home/giorgio/Leader-Follower_UWB/Leader-Follower_Simulation/install/mymsg_msgs/include/mymsg_msgs/mymsg_msgs/msg
[5.102s] -- Up-to-date: /home/giorgio/Leader-Follower_UWB/Leader-Follower_Simulation/install/mymsg_msgs/include/mymsg_msgs/mymsg_msgs/msg/detail
[5.102s] -- Installing: /home/giorgio/Leader-Follower_UWB/Leader-Follower_Simulation/install/mymsg_msgs/include/mymsg_msgs/mymsg_msgs/msg/detail/uwb__rosidl_typesupport_introspection_c.h
[5.103s] -- Installing: /home/giorgio/Leader-Follower_UWB/Leader-Follower_Simulation/install/mymsg_msgs/include/mymsg_msgs/mymsg_msgs/msg/detail/uwb__type_support.c
[5.103s] -- Installing: /home/giorgio/Leader-Follower_UWB/Leader-Follower_Simulation/install/mymsg_msgs/include/mymsg_msgs/mymsg_msgs/msg/rosidl_typesupport_introspection_c__visibility_control.h
[5.103s] -- Installing: /home/giorgio/Leader-Follower_UWB/Leader-Follower_Simulation/install/mymsg_msgs/lib/libmymsg_msgs__rosidl_typesupport_introspection_c.so
[5.103s] -- Set runtime path of "/home/giorgio/Leader-Follower_UWB/Leader-Follower_Simulation/install/mymsg_msgs/lib/libmymsg_msgs__rosidl_typesupport_introspection_c.so" to ""
[5.103s] -- Installing: /home/giorgio/Leader-Follower_UWB/Leader-Follower_Simulation/install/mymsg_msgs/lib/libmymsg_msgs__rosidl_typesupport_c.so
[5.103s] -- Set runtime path of "/home/giorgio/Leader-Follower_UWB/Leader-Follower_Simulation/install/mymsg_msgs/lib/libmymsg_msgs__rosidl_typesupport_c.so" to ""
[5.103s] -- Up-to-date: /home/giorgio/Leader-Follower_UWB/Leader-Follower_Simulation/install/mymsg_msgs/include/mymsg_msgs/mymsg_msgs
[5.104s] -- Up-to-date: /home/giorgio/Leader-Follower_UWB/Leader-Follower_Simulation/install/mymsg_msgs/include/mymsg_msgs/mymsg_msgs/msg
[5.104s] -- Up-to-date: /home/giorgio/Leader-Follower_UWB/Leader-Follower_Simulation/install/mymsg_msgs/include/mymsg_msgs/mymsg_msgs/msg/detail
[5.104s] -- Installing: /home/giorgio/Leader-Follower_UWB/Leader-Follower_Simulation/install/mymsg_msgs/include/mymsg_msgs/mymsg_msgs/msg/detail/uwb__builder.hpp
[5.104s] -- Installing: /home/giorgio/Leader-Follower_UWB/Leader-Follower_Simulation/install/mymsg_msgs/include/mymsg_msgs/mymsg_msgs/msg/detail/uwb__struct.hpp
[5.104s] -- Installing: /home/giorgio/Leader-Follower_UWB/Leader-Follower_Simulation/install/mymsg_msgs/include/mymsg_msgs/mymsg_msgs/msg/detail/uwb__traits.hpp
[5.104s] -- Installing: /home/giorgio/Leader-Follower_UWB/Leader-Follower_Simulation/install/mymsg_msgs/include/mymsg_msgs/mymsg_msgs/msg/uwb.hpp
[5.105s] -- Up-to-date: /home/giorgio/Leader-Follower_UWB/Leader-Follower_Simulation/install/mymsg_msgs/include/mymsg_msgs/mymsg_msgs
[5.105s] -- Up-to-date: /home/giorgio/Leader-Follower_UWB/Leader-Follower_Simulation/install/mymsg_msgs/include/mymsg_msgs/mymsg_msgs/msg
[5.105s] -- Up-to-date: /home/giorgio/Leader-Follower_UWB/Leader-Follower_Simulation/install/mymsg_msgs/include/mymsg_msgs/mymsg_msgs/msg/detail
[5.105s] -- Installing: /home/giorgio/Leader-Follower_UWB/Leader-Follower_Simulation/install/mymsg_msgs/include/mymsg_msgs/mymsg_msgs/msg/detail/dds_fastrtps
[5.105s] -- Installing: /home/giorgio/Leader-Follower_UWB/Leader-Follower_Simulation/install/mymsg_msgs/include/mymsg_msgs/mymsg_msgs/msg/detail/uwb__rosidl_typesupport_fastrtps_cpp.hpp
[5.105s] -- Installing: /home/giorgio/Leader-Follower_UWB/Leader-Follower_Simulation/install/mymsg_msgs/include/mymsg_msgs/mymsg_msgs/msg/rosidl_typesupport_fastrtps_cpp__visibility_control.h
[5.105s] -- Installing: /home/giorgio/Leader-Follower_UWB/Leader-Follower_Simulation/install/mymsg_msgs/lib/libmymsg_msgs__rosidl_typesupport_fastrtps_cpp.so
[5.105s] -- Set runtime path of "/home/giorgio/Leader-Follower_UWB/Leader-Follower_Simulation/install/mymsg_msgs/lib/libmymsg_msgs__rosidl_typesupport_fastrtps_cpp.so" to ""
[5.106s] -- Up-to-date: /home/giorgio/Leader-Follower_UWB/Leader-Follower_Simulation/install/mymsg_msgs/include/mymsg_msgs/mymsg_msgs
[5.106s] -- Up-to-date: /home/giorgio/Leader-Follower_UWB/Leader-Follower_Simulation/install/mymsg_msgs/include/mymsg_msgs/mymsg_msgs/msg
[5.106s] -- Up-to-date: /home/giorgio/Leader-Follower_UWB/Leader-Follower_Simulation/install/mymsg_msgs/include/mymsg_msgs/mymsg_msgs/msg/detail
[5.106s] -- Installing: /home/giorgio/Leader-Follower_UWB/Leader-Follower_Simulation/install/mymsg_msgs/include/mymsg_msgs/mymsg_msgs/msg/detail/uwb__rosidl_typesupport_introspection_cpp.hpp
[5.106s] -- Installing: /home/giorgio/Leader-Follower_UWB/Leader-Follower_Simulation/install/mymsg_msgs/include/mymsg_msgs/mymsg_msgs/msg/detail/uwb__type_support.cpp
[5.106s] -- Installing: /home/giorgio/Leader-Follower_UWB/Leader-Follower_Simulation/install/mymsg_msgs/lib/libmymsg_msgs__rosidl_typesupport_introspection_cpp.so
[5.106s] -- Set runtime path of "/home/giorgio/Leader-Follower_UWB/Leader-Follower_Simulation/install/mymsg_msgs/lib/libmymsg_msgs__rosidl_typesupport_introspection_cpp.so" to ""
[5.106s] -- Installing: /home/giorgio/Leader-Follower_UWB/Leader-Follower_Simulation/install/mymsg_msgs/lib/libmymsg_msgs__rosidl_typesupport_cpp.so
[5.106s] -- Set runtime path of "/home/giorgio/Leader-Follower_UWB/Leader-Follower_Simulation/install/mymsg_msgs/lib/libmymsg_msgs__rosidl_typesupport_cpp.so" to ""
[5.107s] -- Installing: /home/giorgio/Leader-Follower_UWB/Leader-Follower_Simulation/install/mymsg_msgs/share/mymsg_msgs/environment/pythonpath.sh
[5.107s] -- Installing: /home/giorgio/Leader-Follower_UWB/Leader-Follower_Simulation/install/mymsg_msgs/share/mymsg_msgs/environment/pythonpath.dsv
[5.107s] -- Installing: /home/giorgio/Leader-Follower_UWB/Leader-Follower_Simulation/install/mymsg_msgs/local/lib/python3.10/dist-packages/mymsg_msgs-0.0.0-py3.10.egg-info
[5.107s] -- Installing: /home/giorgio/Leader-Follower_UWB/Leader-Follower_Simulation/install/mymsg_msgs/local/lib/python3.10/dist-packages/mymsg_msgs-0.0.0-py3.10.egg-info/dependency_links.txt
[5.107s] -- Installing: /home/giorgio/Leader-Follower_UWB/Leader-Follower_Simulation/install/mymsg_msgs/local/lib/python3.10/dist-packages/mymsg_msgs-0.0.0-py3.10.egg-info/SOURCES.txt
[5.107s] -- Installing: /home/giorgio/Leader-Follower_UWB/Leader-Follower_Simulation/install/mymsg_msgs/local/lib/python3.10/dist-packages/mymsg_msgs-0.0.0-py3.10.egg-info/PKG-INFO
[5.107s] -- Installing: /home/giorgio/Leader-Follower_UWB/Leader-Follower_Simulation/install/mymsg_msgs/local/lib/python3.10/dist-packages/mymsg_msgs-0.0.0-py3.10.egg-info/top_level.txt
[5.107s] -- Installing: /home/giorgio/Leader-Follower_UWB/Leader-Follower_Simulation/install/mymsg_msgs/local/lib/python3.10/dist-packages/mymsg_msgs
[5.107s] -- Installing: /home/giorgio/Leader-Follower_UWB/Leader-Follower_Simulation/install/mymsg_msgs/local/lib/python3.10/dist-packages/mymsg_msgs/_mymsg_msgs_s.ep.rosidl_typesupport_c.c
[5.108s] -- Installing: /home/giorgio/Leader-Follower_UWB/Leader-Follower_Simulation/install/mymsg_msgs/local/lib/python3.10/dist-packages/mymsg_msgs/__init__.py
[5.108s] -- Installing: /home/giorgio/Leader-Follower_UWB/Leader-Follower_Simulation/install/mymsg_msgs/local/lib/python3.10/dist-packages/mymsg_msgs/mymsg_msgs_s__rosidl_typesupport_introspection_c.cpython-310-x86_64-linux-gnu.so
[5.108s] -- Installing: /home/giorgio/Leader-Follower_UWB/Leader-Follower_Simulation/install/mymsg_msgs/local/lib/python3.10/dist-packages/mymsg_msgs/mymsg_msgs_s__rosidl_typesupport_c.cpython-310-x86_64-linux-gnu.so
[5.108s] -- Installing: /home/giorgio/Leader-Follower_UWB/Leader-Follower_Simulation/install/mymsg_msgs/local/lib/python3.10/dist-packages/mymsg_msgs/_mymsg_msgs_s.ep.rosidl_typesupport_introspection_c.c
[5.108s] -- Installing: /home/giorgio/Leader-Follower_UWB/Leader-Follower_Simulation/install/mymsg_msgs/local/lib/python3.10/dist-packages/mymsg_msgs/mymsg_msgs_s__rosidl_typesupport_fastrtps_c.cpython-310-x86_64-linux-gnu.so
[5.108s] -- Installing: /home/giorgio/Leader-Follower_UWB/Leader-Follower_Simulation/install/mymsg_msgs/local/lib/python3.10/dist-packages/mymsg_msgs/libmymsg_msgs__rosidl_generator_py.so
[5.108s] -- Installing: /home/giorgio/Leader-Follower_UWB/Leader-Follower_Simulation/install/mymsg_msgs/local/lib/python3.10/dist-packages/mymsg_msgs/msg
[5.108s] -- Installing: /home/giorgio/Leader-Follower_UWB/Leader-Follower_Simulation/install/mymsg_msgs/local/lib/python3.10/dist-packages/mymsg_msgs/msg/__init__.py
[5.108s] -- Installing: /home/giorgio/Leader-Follower_UWB/Leader-Follower_Simulation/install/mymsg_msgs/local/lib/python3.10/dist-packages/mymsg_msgs/msg/_uwb.py
[5.109s] -- Installing: /home/giorgio/Leader-Follower_UWB/Leader-Follower_Simulation/install/mymsg_msgs/local/lib/python3.10/dist-packages/mymsg_msgs/msg/_uwb_s.c
[5.109s] -- Installing: /home/giorgio/Leader-Follower_UWB/Leader-Follower_Simulation/install/mymsg_msgs/local/lib/python3.10/dist-packages/mymsg_msgs/_mymsg_msgs_s.ep.rosidl_typesupport_fastrtps_c.c
[5.165s] Listing '/home/giorgio/Leader-Follower_UWB/Leader-Follower_Simulation/install/mymsg_msgs/local/lib/python3.10/dist-packages/mymsg_msgs'...
[5.165s] Compiling '/home/giorgio/Leader-Follower_UWB/Leader-Follower_Simulation/install/mymsg_msgs/local/lib/python3.10/dist-packages/mymsg_msgs/__init__.py'...
[5.165s] Listing '/home/giorgio/Leader-Follower_UWB/Leader-Follower_Simulation/install/mymsg_msgs/local/lib/python3.10/dist-packages/mymsg_msgs/msg'...
[5.165s] Compiling '/home/giorgio/Leader-Follower_UWB/Leader-Follower_Simulation/install/mymsg_msgs/local/lib/python3.10/dist-packages/mymsg_msgs/msg/__init__.py'...
[5.165s] Compiling '/home/giorgio/Leader-Follower_UWB/Leader-Follower_Simulation/install/mymsg_msgs/local/lib/python3.10/dist-packages/mymsg_msgs/msg/_uwb.py'...
[5.170s] -- Installing: /home/giorgio/Leader-Follower_UWB/Leader-Follower_Simulation/install/mymsg_msgs/local/lib/python3.10/dist-packages/mymsg_msgs/mymsg_msgs_s__rosidl_typesupport_fastrtps_c.cpython-310-x86_64-linux-gnu.so
[5.170s] -- Set runtime path of "/home/giorgio/Leader-Follower_UWB/Leader-Follower_Simulation/install/mymsg_msgs/local/lib/python3.10/dist-packages/mymsg_msgs/mymsg_msgs_s__rosidl_typesupport_fastrtps_c.cpython-310-x86_64-linux-gnu.so" to ""
[5.170s] -- Installing: /home/giorgio/Leader-Follower_UWB/Leader-Follower_Simulation/install/mymsg_msgs/local/lib/python3.10/dist-packages/mymsg_msgs/mymsg_msgs_s__rosidl_typesupport_introspection_c.cpython-310-x86_64-linux-gnu.so
[5.170s] -- Set runtime path of "/home/giorgio/Leader-Follower_UWB/Leader-Follower_Simulation/install/mymsg_msgs/local/lib/python3.10/dist-packages/mymsg_msgs/mymsg_msgs_s__rosidl_typesupport_introspection_c.cpython-310-x86_64-linux-gnu.so" to ""
[5.170s] -- Installing: /home/giorgio/Leader-Follower_UWB/Leader-Follower_Simulation/install/mymsg_msgs/local/lib/python3.10/dist-packages/mymsg_msgs/mymsg_msgs_s__rosidl_typesupport_c.cpython-310-x86_64-linux-gnu.so
[5.171s] -- Set runtime path of "/home/giorgio/Leader-Follower_UWB/Leader-Follower_Simulation/install/mymsg_msgs/local/lib/python3.10/dist-packages/mymsg_msgs/mymsg_msgs_s__rosidl_typesupport_c.cpython-310-x86_64-linux-gnu.so" to ""
[5.171s] -- Installing: /home/giorgio/Leader-Follower_UWB/Leader-Follower_Simulation/install/mymsg_msgs/lib/libmymsg_msgs__rosidl_generator_py.so
[5.171s] -- Set runtime path of "/home/giorgio/Leader-Follower_UWB/Leader-Follower_Simulation/install/mymsg_msgs/lib/libmymsg_msgs__rosidl_generator_py.so" to ""
[5.171s] -- Installing: /home/giorgio/Leader-Follower_UWB/Leader-Follower_Simulation/install/mymsg_msgs/share/mymsg_msgs/msg/Uwb.idl
[5.171s] -- Installing: /home/giorgio/Leader-Follower_UWB/Leader-Follower_Simulation/install/mymsg_msgs/share/mymsg_msgs/msg/Uwb.msg
[5.171s] -- Installing: /home/giorgio/Leader-Follower_UWB/Leader-Follower_Simulation/install/mymsg_msgs/share/ament_index/resource_index/package_run_dependencies/mymsg_msgs
[5.172s] -- Installing: /home/giorgio/Leader-Follower_UWB/Leader-Follower_Simulation/install/mymsg_msgs/share/ament_index/resource_index/parent_prefix_path/mymsg_msgs
[5.172s] -- Installing: /home/giorgio/Leader-Follower_UWB/Leader-Follower_Simulation/install/mymsg_msgs/share/mymsg_msgs/environment/ament_prefix_path.sh
[5.172s] -- Installing: /home/giorgio/Leader-Follower_UWB/Leader-Follower_Simulation/install/mymsg_msgs/share/mymsg_msgs/environment/ament_prefix_path.dsv
[5.172s] -- Installing: /home/giorgio/Leader-Follower_UWB/Leader-Follower_Simulation/install/mymsg_msgs/share/mymsg_msgs/environment/path.sh
[5.172s] -- Installing: /home/giorgio/Leader-Follower_UWB/Leader-Follower_Simulation/install/mymsg_msgs/share/mymsg_msgs/environment/path.dsv
[5.172s] -- Installing: /home/giorgio/Leader-Follower_UWB/Leader-Follower_Simulation/install/mymsg_msgs/share/mymsg_msgs/local_setup.bash
[5.172s] -- Installing: /home/giorgio/Leader-Follower_UWB/Leader-Follower_Simulation/install/mymsg_msgs/share/mymsg_msgs/local_setup.sh
[5.173s] -- Installing: /home/giorgio/Leader-Follower_UWB/Leader-Follower_Simulation/install/mymsg_msgs/share/mymsg_msgs/local_setup.zsh
[5.173s] -- Installing: /home/giorgio/Leader-Follower_UWB/Leader-Follower_Simulation/install/mymsg_msgs/share/mymsg_msgs/local_setup.dsv
[5.173s] -- Installing: /home/giorgio/Leader-Follower_UWB/Leader-Follower_Simulation/install/mymsg_msgs/share/mymsg_msgs/package.dsv
[5.173s] -- Installing: /home/giorgio/Leader-Follower_UWB/Leader-Follower_Simulation/install/mymsg_msgs/share/ament_index/resource_index/packages/mymsg_msgs
[5.173s] -- Installing: /home/giorgio/Leader-Follower_UWB/Leader-Follower_Simulation/install/mymsg_msgs/share/mymsg_msgs/cmake/export_mymsg_msgs__rosidl_generator_cExport.cmake
[5.173s] -- Installing: /home/giorgio/Leader-Follower_UWB/Leader-Follower_Simulation/install/mymsg_msgs/share/mymsg_msgs/cmake/export_mymsg_msgs__rosidl_generator_cExport-noconfig.cmake
[5.173s] -- Installing: /home/giorgio/Leader-Follower_UWB/Leader-Follower_Simulation/install/mymsg_msgs/share/mymsg_msgs/cmake/export_mymsg_msgs__rosidl_typesupport_fastrtps_cExport.cmake
[5.174s] -- Installing: /home/giorgio/Leader-Follower_UWB/Leader-Follower_Simulation/install/mymsg_msgs/share/mymsg_msgs/cmake/export_mymsg_msgs__rosidl_typesupport_fastrtps_cExport-noconfig.cmake
[5.174s] -- Installing: /home/giorgio/Leader-Follower_UWB/Leader-Follower_Simulation/install/mymsg_msgs/share/mymsg_msgs/cmake/mymsg_msgs__rosidl_typesupport_introspection_cExport.cmake
[5.174s] -- Installing: /home/giorgio/Leader-Follower_UWB/Leader-Follower_Simulation/install/mymsg_msgs/share/mymsg_msgs/cmake/mymsg_msgs__rosidl_typesupport_introspection_cExport-noconfig.cmake
[5.174s] -- Installing: /home/giorgio/Leader-Follower_UWB/Leader-Follower_Simulation/install/mymsg_msgs/share/mymsg_msgs/cmake/mymsg_msgs__rosidl_typesupport_cExport.cmake
[5.174s] -- Installing: /home/giorgio/Leader-Follower_UWB/Leader-Follower_Simulation/install/mymsg_msgs/share/mymsg_msgs/cmake/mymsg_msgs__rosidl_typesupport_cExport-noconfig.cmake
[5.174s] -- Installing: /home/giorgio/Leader-Follower_UWB/Leader-Follower_Simulation/install/mymsg_msgs/share/mymsg_msgs/cmake/export_mymsg_msgs__rosidl_generator_cppExport.cmake
[5.174s] -- Installing: /home/giorgio/Leader-Follower_UWB/Leader-Follower_Simulation/install/mymsg_msgs/share/mymsg_msgs/cmake/export_mymsg_msgs__rosidl_typesupport_fastrtps_cppExport.cmake
[5.175s] -- Installing: /home/giorgio/Leader-Follower_UWB/Leader-Follower_Simulation/install/mymsg_msgs/share/mymsg_msgs/cmake/export_mymsg_msgs__rosidl_typesupport_fastrtps_cppExport-noconfig.cmake
[5.175s] -- Installing: /home/giorgio/Leader-Follower_UWB/Leader-Follower_Simulation/install/mymsg_msgs/share/mymsg_msgs/cmake/mymsg_msgs__rosidl_typesupport_introspection_cppExport.cmake
[5.175s] -- Installing: /home/giorgio/Leader-Follower_UWB/Leader-Follower_Simulation/install/mymsg_msgs/share/mymsg_msgs/cmake/mymsg_msgs__rosidl_typesupport_introspection_cppExport-noconfig.cmake
[5.175s] -- Installing: /home/giorgio/Leader-Follower_UWB/Leader-Follower_Simulation/install/mymsg_msgs/share/mymsg_msgs/cmake/mymsg_msgs__rosidl_typesupport_cppExport.cmake
[5.175s] -- Installing: /home/giorgio/Leader-Follower_UWB/Leader-Follower_Simulation/install/mymsg_msgs/share/mymsg_msgs/cmake/mymsg_msgs__rosidl_typesupport_cppExport-noconfig.cmake
[5.175s] -- Installing: /home/giorgio/Leader-Follower_UWB/Leader-Follower_Simulation/install/mymsg_msgs/share/mymsg_msgs/cmake/export_mymsg_msgs__rosidl_generator_pyExport.cmake
[5.175s] -- Installing: /home/giorgio/Leader-Follower_UWB/Leader-Follower_Simulation/install/mymsg_msgs/share/mymsg_msgs/cmake/export_mymsg_msgs__rosidl_generator_pyExport-noconfig.cmake
[5.175s] -- Installing: /home/giorgio/Leader-Follower_UWB/Leader-Follower_Simulation/install/mymsg_msgs/share/mymsg_msgs/cmake/rosidl_cmake-extras.cmake
[5.175s] -- Installing: /home/giorgio/Leader-Follower_UWB/Leader-Follower_Simulation/install/mymsg_msgs/share/mymsg_msgs/cmake/ament_cmake_export_include_directories-extras.cmake
[5.176s] -- Installing: /home/giorgio/Leader-Follower_UWB/Leader-Follower_Simulation/install/mymsg_msgs/share/mymsg_msgs/cmake/ament_cmake_export_libraries-extras.cmake
[5.176s] -- Installing: /home/giorgio/Leader-Follower_UWB/Leader-Follower_Simulation/install/mymsg_msgs/share/mymsg_msgs/cmake/ament_cmake_export_targets-extras.cmake
[5.176s] -- Installing: /home/giorgio/Leader-Follower_UWB/Leader-Follower_Simulation/install/mymsg_msgs/share/mymsg_msgs/cmake/rosidl_cmake_export_typesupport_targets-extras.cmake
[5.176s] -- Installing: /home/giorgio/Leader-Follower_UWB/Leader-Follower_Simulation/install/mymsg_msgs/share/mymsg_msgs/cmake/ament_cmake_export_dependencies-extras.cmake
[5.176s] -- Installing: /home/giorgio/Leader-Follower_UWB/Leader-Follower_Simulation/install/mymsg_msgs/share/mymsg_msgs/cmake/rosidl_cmake_export_typesupport_libraries-extras.cmake
[5.176s] -- Installing: /home/giorgio/Leader-Follower_UWB/Leader-Follower_Simulation/install/mymsg_msgs/share/mymsg_msgs/cmake/mymsg_msgsConfig.cmake
[5.176s] -- Installing: /home/giorgio/Leader-Follower_UWB/Leader-Follower_Simulation/install/mymsg_msgs/share/mymsg_msgs/cmake/mymsg_msgsConfig-version.cmake
[5.177s] -- Installing: /home/giorgio/Leader-Follower_UWB/Leader-Follower_Simulation/install/mymsg_msgs/share/mymsg_msgs/package.xml
[5.177s] Invoked command in '/home/giorgio/Leader-Follower_UWB/Leader-Follower_Simulation/build/mymsg_msgs' returned '0': CMAKE_PREFIX_PATH=/opt/ros/humble /usr/bin/cmake --install /home/giorgio/Leader-Follower_UWB/Leader-Follower_Simulation/build/mymsg_msgs
