[0.258s] DEBUG:colcon:Command line arguments: ['/usr/bin/colcon', 'build']
[0.258s] DEBUG:colcon:Parsed command line arguments: Namespace(log_base=None, log_level=None, verb_name='build', build_base='build', install_base='install', merge_install=False, symlink_install=False, test_result_base=None, continue_on_error=False, executor='parallel', parallel_workers=8, event_handlers=None, ignore_user_meta=False, metas=['./colcon.meta'], base_paths=['.'], packages_ignore=None, packages_ignore_regex=None, paths=None, packages_up_to=None, packages_up_to_regex=None, packages_above=None, packages_above_and_dependencies=None, packages_above_depth=None, packages_select_by_dep=None, packages_skip_by_dep=None, packages_skip_up_to=None, packages_select_build_failed=False, packages_skip_build_finished=False, packages_select_test_failures=False, packages_skip_test_passed=False, packages_select=None, packages_skip=None, packages_select_regex=None, packages_skip_regex=None, packages_start=None, packages_end=None, allow_overriding=[], cmake_args=None, cmake_target=None, cmake_target_skip_unavailable=False, cmake_clean_cache=False, cmake_clean_first=False, cmake_force_configure=False, ament_cmake_args=None, catkin_cmake_args=None, catkin_skip_building_tests=False, mixin_files=None, mixin=None, verb_parser=<colcon_mixin.mixin.mixin_argument.MixinArgumentDecorator object at 0x7f8465f5ad70>, verb_extension=<colcon_core.verb.build.BuildVerb object at 0x7f8465f5ac20>, main=<bound method BuildVerb.main of <colcon_core.verb.build.BuildVerb object at 0x7f8465f5ac20>>, mixin_verb=('build',))
[0.482s] Level 1:colcon.colcon_core.package_discovery:discover_packages(colcon_meta) check parameters
[0.482s] Level 1:colcon.colcon_core.package_discovery:discover_packages(recursive) check parameters
[0.482s] Level 1:colcon.colcon_core.package_discovery:discover_packages(ignore) check parameters
[0.482s] Level 1:colcon.colcon_core.package_discovery:discover_packages(path) check parameters
[0.482s] Level 1:colcon.colcon_core.package_discovery:discover_packages(colcon_meta) discover
[0.482s] Level 1:colcon.colcon_core.package_discovery:discover_packages(recursive) discover
[0.482s] INFO:colcon.colcon_core.package_discovery:Crawling recursively for packages in '/home/giorgio/Leader-Follower_UWB/Leader-Follower_Simulation'
[0.482s] Level 1:colcon.colcon_core.package_identification:_identify(.) by extensions ['ignore', 'ignore_ament_install']
[0.482s] Level 1:colcon.colcon_core.package_identification:_identify(.) by extension 'ignore'
[0.482s] Level 1:colcon.colcon_core.package_identification:_identify(.) by extension 'ignore_ament_install'
[0.482s] Level 1:colcon.colcon_core.package_identification:_identify(.) by extensions ['colcon_pkg']
[0.482s] Level 1:colcon.colcon_core.package_identification:_identify(.) by extension 'colcon_pkg'
[0.482s] Level 1:colcon.colcon_core.package_identification:_identify(.) by extensions ['colcon_meta']
[0.482s] Level 1:colcon.colcon_core.package_identification:_identify(.) by extension 'colcon_meta'
[0.482s] Level 1:colcon.colcon_core.package_identification:_identify(.) by extensions ['ros']
[0.482s] Level 1:colcon.colcon_core.package_identification:_identify(.) by extension 'ros'
[0.536s] Level 1:colcon.colcon_core.package_identification:_identify(.) by extensions ['cmake', 'python']
[0.536s] Level 1:colcon.colcon_core.package_identification:_identify(.) by extension 'cmake'
[0.536s] Level 1:colcon.colcon_core.package_identification:_identify(.) by extension 'python'
[0.536s] Level 1:colcon.colcon_core.package_identification:_identify(.) by extensions ['python_setup_py']
[0.537s] Level 1:colcon.colcon_core.package_identification:_identify(.) by extension 'python_setup_py'
[0.537s] Level 1:colcon.colcon_core.package_identification:_identify(build) by extensions ['ignore', 'ignore_ament_install']
[0.537s] Level 1:colcon.colcon_core.package_identification:_identify(build) by extension 'ignore'
[0.537s] Level 1:colcon.colcon_core.package_identification:_identify(build) ignored
[0.537s] Level 1:colcon.colcon_core.package_identification:_identify(install) by extensions ['ignore', 'ignore_ament_install']
[0.537s] Level 1:colcon.colcon_core.package_identification:_identify(install) by extension 'ignore'
[0.537s] Level 1:colcon.colcon_core.package_identification:_identify(install) ignored
[0.537s] Level 1:colcon.colcon_core.package_identification:_identify(log) by extensions ['ignore', 'ignore_ament_install']
[0.537s] Level 1:colcon.colcon_core.package_identification:_identify(log) by extension 'ignore'
[0.537s] Level 1:colcon.colcon_core.package_identification:_identify(log) ignored
[0.537s] Level 1:colcon.colcon_core.package_identification:_identify(src) by extensions ['ignore', 'ignore_ament_install']
[0.537s] Level 1:colcon.colcon_core.package_identification:_identify(src) by extension 'ignore'
[0.537s] Level 1:colcon.colcon_core.package_identification:_identify(src) by extension 'ignore_ament_install'
[0.537s] Level 1:colcon.colcon_core.package_identification:_identify(src) by extensions ['colcon_pkg']
[0.537s] Level 1:colcon.colcon_core.package_identification:_identify(src) by extension 'colcon_pkg'
[0.538s] Level 1:colcon.colcon_core.package_identification:_identify(src) by extensions ['colcon_meta']
[0.538s] Level 1:colcon.colcon_core.package_identification:_identify(src) by extension 'colcon_meta'
[0.538s] Level 1:colcon.colcon_core.package_identification:_identify(src) by extensions ['ros']
[0.538s] Level 1:colcon.colcon_core.package_identification:_identify(src) by extension 'ros'
[0.538s] Level 1:colcon.colcon_core.package_identification:_identify(src) by extensions ['cmake', 'python']
[0.538s] Level 1:colcon.colcon_core.package_identification:_identify(src) by extension 'cmake'
[0.538s] Level 1:colcon.colcon_core.package_identification:_identify(src) by extension 'python'
[0.538s] Level 1:colcon.colcon_core.package_identification:_identify(src) by extensions ['python_setup_py']
[0.538s] Level 1:colcon.colcon_core.package_identification:_identify(src) by extension 'python_setup_py'
[0.538s] Level 1:colcon.colcon_core.package_identification:_identify(src/move_target) by extensions ['ignore', 'ignore_ament_install']
[0.538s] Level 1:colcon.colcon_core.package_identification:_identify(src/move_target) by extension 'ignore'
[0.538s] Level 1:colcon.colcon_core.package_identification:_identify(src/move_target) by extension 'ignore_ament_install'
[0.538s] Level 1:colcon.colcon_core.package_identification:_identify(src/move_target) by extensions ['colcon_pkg']
[0.538s] Level 1:colcon.colcon_core.package_identification:_identify(src/move_target) by extension 'colcon_pkg'
[0.538s] Level 1:colcon.colcon_core.package_identification:_identify(src/move_target) by extensions ['colcon_meta']
[0.538s] Level 1:colcon.colcon_core.package_identification:_identify(src/move_target) by extension 'colcon_meta'
[0.538s] Level 1:colcon.colcon_core.package_identification:_identify(src/move_target) by extensions ['ros']
[0.538s] Level 1:colcon.colcon_core.package_identification:_identify(src/move_target) by extension 'ros'
[0.546s] DEBUG:colcon.colcon_core.package_identification:Package 'src/move_target' with type 'ros.ament_cmake' and name 'move_target'
[0.546s] Level 1:colcon.colcon_core.package_identification:_identify(src/mymsg_msgs) by extensions ['ignore', 'ignore_ament_install']
[0.546s] Level 1:colcon.colcon_core.package_identification:_identify(src/mymsg_msgs) by extension 'ignore'
[0.546s] Level 1:colcon.colcon_core.package_identification:_identify(src/mymsg_msgs) by extension 'ignore_ament_install'
[0.546s] Level 1:colcon.colcon_core.package_identification:_identify(src/mymsg_msgs) by extensions ['colcon_pkg']
[0.546s] Level 1:colcon.colcon_core.package_identification:_identify(src/mymsg_msgs) by extension 'colcon_pkg'
[0.546s] Level 1:colcon.colcon_core.package_identification:_identify(src/mymsg_msgs) by extensions ['colcon_meta']
[0.546s] Level 1:colcon.colcon_core.package_identification:_identify(src/mymsg_msgs) by extension 'colcon_meta'
[0.546s] Level 1:colcon.colcon_core.package_identification:_identify(src/mymsg_msgs) by extensions ['ros']
[0.546s] Level 1:colcon.colcon_core.package_identification:_identify(src/mymsg_msgs) by extension 'ros'
[0.547s] DEBUG:colcon.colcon_core.package_identification:Package 'src/mymsg_msgs' with type 'ros.ament_cmake' and name 'mymsg_msgs'
[0.547s] Level 1:colcon.colcon_core.package_identification:_identify(src/offboard_control) by extensions ['ignore', 'ignore_ament_install']
[0.547s] Level 1:colcon.colcon_core.package_identification:_identify(src/offboard_control) by extension 'ignore'
[0.547s] Level 1:colcon.colcon_core.package_identification:_identify(src/offboard_control) by extension 'ignore_ament_install'
[0.547s] Level 1:colcon.colcon_core.package_identification:_identify(src/offboard_control) by extensions ['colcon_pkg']
[0.547s] Level 1:colcon.colcon_core.package_identification:_identify(src/offboard_control) by extension 'colcon_pkg'
[0.547s] Level 1:colcon.colcon_core.package_identification:_identify(src/offboard_control) by extensions ['colcon_meta']
[0.547s] Level 1:colcon.colcon_core.package_identification:_identify(src/offboard_control) by extension 'colcon_meta'
[0.547s] Level 1:colcon.colcon_core.package_identification:_identify(src/offboard_control) by extensions ['ros']
[0.547s] Level 1:colcon.colcon_core.package_identification:_identify(src/offboard_control) by extension 'ros'
[0.548s] DEBUG:colcon.colcon_core.package_identification:Package 'src/offboard_control' with type 'ros.ament_python' and name 'offboard_control'
[0.548s] Level 1:colcon.colcon_core.package_identification:_identify(src/px4_msgs) by extensions ['ignore', 'ignore_ament_install']
[0.548s] Level 1:colcon.colcon_core.package_identification:_identify(src/px4_msgs) by extension 'ignore'
[0.548s] Level 1:colcon.colcon_core.package_identification:_identify(src/px4_msgs) by extension 'ignore_ament_install'
[0.548s] Level 1:colcon.colcon_core.package_identification:_identify(src/px4_msgs) by extensions ['colcon_pkg']
[0.548s] Level 1:colcon.colcon_core.package_identification:_identify(src/px4_msgs) by extension 'colcon_pkg'
[0.548s] Level 1:colcon.colcon_core.package_identification:_identify(src/px4_msgs) by extensions ['colcon_meta']
[0.548s] Level 1:colcon.colcon_core.package_identification:_identify(src/px4_msgs) by extension 'colcon_meta'
[0.548s] Level 1:colcon.colcon_core.package_identification:_identify(src/px4_msgs) by extensions ['ros']
[0.548s] Level 1:colcon.colcon_core.package_identification:_identify(src/px4_msgs) by extension 'ros'
[0.549s] DEBUG:colcon.colcon_core.package_identification:Package 'src/px4_msgs' with type 'ros.ament_cmake' and name 'px4_msgs'
[0.549s] Level 1:colcon.colcon_core.package_identification:_identify(src/px4_ros_com) by extensions ['ignore', 'ignore_ament_install']
[0.549s] Level 1:colcon.colcon_core.package_identification:_identify(src/px4_ros_com) by extension 'ignore'
[0.549s] Level 1:colcon.colcon_core.package_identification:_identify(src/px4_ros_com) by extension 'ignore_ament_install'
[0.549s] Level 1:colcon.colcon_core.package_identification:_identify(src/px4_ros_com) by extensions ['colcon_pkg']
[0.549s] Level 1:colcon.colcon_core.package_identification:_identify(src/px4_ros_com) by extension 'colcon_pkg'
[0.549s] Level 1:colcon.colcon_core.package_identification:_identify(src/px4_ros_com) by extensions ['colcon_meta']
[0.549s] Level 1:colcon.colcon_core.package_identification:_identify(src/px4_ros_com) by extension 'colcon_meta'
[0.549s] Level 1:colcon.colcon_core.package_identification:_identify(src/px4_ros_com) by extensions ['ros']
[0.549s] Level 1:colcon.colcon_core.package_identification:_identify(src/px4_ros_com) by extension 'ros'
[0.550s] DEBUG:colcon.colcon_core.package_identification:Package 'src/px4_ros_com' with type 'ros.ament_cmake' and name 'px4_ros_com'
[0.550s] Level 1:colcon.colcon_core.package_identification:_identify(src/sensor_sim) by extensions ['ignore', 'ignore_ament_install']
[0.550s] Level 1:colcon.colcon_core.package_identification:_identify(src/sensor_sim) by extension 'ignore'
[0.550s] Level 1:colcon.colcon_core.package_identification:_identify(src/sensor_sim) by extension 'ignore_ament_install'
[0.550s] Level 1:colcon.colcon_core.package_identification:_identify(src/sensor_sim) by extensions ['colcon_pkg']
[0.550s] Level 1:colcon.colcon_core.package_identification:_identify(src/sensor_sim) by extension 'colcon_pkg'
[0.550s] Level 1:colcon.colcon_core.package_identification:_identify(src/sensor_sim) by extensions ['colcon_meta']
[0.550s] Level 1:colcon.colcon_core.package_identification:_identify(src/sensor_sim) by extension 'colcon_meta'
[0.550s] Level 1:colcon.colcon_core.package_identification:_identify(src/sensor_sim) by extensions ['ros']
[0.550s] Level 1:colcon.colcon_core.package_identification:_identify(src/sensor_sim) by extension 'ros'
[0.551s] DEBUG:colcon.colcon_core.package_identification:Package 'src/sensor_sim' with type 'ros.ament_python' and name 'sensor_sim'
[0.551s] Level 1:colcon.colcon_core.package_identification:_identify(worlds) by extensions ['ignore', 'ignore_ament_install']
[0.551s] Level 1:colcon.colcon_core.package_identification:_identify(worlds) by extension 'ignore'
[0.551s] Level 1:colcon.colcon_core.package_identification:_identify(worlds) by extension 'ignore_ament_install'
[0.551s] Level 1:colcon.colcon_core.package_identification:_identify(worlds) by extensions ['colcon_pkg']
[0.551s] Level 1:colcon.colcon_core.package_identification:_identify(worlds) by extension 'colcon_pkg'
[0.551s] Level 1:colcon.colcon_core.package_identification:_identify(worlds) by extensions ['colcon_meta']
[0.551s] Level 1:colcon.colcon_core.package_identification:_identify(worlds) by extension 'colcon_meta'
[0.551s] Level 1:colcon.colcon_core.package_identification:_identify(worlds) by extensions ['ros']
[0.551s] Level 1:colcon.colcon_core.package_identification:_identify(worlds) by extension 'ros'
[0.551s] Level 1:colcon.colcon_core.package_identification:_identify(worlds) by extensions ['cmake', 'python']
[0.551s] Level 1:colcon.colcon_core.package_identification:_identify(worlds) by extension 'cmake'
[0.551s] Level 1:colcon.colcon_core.package_identification:_identify(worlds) by extension 'python'
[0.551s] Level 1:colcon.colcon_core.package_identification:_identify(worlds) by extensions ['python_setup_py']
[0.551s] Level 1:colcon.colcon_core.package_identification:_identify(worlds) by extension 'python_setup_py'
[0.551s] Level 1:colcon.colcon_core.package_discovery:discover_packages(recursive) using defaults
[0.551s] Level 1:colcon.colcon_core.package_discovery:discover_packages(ignore) discover
[0.552s] Level 1:colcon.colcon_core.package_discovery:discover_packages(ignore) using defaults
[0.552s] Level 1:colcon.colcon_core.package_discovery:discover_packages(path) discover
[0.552s] Level 1:colcon.colcon_core.package_discovery:discover_packages(path) using defaults
[0.621s] Level 1:colcon.colcon_core.package_discovery:discover_packages(prefix_path) check parameters
[0.621s] Level 1:colcon.colcon_core.package_discovery:discover_packages(prefix_path) discover
[0.624s] DEBUG:colcon.colcon_installed_package_information.package_discovery:Found 280 installed packages in /opt/ros/humble
[0.626s] Level 1:colcon.colcon_core.package_discovery:discover_packages(prefix_path) using defaults
[0.661s] Level 5:colcon.colcon_core.verb:set package 'move_target' build argument 'cmake_args' from command line to 'None'
[0.661s] Level 5:colcon.colcon_core.verb:set package 'move_target' build argument 'cmake_target' from command line to 'None'
[0.661s] Level 5:colcon.colcon_core.verb:set package 'move_target' build argument 'cmake_target_skip_unavailable' from command line to 'False'
[0.661s] Level 5:colcon.colcon_core.verb:set package 'move_target' build argument 'cmake_clean_cache' from command line to 'False'
[0.661s] Level 5:colcon.colcon_core.verb:set package 'move_target' build argument 'cmake_clean_first' from command line to 'False'
[0.661s] Level 5:colcon.colcon_core.verb:set package 'move_target' build argument 'cmake_force_configure' from command line to 'False'
[0.661s] Level 5:colcon.colcon_core.verb:set package 'move_target' build argument 'ament_cmake_args' from command line to 'None'
[0.661s] Level 5:colcon.colcon_core.verb:set package 'move_target' build argument 'catkin_cmake_args' from command line to 'None'
[0.661s] Level 5:colcon.colcon_core.verb:set package 'move_target' build argument 'catkin_skip_building_tests' from command line to 'False'
[0.661s] DEBUG:colcon.colcon_core.verb:Building package 'move_target' with the following arguments: {'ament_cmake_args': None, 'build_base': '/home/giorgio/Leader-Follower_UWB/Leader-Follower_Simulation/build/move_target', 'catkin_cmake_args': None, 'catkin_skip_building_tests': False, 'cmake_args': None, 'cmake_clean_cache': False, 'cmake_clean_first': False, 'cmake_force_configure': False, 'cmake_target': None, 'cmake_target_skip_unavailable': False, 'install_base': '/home/giorgio/Leader-Follower_UWB/Leader-Follower_Simulation/install/move_target', 'merge_install': False, 'path': '/home/giorgio/Leader-Follower_UWB/Leader-Follower_Simulation/src/move_target', 'symlink_install': False, 'test_result_base': None}
[0.662s] Level 5:colcon.colcon_core.verb:set package 'mymsg_msgs' build argument 'cmake_args' from command line to 'None'
[0.662s] Level 5:colcon.colcon_core.verb:set package 'mymsg_msgs' build argument 'cmake_target' from command line to 'None'
[0.662s] Level 5:colcon.colcon_core.verb:set package 'mymsg_msgs' build argument 'cmake_target_skip_unavailable' from command line to 'False'
[0.662s] Level 5:colcon.colcon_core.verb:set package 'mymsg_msgs' build argument 'cmake_clean_cache' from command line to 'False'
[0.662s] Level 5:colcon.colcon_core.verb:set package 'mymsg_msgs' build argument 'cmake_clean_first' from command line to 'False'
[0.662s] Level 5:colcon.colcon_core.verb:set package 'mymsg_msgs' build argument 'cmake_force_configure' from command line to 'False'
[0.662s] Level 5:colcon.colcon_core.verb:set package 'mymsg_msgs' build argument 'ament_cmake_args' from command line to 'None'
[0.662s] Level 5:colcon.colcon_core.verb:set package 'mymsg_msgs' build argument 'catkin_cmake_args' from command line to 'None'
[0.662s] Level 5:colcon.colcon_core.verb:set package 'mymsg_msgs' build argument 'catkin_skip_building_tests' from command line to 'False'
[0.662s] DEBUG:colcon.colcon_core.verb:Building package 'mymsg_msgs' with the following arguments: {'ament_cmake_args': None, 'build_base': '/home/giorgio/Leader-Follower_UWB/Leader-Follower_Simulation/build/mymsg_msgs', 'catkin_cmake_args': None, 'catkin_skip_building_tests': False, 'cmake_args': None, 'cmake_clean_cache': False, 'cmake_clean_first': False, 'cmake_force_configure': False, 'cmake_target': None, 'cmake_target_skip_unavailable': False, 'install_base': '/home/giorgio/Leader-Follower_UWB/Leader-Follower_Simulation/install/mymsg_msgs', 'merge_install': False, 'path': '/home/giorgio/Leader-Follower_UWB/Leader-Follower_Simulation/src/mymsg_msgs', 'symlink_install': False, 'test_result_base': None}
[0.662s] Level 5:colcon.colcon_core.verb:set package 'px4_msgs' build argument 'cmake_args' from command line to 'None'
[0.662s] Level 5:colcon.colcon_core.verb:set package 'px4_msgs' build argument 'cmake_target' from command line to 'None'
[0.662s] Level 5:colcon.colcon_core.verb:set package 'px4_msgs' build argument 'cmake_target_skip_unavailable' from command line to 'False'
[0.662s] Level 5:colcon.colcon_core.verb:set package 'px4_msgs' build argument 'cmake_clean_cache' from command line to 'False'
[0.662s] Level 5:colcon.colcon_core.verb:set package 'px4_msgs' build argument 'cmake_clean_first' from command line to 'False'
[0.662s] Level 5:colcon.colcon_core.verb:set package 'px4_msgs' build argument 'cmake_force_configure' from command line to 'False'
[0.662s] Level 5:colcon.colcon_core.verb:set package 'px4_msgs' build argument 'ament_cmake_args' from command line to 'None'
[0.662s] Level 5:colcon.colcon_core.verb:set package 'px4_msgs' build argument 'catkin_cmake_args' from command line to 'None'
[0.662s] Level 5:colcon.colcon_core.verb:set package 'px4_msgs' build argument 'catkin_skip_building_tests' from command line to 'False'
[0.662s] DEBUG:colcon.colcon_core.verb:Building package 'px4_msgs' with the following arguments: {'ament_cmake_args': None, 'build_base': '/home/giorgio/Leader-Follower_UWB/Leader-Follower_Simulation/build/px4_msgs', 'catkin_cmake_args': None, 'catkin_skip_building_tests': False, 'cmake_args': None, 'cmake_clean_cache': False, 'cmake_clean_first': False, 'cmake_force_configure': False, 'cmake_target': None, 'cmake_target_skip_unavailable': False, 'install_base': '/home/giorgio/Leader-Follower_UWB/Leader-Follower_Simulation/install/px4_msgs', 'merge_install': False, 'path': '/home/giorgio/Leader-Follower_UWB/Leader-Follower_Simulation/src/px4_msgs', 'symlink_install': False, 'test_result_base': None}
[0.663s] Level 5:colcon.colcon_core.verb:set package 'offboard_control' build argument 'cmake_args' from command line to 'None'
[0.663s] Level 5:colcon.colcon_core.verb:set package 'offboard_control' build argument 'cmake_target' from command line to 'None'
[0.663s] Level 5:colcon.colcon_core.verb:set package 'offboard_control' build argument 'cmake_target_skip_unavailable' from command line to 'False'
[0.663s] Level 5:colcon.colcon_core.verb:set package 'offboard_control' build argument 'cmake_clean_cache' from command line to 'False'
[0.663s] Level 5:colcon.colcon_core.verb:set package 'offboard_control' build argument 'cmake_clean_first' from command line to 'False'
[0.663s] Level 5:colcon.colcon_core.verb:set package 'offboard_control' build argument 'cmake_force_configure' from command line to 'False'
[0.663s] Level 5:colcon.colcon_core.verb:set package 'offboard_control' build argument 'ament_cmake_args' from command line to 'None'
[0.663s] Level 5:colcon.colcon_core.verb:set package 'offboard_control' build argument 'catkin_cmake_args' from command line to 'None'
[0.663s] Level 5:colcon.colcon_core.verb:set package 'offboard_control' build argument 'catkin_skip_building_tests' from command line to 'False'
[0.663s] DEBUG:colcon.colcon_core.verb:Building package 'offboard_control' with the following arguments: {'ament_cmake_args': None, 'build_base': '/home/giorgio/Leader-Follower_UWB/Leader-Follower_Simulation/build/offboard_control', 'catkin_cmake_args': None, 'catkin_skip_building_tests': False, 'cmake_args': None, 'cmake_clean_cache': False, 'cmake_clean_first': False, 'cmake_force_configure': False, 'cmake_target': None, 'cmake_target_skip_unavailable': False, 'install_base': '/home/giorgio/Leader-Follower_UWB/Leader-Follower_Simulation/install/offboard_control', 'merge_install': False, 'path': '/home/giorgio/Leader-Follower_UWB/Leader-Follower_Simulation/src/offboard_control', 'symlink_install': False, 'test_result_base': None}
[0.663s] Level 5:colcon.colcon_core.verb:set package 'px4_ros_com' build argument 'cmake_args' from command line to 'None'
[0.663s] Level 5:colcon.colcon_core.verb:set package 'px4_ros_com' build argument 'cmake_target' from command line to 'None'
[0.663s] Level 5:colcon.colcon_core.verb:set package 'px4_ros_com' build argument 'cmake_target_skip_unavailable' from command line to 'False'
[0.663s] Level 5:colcon.colcon_core.verb:set package 'px4_ros_com' build argument 'cmake_clean_cache' from command line to 'False'
[0.663s] Level 5:colcon.colcon_core.verb:set package 'px4_ros_com' build argument 'cmake_clean_first' from command line to 'False'
[0.663s] Level 5:colcon.colcon_core.verb:set package 'px4_ros_com' build argument 'cmake_force_configure' from command line to 'False'
[0.663s] Level 5:colcon.colcon_core.verb:set package 'px4_ros_com' build argument 'ament_cmake_args' from command line to 'None'
[0.663s] Level 5:colcon.colcon_core.verb:set package 'px4_ros_com' build argument 'catkin_cmake_args' from command line to 'None'
[0.663s] Level 5:colcon.colcon_core.verb:set package 'px4_ros_com' build argument 'catkin_skip_building_tests' from command line to 'False'
[0.663s] DEBUG:colcon.colcon_core.verb:Building package 'px4_ros_com' with the following arguments: {'ament_cmake_args': None, 'build_base': '/home/giorgio/Leader-Follower_UWB/Leader-Follower_Simulation/build/px4_ros_com', 'catkin_cmake_args': None, 'catkin_skip_building_tests': False, 'cmake_args': None, 'cmake_clean_cache': False, 'cmake_clean_first': False, 'cmake_force_configure': False, 'cmake_target': None, 'cmake_target_skip_unavailable': False, 'install_base': '/home/giorgio/Leader-Follower_UWB/Leader-Follower_Simulation/install/px4_ros_com', 'merge_install': False, 'path': '/home/giorgio/Leader-Follower_UWB/Leader-Follower_Simulation/src/px4_ros_com', 'symlink_install': False, 'test_result_base': None}
[0.664s] Level 5:colcon.colcon_core.verb:set package 'sensor_sim' build argument 'cmake_args' from command line to 'None'
[0.664s] Level 5:colcon.colcon_core.verb:set package 'sensor_sim' build argument 'cmake_target' from command line to 'None'
[0.664s] Level 5:colcon.colcon_core.verb:set package 'sensor_sim' build argument 'cmake_target_skip_unavailable' from command line to 'False'
[0.664s] Level 5:colcon.colcon_core.verb:set package 'sensor_sim' build argument 'cmake_clean_cache' from command line to 'False'
[0.664s] Level 5:colcon.colcon_core.verb:set package 'sensor_sim' build argument 'cmake_clean_first' from command line to 'False'
[0.664s] Level 5:colcon.colcon_core.verb:set package 'sensor_sim' build argument 'cmake_force_configure' from command line to 'False'
[0.664s] Level 5:colcon.colcon_core.verb:set package 'sensor_sim' build argument 'ament_cmake_args' from command line to 'None'
[0.664s] Level 5:colcon.colcon_core.verb:set package 'sensor_sim' build argument 'catkin_cmake_args' from command line to 'None'
[0.664s] Level 5:colcon.colcon_core.verb:set package 'sensor_sim' build argument 'catkin_skip_building_tests' from command line to 'False'
[0.664s] DEBUG:colcon.colcon_core.verb:Building package 'sensor_sim' with the following arguments: {'ament_cmake_args': None, 'build_base': '/home/giorgio/Leader-Follower_UWB/Leader-Follower_Simulation/build/sensor_sim', 'catkin_cmake_args': None, 'catkin_skip_building_tests': False, 'cmake_args': None, 'cmake_clean_cache': False, 'cmake_clean_first': False, 'cmake_force_configure': False, 'cmake_target': None, 'cmake_target_skip_unavailable': False, 'install_base': '/home/giorgio/Leader-Follower_UWB/Leader-Follower_Simulation/install/sensor_sim', 'merge_install': False, 'path': '/home/giorgio/Leader-Follower_UWB/Leader-Follower_Simulation/src/sensor_sim', 'symlink_install': False, 'test_result_base': None}
[0.664s] INFO:colcon.colcon_core.executor:Executing jobs using 'parallel' executor
[0.665s] DEBUG:colcon.colcon_parallel_executor.executor.parallel:run_until_complete
[0.665s] INFO:colcon.colcon_ros.task.ament_cmake.build:Building ROS package in '/home/giorgio/Leader-Follower_UWB/Leader-Follower_Simulation/src/px4_msgs' with build type 'ament_cmake'
[0.665s] INFO:colcon.colcon_cmake.task.cmake.build:Building CMake package in '/home/giorgio/Leader-Follower_UWB/Leader-Follower_Simulation/src/px4_msgs'
[0.669s] INFO:colcon.colcon_core.plugin_system:Skipping extension 'colcon_core.shell.bat': Not used on non-Windows systems
[0.669s] INFO:colcon.colcon_core.shell:Skip shell extension 'powershell' for command environment: Not usable outside of PowerShell
[0.669s] DEBUG:colcon.colcon_core.shell:Skip shell extension 'dsv' for command environment
[0.671s] INFO:colcon.colcon_ros.task.ament_cmake.build:Building ROS package in '/home/giorgio/Leader-Follower_UWB/Leader-Follower_Simulation/src/mymsg_msgs' with build type 'ament_cmake'
[0.671s] INFO:colcon.colcon_cmake.task.cmake.build:Building CMake package in '/home/giorgio/Leader-Follower_UWB/Leader-Follower_Simulation/src/mymsg_msgs'
[0.671s] INFO:colcon.colcon_core.shell:Skip shell extension 'powershell' for command environment: Not usable outside of PowerShell
[0.671s] DEBUG:colcon.colcon_core.shell:Skip shell extension 'dsv' for command environment
[0.674s] INFO:colcon.colcon_ros.task.ament_cmake.build:Building ROS package in '/home/giorgio/Leader-Follower_UWB/Leader-Follower_Simulation/src/move_target' with build type 'ament_cmake'
[0.675s] INFO:colcon.colcon_cmake.task.cmake.build:Building CMake package in '/home/giorgio/Leader-Follower_UWB/Leader-Follower_Simulation/src/move_target'
[0.675s] INFO:colcon.colcon_core.shell:Skip shell extension 'powershell' for command environment: Not usable outside of PowerShell
[0.675s] DEBUG:colcon.colcon_core.shell:Skip shell extension 'dsv' for command environment
[0.681s] DEBUG:colcon.colcon_core.event_handler.log_command:Invoking command in '/home/giorgio/Leader-Follower_UWB/Leader-Follower_Simulation/build/px4_msgs': CMAKE_PREFIX_PATH=/opt/ros/humble /usr/bin/cmake /home/giorgio/Leader-Follower_UWB/Leader-Follower_Simulation/src/px4_msgs -DCMAKE_INSTALL_PREFIX=/home/giorgio/Leader-Follower_UWB/Leader-Follower_Simulation/install/px4_msgs
[0.683s] DEBUG:colcon.colcon_core.event_handler.log_command:Invoking command in '/home/giorgio/Leader-Follower_UWB/Leader-Follower_Simulation/build/mymsg_msgs': CMAKE_PREFIX_PATH=/opt/ros/humble /usr/bin/cmake /home/giorgio/Leader-Follower_UWB/Leader-Follower_Simulation/src/mymsg_msgs -DCMAKE_INSTALL_PREFIX=/home/giorgio/Leader-Follower_UWB/Leader-Follower_Simulation/install/mymsg_msgs
[0.685s] DEBUG:colcon.colcon_core.event_handler.log_command:Invoking command in '/home/giorgio/Leader-Follower_UWB/Leader-Follower_Simulation/build/move_target': CMAKE_PREFIX_PATH=/opt/ros/humble /usr/bin/cmake /home/giorgio/Leader-Follower_UWB/Leader-Follower_Simulation/src/move_target -DCMAKE_INSTALL_PREFIX=/home/giorgio/Leader-Follower_UWB/Leader-Follower_Simulation/install/move_target
[2.456s] DEBUG:colcon.colcon_core.event_handler.log_command:Invoked command in '/home/giorgio/Leader-Follower_UWB/Leader-Follower_Simulation/build/move_target' returned '0': CMAKE_PREFIX_PATH=/opt/ros/humble /usr/bin/cmake /home/giorgio/Leader-Follower_UWB/Leader-Follower_Simulation/src/move_target -DCMAKE_INSTALL_PREFIX=/home/giorgio/Leader-Follower_UWB/Leader-Follower_Simulation/install/move_target
[2.458s] DEBUG:colcon.colcon_core.event_handler.log_command:Invoking command in '/home/giorgio/Leader-Follower_UWB/Leader-Follower_Simulation/build/move_target': CMAKE_PREFIX_PATH=/opt/ros/humble /usr/bin/cmake --build /home/giorgio/Leader-Follower_UWB/Leader-Follower_Simulation/build/move_target -- -j8 -l8
[2.536s] DEBUG:colcon.colcon_core.event_handler.log_command:Invoked command in '/home/giorgio/Leader-Follower_UWB/Leader-Follower_Simulation/build/mymsg_msgs' returned '0': CMAKE_PREFIX_PATH=/opt/ros/humble /usr/bin/cmake /home/giorgio/Leader-Follower_UWB/Leader-Follower_Simulation/src/mymsg_msgs -DCMAKE_INSTALL_PREFIX=/home/giorgio/Leader-Follower_UWB/Leader-Follower_Simulation/install/mymsg_msgs
[2.537s] DEBUG:colcon.colcon_core.event_handler.log_command:Invoking command in '/home/giorgio/Leader-Follower_UWB/Leader-Follower_Simulation/build/mymsg_msgs': CMAKE_PREFIX_PATH=/opt/ros/humble /usr/bin/cmake --build /home/giorgio/Leader-Follower_UWB/Leader-Follower_Simulation/build/mymsg_msgs -- -j8 -l8
[5.525s] DEBUG:colcon.colcon_core.event_handler.log_command:Invoked command in '/home/giorgio/Leader-Follower_UWB/Leader-Follower_Simulation/build/px4_msgs' returned '0': CMAKE_PREFIX_PATH=/opt/ros/humble /usr/bin/cmake /home/giorgio/Leader-Follower_UWB/Leader-Follower_Simulation/src/px4_msgs -DCMAKE_INSTALL_PREFIX=/home/giorgio/Leader-Follower_UWB/Leader-Follower_Simulation/install/px4_msgs
[5.527s] DEBUG:colcon.colcon_core.event_handler.log_command:Invoking command in '/home/giorgio/Leader-Follower_UWB/Leader-Follower_Simulation/build/px4_msgs': CMAKE_PREFIX_PATH=/opt/ros/humble /usr/bin/cmake --build /home/giorgio/Leader-Follower_UWB/Leader-Follower_Simulation/build/px4_msgs -- -j8 -l8
[5.717s] DEBUG:colcon.colcon_core.event_handler.log_command:Invoked command in '/home/giorgio/Leader-Follower_UWB/Leader-Follower_Simulation/build/mymsg_msgs' returned '0': CMAKE_PREFIX_PATH=/opt/ros/humble /usr/bin/cmake --build /home/giorgio/Leader-Follower_UWB/Leader-Follower_Simulation/build/mymsg_msgs -- -j8 -l8
[5.763s] DEBUG:colcon.colcon_core.event_handler.log_command:Invoking command in '/home/giorgio/Leader-Follower_UWB/Leader-Follower_Simulation/build/mymsg_msgs': CMAKE_PREFIX_PATH=/opt/ros/humble /usr/bin/cmake --install /home/giorgio/Leader-Follower_UWB/Leader-Follower_Simulation/build/mymsg_msgs
[5.848s] Level 1:colcon.colcon_core.environment:create_environment_scripts_only(mymsg_msgs)
[5.849s] DEBUG:colcon.colcon_core.event_handler.log_command:Invoked command in '/home/giorgio/Leader-Follower_UWB/Leader-Follower_Simulation/build/mymsg_msgs' returned '0': CMAKE_PREFIX_PATH=/opt/ros/humble /usr/bin/cmake --install /home/giorgio/Leader-Follower_UWB/Leader-Follower_Simulation/build/mymsg_msgs
[5.853s] Level 1:colcon.colcon_core.environment:checking '/home/giorgio/Leader-Follower_UWB/Leader-Follower_Simulation/install/mymsg_msgs' for CMake module files
[5.853s] Level 1:colcon.colcon_core.environment:checking '/home/giorgio/Leader-Follower_UWB/Leader-Follower_Simulation/install/mymsg_msgs' for CMake config files
[5.854s] Level 1:colcon.colcon_core.shell:create_environment_hook('mymsg_msgs', 'cmake_prefix_path')
[5.854s] INFO:colcon.colcon_core.shell:Creating environment hook '/home/giorgio/Leader-Follower_UWB/Leader-Follower_Simulation/install/mymsg_msgs/share/mymsg_msgs/hook/cmake_prefix_path.ps1'
[5.855s] INFO:colcon.colcon_core.shell:Creating environment descriptor '/home/giorgio/Leader-Follower_UWB/Leader-Follower_Simulation/install/mymsg_msgs/share/mymsg_msgs/hook/cmake_prefix_path.dsv'
[5.855s] INFO:colcon.colcon_core.shell:Creating environment hook '/home/giorgio/Leader-Follower_UWB/Leader-Follower_Simulation/install/mymsg_msgs/share/mymsg_msgs/hook/cmake_prefix_path.sh'
[5.856s] Level 1:colcon.colcon_core.environment:checking '/home/giorgio/Leader-Follower_UWB/Leader-Follower_Simulation/install/mymsg_msgs/lib'
[5.856s] Level 1:colcon.colcon_core.shell:create_environment_hook('mymsg_msgs', 'ld_library_path_lib')
[5.856s] INFO:colcon.colcon_core.shell:Creating environment hook '/home/giorgio/Leader-Follower_UWB/Leader-Follower_Simulation/install/mymsg_msgs/share/mymsg_msgs/hook/ld_library_path_lib.ps1'
[5.857s] INFO:colcon.colcon_core.shell:Creating environment descriptor '/home/giorgio/Leader-Follower_UWB/Leader-Follower_Simulation/install/mymsg_msgs/share/mymsg_msgs/hook/ld_library_path_lib.dsv'
[5.857s] INFO:colcon.colcon_core.shell:Creating environment hook '/home/giorgio/Leader-Follower_UWB/Leader-Follower_Simulation/install/mymsg_msgs/share/mymsg_msgs/hook/ld_library_path_lib.sh'
[5.857s] Level 1:colcon.colcon_core.environment:checking '/home/giorgio/Leader-Follower_UWB/Leader-Follower_Simulation/install/mymsg_msgs/bin'
[5.857s] Level 1:colcon.colcon_core.environment:checking '/home/giorgio/Leader-Follower_UWB/Leader-Follower_Simulation/install/mymsg_msgs/lib/pkgconfig/mymsg_msgs.pc'
[5.857s] Level 1:colcon.colcon_core.environment:checking '/home/giorgio/Leader-Follower_UWB/Leader-Follower_Simulation/install/mymsg_msgs/lib/python3.10/site-packages'
[5.858s] Level 1:colcon.colcon_core.environment:checking '/home/giorgio/Leader-Follower_UWB/Leader-Follower_Simulation/install/mymsg_msgs/bin'
[5.858s] INFO:colcon.colcon_core.shell:Creating package script '/home/giorgio/Leader-Follower_UWB/Leader-Follower_Simulation/install/mymsg_msgs/share/mymsg_msgs/package.ps1'
[5.859s] INFO:colcon.colcon_core.shell:Creating package descriptor '/home/giorgio/Leader-Follower_UWB/Leader-Follower_Simulation/install/mymsg_msgs/share/mymsg_msgs/package.dsv'
[5.860s] INFO:colcon.colcon_core.shell:Creating package script '/home/giorgio/Leader-Follower_UWB/Leader-Follower_Simulation/install/mymsg_msgs/share/mymsg_msgs/package.sh'
[5.861s] INFO:colcon.colcon_core.shell:Creating package script '/home/giorgio/Leader-Follower_UWB/Leader-Follower_Simulation/install/mymsg_msgs/share/mymsg_msgs/package.bash'
[5.861s] INFO:colcon.colcon_core.shell:Creating package script '/home/giorgio/Leader-Follower_UWB/Leader-Follower_Simulation/install/mymsg_msgs/share/mymsg_msgs/package.zsh'
[5.862s] Level 1:colcon.colcon_core.environment:create_file_with_runtime_dependencies(/home/giorgio/Leader-Follower_UWB/Leader-Follower_Simulation/install/mymsg_msgs/share/colcon-core/packages/mymsg_msgs)
[5.900s] Level 1:colcon.colcon_core.environment:create_environment_scripts_only(mymsg_msgs)
[5.901s] Level 1:colcon.colcon_core.environment:checking '/home/giorgio/Leader-Follower_UWB/Leader-Follower_Simulation/install/mymsg_msgs' for CMake module files
[5.902s] Level 1:colcon.colcon_core.environment:checking '/home/giorgio/Leader-Follower_UWB/Leader-Follower_Simulation/install/mymsg_msgs' for CMake config files
[5.902s] Level 1:colcon.colcon_core.shell:create_environment_hook('mymsg_msgs', 'cmake_prefix_path')
[5.903s] INFO:colcon.colcon_core.shell:Creating environment hook '/home/giorgio/Leader-Follower_UWB/Leader-Follower_Simulation/install/mymsg_msgs/share/mymsg_msgs/hook/cmake_prefix_path.ps1'
[5.903s] INFO:colcon.colcon_core.shell:Creating environment descriptor '/home/giorgio/Leader-Follower_UWB/Leader-Follower_Simulation/install/mymsg_msgs/share/mymsg_msgs/hook/cmake_prefix_path.dsv'
[5.904s] INFO:colcon.colcon_core.shell:Creating environment hook '/home/giorgio/Leader-Follower_UWB/Leader-Follower_Simulation/install/mymsg_msgs/share/mymsg_msgs/hook/cmake_prefix_path.sh'
[5.904s] Level 1:colcon.colcon_core.environment:checking '/home/giorgio/Leader-Follower_UWB/Leader-Follower_Simulation/install/mymsg_msgs/lib'
[5.904s] Level 1:colcon.colcon_core.shell:create_environment_hook('mymsg_msgs', 'ld_library_path_lib')
[5.905s] INFO:colcon.colcon_core.shell:Creating environment hook '/home/giorgio/Leader-Follower_UWB/Leader-Follower_Simulation/install/mymsg_msgs/share/mymsg_msgs/hook/ld_library_path_lib.ps1'
[5.905s] INFO:colcon.colcon_core.shell:Creating environment descriptor '/home/giorgio/Leader-Follower_UWB/Leader-Follower_Simulation/install/mymsg_msgs/share/mymsg_msgs/hook/ld_library_path_lib.dsv'
[5.906s] INFO:colcon.colcon_core.shell:Creating environment hook '/home/giorgio/Leader-Follower_UWB/Leader-Follower_Simulation/install/mymsg_msgs/share/mymsg_msgs/hook/ld_library_path_lib.sh'
[5.906s] Level 1:colcon.colcon_core.environment:checking '/home/giorgio/Leader-Follower_UWB/Leader-Follower_Simulation/install/mymsg_msgs/bin'
[5.906s] Level 1:colcon.colcon_core.environment:checking '/home/giorgio/Leader-Follower_UWB/Leader-Follower_Simulation/install/mymsg_msgs/lib/pkgconfig/mymsg_msgs.pc'
[5.907s] Level 1:colcon.colcon_core.environment:checking '/home/giorgio/Leader-Follower_UWB/Leader-Follower_Simulation/install/mymsg_msgs/lib/python3.10/site-packages'
[5.907s] Level 1:colcon.colcon_core.environment:checking '/home/giorgio/Leader-Follower_UWB/Leader-Follower_Simulation/install/mymsg_msgs/bin'
[5.908s] INFO:colcon.colcon_core.shell:Creating package script '/home/giorgio/Leader-Follower_UWB/Leader-Follower_Simulation/install/mymsg_msgs/share/mymsg_msgs/package.ps1'
[5.909s] INFO:colcon.colcon_core.shell:Creating package descriptor '/home/giorgio/Leader-Follower_UWB/Leader-Follower_Simulation/install/mymsg_msgs/share/mymsg_msgs/package.dsv'
[5.910s] INFO:colcon.colcon_core.shell:Creating package script '/home/giorgio/Leader-Follower_UWB/Leader-Follower_Simulation/install/mymsg_msgs/share/mymsg_msgs/package.sh'
[5.910s] INFO:colcon.colcon_core.shell:Creating package script '/home/giorgio/Leader-Follower_UWB/Leader-Follower_Simulation/install/mymsg_msgs/share/mymsg_msgs/package.bash'
[5.911s] INFO:colcon.colcon_core.shell:Creating package script '/home/giorgio/Leader-Follower_UWB/Leader-Follower_Simulation/install/mymsg_msgs/share/mymsg_msgs/package.zsh'
[5.911s] Level 1:colcon.colcon_core.environment:create_file_with_runtime_dependencies(/home/giorgio/Leader-Follower_UWB/Leader-Follower_Simulation/install/mymsg_msgs/share/colcon-core/packages/mymsg_msgs)
[7.879s] DEBUG:colcon.colcon_core.event_handler.log_command:Invoked command in '/home/giorgio/Leader-Follower_UWB/Leader-Follower_Simulation/build/move_target' returned '0': CMAKE_PREFIX_PATH=/opt/ros/humble /usr/bin/cmake --build /home/giorgio/Leader-Follower_UWB/Leader-Follower_Simulation/build/move_target -- -j8 -l8
[7.898s] DEBUG:colcon.colcon_core.event_handler.log_command:Invoking command in '/home/giorgio/Leader-Follower_UWB/Leader-Follower_Simulation/build/move_target': CMAKE_PREFIX_PATH=/opt/ros/humble /usr/bin/cmake --install /home/giorgio/Leader-Follower_UWB/Leader-Follower_Simulation/build/move_target
[7.934s] Level 1:colcon.colcon_core.environment:create_environment_scripts_only(move_target)
[7.934s] Level 1:colcon.colcon_core.environment:checking '/home/giorgio/Leader-Follower_UWB/Leader-Follower_Simulation/install/move_target' for CMake module files
[7.935s] DEBUG:colcon.colcon_core.event_handler.log_command:Invoked command in '/home/giorgio/Leader-Follower_UWB/Leader-Follower_Simulation/build/move_target' returned '0': CMAKE_PREFIX_PATH=/opt/ros/humble /usr/bin/cmake --install /home/giorgio/Leader-Follower_UWB/Leader-Follower_Simulation/build/move_target
[7.935s] Level 1:colcon.colcon_core.environment:checking '/home/giorgio/Leader-Follower_UWB/Leader-Follower_Simulation/install/move_target' for CMake config files
[7.936s] Level 1:colcon.colcon_core.shell:create_environment_hook('move_target', 'cmake_prefix_path')
[7.936s] INFO:colcon.colcon_core.shell:Creating environment hook '/home/giorgio/Leader-Follower_UWB/Leader-Follower_Simulation/install/move_target/share/move_target/hook/cmake_prefix_path.ps1'
[7.936s] INFO:colcon.colcon_core.shell:Creating environment descriptor '/home/giorgio/Leader-Follower_UWB/Leader-Follower_Simulation/install/move_target/share/move_target/hook/cmake_prefix_path.dsv'
[7.937s] INFO:colcon.colcon_core.shell:Creating environment hook '/home/giorgio/Leader-Follower_UWB/Leader-Follower_Simulation/install/move_target/share/move_target/hook/cmake_prefix_path.sh'
[7.937s] Level 1:colcon.colcon_core.environment:checking '/home/giorgio/Leader-Follower_UWB/Leader-Follower_Simulation/install/move_target/lib'
[7.937s] Level 1:colcon.colcon_core.environment:checking '/home/giorgio/Leader-Follower_UWB/Leader-Follower_Simulation/install/move_target/bin'
[7.938s] Level 1:colcon.colcon_core.environment:checking '/home/giorgio/Leader-Follower_UWB/Leader-Follower_Simulation/install/move_target/lib/pkgconfig/move_target.pc'
[7.938s] Level 1:colcon.colcon_core.environment:checking '/home/giorgio/Leader-Follower_UWB/Leader-Follower_Simulation/install/move_target/lib/python3.10/site-packages'
[7.938s] Level 1:colcon.colcon_core.environment:checking '/home/giorgio/Leader-Follower_UWB/Leader-Follower_Simulation/install/move_target/bin'
[7.939s] INFO:colcon.colcon_core.shell:Creating package script '/home/giorgio/Leader-Follower_UWB/Leader-Follower_Simulation/install/move_target/share/move_target/package.ps1'
[7.939s] INFO:colcon.colcon_core.shell:Creating package descriptor '/home/giorgio/Leader-Follower_UWB/Leader-Follower_Simulation/install/move_target/share/move_target/package.dsv'
[7.939s] INFO:colcon.colcon_core.shell:Creating package script '/home/giorgio/Leader-Follower_UWB/Leader-Follower_Simulation/install/move_target/share/move_target/package.sh'
[7.940s] INFO:colcon.colcon_core.shell:Creating package script '/home/giorgio/Leader-Follower_UWB/Leader-Follower_Simulation/install/move_target/share/move_target/package.bash'
[7.940s] INFO:colcon.colcon_core.shell:Creating package script '/home/giorgio/Leader-Follower_UWB/Leader-Follower_Simulation/install/move_target/share/move_target/package.zsh'
[7.940s] Level 1:colcon.colcon_core.environment:create_file_with_runtime_dependencies(/home/giorgio/Leader-Follower_UWB/Leader-Follower_Simulation/install/move_target/share/colcon-core/packages/move_target)
[7.960s] Level 1:colcon.colcon_core.environment:create_environment_scripts_only(move_target)
[7.960s] Level 1:colcon.colcon_core.environment:checking '/home/giorgio/Leader-Follower_UWB/Leader-Follower_Simulation/install/move_target' for CMake module files
[7.960s] Level 1:colcon.colcon_core.environment:checking '/home/giorgio/Leader-Follower_UWB/Leader-Follower_Simulation/install/move_target' for CMake config files
[7.961s] Level 1:colcon.colcon_core.shell:create_environment_hook('move_target', 'cmake_prefix_path')
[7.961s] INFO:colcon.colcon_core.shell:Creating environment hook '/home/giorgio/Leader-Follower_UWB/Leader-Follower_Simulation/install/move_target/share/move_target/hook/cmake_prefix_path.ps1'
[7.961s] INFO:colcon.colcon_core.shell:Creating environment descriptor '/home/giorgio/Leader-Follower_UWB/Leader-Follower_Simulation/install/move_target/share/move_target/hook/cmake_prefix_path.dsv'
[7.961s] INFO:colcon.colcon_core.shell:Creating environment hook '/home/giorgio/Leader-Follower_UWB/Leader-Follower_Simulation/install/move_target/share/move_target/hook/cmake_prefix_path.sh'
[7.962s] Level 1:colcon.colcon_core.environment:checking '/home/giorgio/Leader-Follower_UWB/Leader-Follower_Simulation/install/move_target/lib'
[7.962s] Level 1:colcon.colcon_core.environment:checking '/home/giorgio/Leader-Follower_UWB/Leader-Follower_Simulation/install/move_target/bin'
[7.962s] Level 1:colcon.colcon_core.environment:checking '/home/giorgio/Leader-Follower_UWB/Leader-Follower_Simulation/install/move_target/lib/pkgconfig/move_target.pc'
[7.962s] Level 1:colcon.colcon_core.environment:checking '/home/giorgio/Leader-Follower_UWB/Leader-Follower_Simulation/install/move_target/lib/python3.10/site-packages'
[7.962s] Level 1:colcon.colcon_core.environment:checking '/home/giorgio/Leader-Follower_UWB/Leader-Follower_Simulation/install/move_target/bin'
[7.963s] INFO:colcon.colcon_core.shell:Creating package script '/home/giorgio/Leader-Follower_UWB/Leader-Follower_Simulation/install/move_target/share/move_target/package.ps1'
[7.963s] INFO:colcon.colcon_core.shell:Creating package descriptor '/home/giorgio/Leader-Follower_UWB/Leader-Follower_Simulation/install/move_target/share/move_target/package.dsv'
[7.964s] INFO:colcon.colcon_core.shell:Creating package script '/home/giorgio/Leader-Follower_UWB/Leader-Follower_Simulation/install/move_target/share/move_target/package.sh'
[7.964s] INFO:colcon.colcon_core.shell:Creating package script '/home/giorgio/Leader-Follower_UWB/Leader-Follower_Simulation/install/move_target/share/move_target/package.bash'
[7.964s] INFO:colcon.colcon_core.shell:Creating package script '/home/giorgio/Leader-Follower_UWB/Leader-Follower_Simulation/install/move_target/share/move_target/package.zsh'
[7.965s] Level 1:colcon.colcon_core.environment:create_file_with_runtime_dependencies(/home/giorgio/Leader-Follower_UWB/Leader-Follower_Simulation/install/move_target/share/colcon-core/packages/move_target)
[279.843s] DEBUG:colcon.colcon_core.event_handler.log_command:Invoked command in '/home/giorgio/Leader-Follower_UWB/Leader-Follower_Simulation/build/px4_msgs' returned '0': CMAKE_PREFIX_PATH=/opt/ros/humble /usr/bin/cmake --build /home/giorgio/Leader-Follower_UWB/Leader-Follower_Simulation/build/px4_msgs -- -j8 -l8
[282.232s] DEBUG:colcon.colcon_core.event_handler.log_command:Invoking command in '/home/giorgio/Leader-Follower_UWB/Leader-Follower_Simulation/build/px4_msgs': CMAKE_PREFIX_PATH=/opt/ros/humble /usr/bin/cmake --install /home/giorgio/Leader-Follower_UWB/Leader-Follower_Simulation/build/px4_msgs
[283.106s] Level 1:colcon.colcon_core.environment:create_environment_scripts_only(px4_msgs)
[283.106s] DEBUG:colcon.colcon_core.event_handler.log_command:Invoked command in '/home/giorgio/Leader-Follower_UWB/Leader-Follower_Simulation/build/px4_msgs' returned '0': CMAKE_PREFIX_PATH=/opt/ros/humble /usr/bin/cmake --install /home/giorgio/Leader-Follower_UWB/Leader-Follower_Simulation/build/px4_msgs
[283.107s] Level 1:colcon.colcon_core.environment:checking '/home/giorgio/Leader-Follower_UWB/Leader-Follower_Simulation/install/px4_msgs' for CMake module files
[283.107s] Level 1:colcon.colcon_core.environment:checking '/home/giorgio/Leader-Follower_UWB/Leader-Follower_Simulation/install/px4_msgs' for CMake config files
[283.112s] Level 1:colcon.colcon_core.shell:create_environment_hook('px4_msgs', 'cmake_prefix_path')
[283.112s] INFO:colcon.colcon_core.shell:Creating environment hook '/home/giorgio/Leader-Follower_UWB/Leader-Follower_Simulation/install/px4_msgs/share/px4_msgs/hook/cmake_prefix_path.ps1'
[283.112s] INFO:colcon.colcon_core.shell:Creating environment descriptor '/home/giorgio/Leader-Follower_UWB/Leader-Follower_Simulation/install/px4_msgs/share/px4_msgs/hook/cmake_prefix_path.dsv'
[283.113s] INFO:colcon.colcon_core.shell:Creating environment hook '/home/giorgio/Leader-Follower_UWB/Leader-Follower_Simulation/install/px4_msgs/share/px4_msgs/hook/cmake_prefix_path.sh'
[283.113s] Level 1:colcon.colcon_core.environment:checking '/home/giorgio/Leader-Follower_UWB/Leader-Follower_Simulation/install/px4_msgs/lib'
[283.113s] Level 1:colcon.colcon_core.shell:create_environment_hook('px4_msgs', 'ld_library_path_lib')
[283.113s] INFO:colcon.colcon_core.shell:Creating environment hook '/home/giorgio/Leader-Follower_UWB/Leader-Follower_Simulation/install/px4_msgs/share/px4_msgs/hook/ld_library_path_lib.ps1'
[283.114s] INFO:colcon.colcon_core.shell:Creating environment descriptor '/home/giorgio/Leader-Follower_UWB/Leader-Follower_Simulation/install/px4_msgs/share/px4_msgs/hook/ld_library_path_lib.dsv'
[283.114s] INFO:colcon.colcon_core.shell:Creating environment hook '/home/giorgio/Leader-Follower_UWB/Leader-Follower_Simulation/install/px4_msgs/share/px4_msgs/hook/ld_library_path_lib.sh'
[283.114s] Level 1:colcon.colcon_core.environment:checking '/home/giorgio/Leader-Follower_UWB/Leader-Follower_Simulation/install/px4_msgs/bin'
[283.114s] Level 1:colcon.colcon_core.environment:checking '/home/giorgio/Leader-Follower_UWB/Leader-Follower_Simulation/install/px4_msgs/lib/pkgconfig/px4_msgs.pc'
[283.115s] Level 1:colcon.colcon_core.environment:checking '/home/giorgio/Leader-Follower_UWB/Leader-Follower_Simulation/install/px4_msgs/lib/python3.10/site-packages'
[283.115s] Level 1:colcon.colcon_core.environment:checking '/home/giorgio/Leader-Follower_UWB/Leader-Follower_Simulation/install/px4_msgs/bin'
[283.115s] INFO:colcon.colcon_core.shell:Creating package script '/home/giorgio/Leader-Follower_UWB/Leader-Follower_Simulation/install/px4_msgs/share/px4_msgs/package.ps1'
[283.116s] INFO:colcon.colcon_core.shell:Creating package descriptor '/home/giorgio/Leader-Follower_UWB/Leader-Follower_Simulation/install/px4_msgs/share/px4_msgs/package.dsv'
[283.116s] INFO:colcon.colcon_core.shell:Creating package script '/home/giorgio/Leader-Follower_UWB/Leader-Follower_Simulation/install/px4_msgs/share/px4_msgs/package.sh'
[283.117s] INFO:colcon.colcon_core.shell:Creating package script '/home/giorgio/Leader-Follower_UWB/Leader-Follower_Simulation/install/px4_msgs/share/px4_msgs/package.bash'
[283.117s] INFO:colcon.colcon_core.shell:Creating package script '/home/giorgio/Leader-Follower_UWB/Leader-Follower_Simulation/install/px4_msgs/share/px4_msgs/package.zsh'
[283.117s] Level 1:colcon.colcon_core.environment:create_file_with_runtime_dependencies(/home/giorgio/Leader-Follower_UWB/Leader-Follower_Simulation/install/px4_msgs/share/colcon-core/packages/px4_msgs)
[285.438s] Level 1:colcon.colcon_core.environment:create_environment_scripts_only(px4_msgs)
[285.439s] Level 1:colcon.colcon_core.environment:checking '/home/giorgio/Leader-Follower_UWB/Leader-Follower_Simulation/install/px4_msgs' for CMake module files
[285.439s] Level 1:colcon.colcon_core.environment:checking '/home/giorgio/Leader-Follower_UWB/Leader-Follower_Simulation/install/px4_msgs' for CMake config files
[285.443s] Level 1:colcon.colcon_core.shell:create_environment_hook('px4_msgs', 'cmake_prefix_path')
[285.443s] INFO:colcon.colcon_core.shell:Creating environment hook '/home/giorgio/Leader-Follower_UWB/Leader-Follower_Simulation/install/px4_msgs/share/px4_msgs/hook/cmake_prefix_path.ps1'
[285.443s] INFO:colcon.colcon_core.shell:Creating environment descriptor '/home/giorgio/Leader-Follower_UWB/Leader-Follower_Simulation/install/px4_msgs/share/px4_msgs/hook/cmake_prefix_path.dsv'
[285.444s] INFO:colcon.colcon_core.shell:Creating environment hook '/home/giorgio/Leader-Follower_UWB/Leader-Follower_Simulation/install/px4_msgs/share/px4_msgs/hook/cmake_prefix_path.sh'
[285.444s] Level 1:colcon.colcon_core.environment:checking '/home/giorgio/Leader-Follower_UWB/Leader-Follower_Simulation/install/px4_msgs/lib'
[285.444s] Level 1:colcon.colcon_core.shell:create_environment_hook('px4_msgs', 'ld_library_path_lib')
[285.444s] INFO:colcon.colcon_core.shell:Creating environment hook '/home/giorgio/Leader-Follower_UWB/Leader-Follower_Simulation/install/px4_msgs/share/px4_msgs/hook/ld_library_path_lib.ps1'
[285.445s] INFO:colcon.colcon_core.shell:Creating environment descriptor '/home/giorgio/Leader-Follower_UWB/Leader-Follower_Simulation/install/px4_msgs/share/px4_msgs/hook/ld_library_path_lib.dsv'
[285.445s] INFO:colcon.colcon_core.shell:Creating environment hook '/home/giorgio/Leader-Follower_UWB/Leader-Follower_Simulation/install/px4_msgs/share/px4_msgs/hook/ld_library_path_lib.sh'
[285.445s] Level 1:colcon.colcon_core.environment:checking '/home/giorgio/Leader-Follower_UWB/Leader-Follower_Simulation/install/px4_msgs/bin'
[285.445s] Level 1:colcon.colcon_core.environment:checking '/home/giorgio/Leader-Follower_UWB/Leader-Follower_Simulation/install/px4_msgs/lib/pkgconfig/px4_msgs.pc'
[285.445s] Level 1:colcon.colcon_core.environment:checking '/home/giorgio/Leader-Follower_UWB/Leader-Follower_Simulation/install/px4_msgs/lib/python3.10/site-packages'
[285.446s] Level 1:colcon.colcon_core.environment:checking '/home/giorgio/Leader-Follower_UWB/Leader-Follower_Simulation/install/px4_msgs/bin'
[285.446s] INFO:colcon.colcon_core.shell:Creating package script '/home/giorgio/Leader-Follower_UWB/Leader-Follower_Simulation/install/px4_msgs/share/px4_msgs/package.ps1'
[285.446s] INFO:colcon.colcon_core.shell:Creating package descriptor '/home/giorgio/Leader-Follower_UWB/Leader-Follower_Simulation/install/px4_msgs/share/px4_msgs/package.dsv'
[285.447s] INFO:colcon.colcon_core.shell:Creating package script '/home/giorgio/Leader-Follower_UWB/Leader-Follower_Simulation/install/px4_msgs/share/px4_msgs/package.sh'
[285.451s] INFO:colcon.colcon_core.shell:Creating package script '/home/giorgio/Leader-Follower_UWB/Leader-Follower_Simulation/install/px4_msgs/share/px4_msgs/package.bash'
[285.451s] INFO:colcon.colcon_core.shell:Creating package script '/home/giorgio/Leader-Follower_UWB/Leader-Follower_Simulation/install/px4_msgs/share/px4_msgs/package.zsh'
[285.451s] Level 1:colcon.colcon_core.environment:create_file_with_runtime_dependencies(/home/giorgio/Leader-Follower_UWB/Leader-Follower_Simulation/install/px4_msgs/share/colcon-core/packages/px4_msgs)
[285.452s] INFO:colcon.colcon_ros.task.ament_python.build:Building ROS package in '/home/giorgio/Leader-Follower_UWB/Leader-Follower_Simulation/src/offboard_control' with build type 'ament_python'
[285.452s] Level 1:colcon.colcon_core.shell:create_environment_hook('offboard_control', 'ament_prefix_path')
[285.452s] INFO:colcon.colcon_core.shell:Creating environment hook '/home/giorgio/Leader-Follower_UWB/Leader-Follower_Simulation/install/offboard_control/share/offboard_control/hook/ament_prefix_path.ps1'
[285.453s] INFO:colcon.colcon_core.shell:Creating environment descriptor '/home/giorgio/Leader-Follower_UWB/Leader-Follower_Simulation/install/offboard_control/share/offboard_control/hook/ament_prefix_path.dsv'
[285.453s] INFO:colcon.colcon_core.shell:Creating environment hook '/home/giorgio/Leader-Follower_UWB/Leader-Follower_Simulation/install/offboard_control/share/offboard_control/hook/ament_prefix_path.sh'
[285.453s] INFO:colcon.colcon_core.shell:Skip shell extension 'powershell' for command environment: Not usable outside of PowerShell
[285.453s] DEBUG:colcon.colcon_core.shell:Skip shell extension 'dsv' for command environment
[285.455s] INFO:colcon.colcon_ros.task.ament_cmake.build:Building ROS package in '/home/giorgio/Leader-Follower_UWB/Leader-Follower_Simulation/src/px4_ros_com' with build type 'ament_cmake'
[285.456s] INFO:colcon.colcon_cmake.task.cmake.build:Building CMake package in '/home/giorgio/Leader-Follower_UWB/Leader-Follower_Simulation/src/px4_ros_com'
[285.456s] INFO:colcon.colcon_core.shell:Skip shell extension 'powershell' for command environment: Not usable outside of PowerShell
[285.456s] DEBUG:colcon.colcon_core.shell:Skip shell extension 'dsv' for command environment
[285.459s] INFO:colcon.colcon_ros.task.ament_python.build:Building ROS package in '/home/giorgio/Leader-Follower_UWB/Leader-Follower_Simulation/src/sensor_sim' with build type 'ament_python'
[285.459s] Level 1:colcon.colcon_core.shell:create_environment_hook('sensor_sim', 'ament_prefix_path')
[285.459s] INFO:colcon.colcon_core.shell:Creating environment hook '/home/giorgio/Leader-Follower_UWB/Leader-Follower_Simulation/install/sensor_sim/share/sensor_sim/hook/ament_prefix_path.ps1'
[285.460s] INFO:colcon.colcon_core.shell:Creating environment descriptor '/home/giorgio/Leader-Follower_UWB/Leader-Follower_Simulation/install/sensor_sim/share/sensor_sim/hook/ament_prefix_path.dsv'
[285.460s] INFO:colcon.colcon_core.shell:Creating environment hook '/home/giorgio/Leader-Follower_UWB/Leader-Follower_Simulation/install/sensor_sim/share/sensor_sim/hook/ament_prefix_path.sh'
[285.461s] INFO:colcon.colcon_core.shell:Skip shell extension 'powershell' for command environment: Not usable outside of PowerShell
[285.461s] DEBUG:colcon.colcon_core.shell:Skip shell extension 'dsv' for command environment
[285.852s] INFO:colcon.colcon_core.task.python.build:Building Python package in '/home/giorgio/Leader-Follower_UWB/Leader-Follower_Simulation/src/offboard_control'
[285.852s] INFO:colcon.colcon_core.shell:Skip shell extension 'powershell' for command environment: Not usable outside of PowerShell
[285.852s] DEBUG:colcon.colcon_core.shell:Skip shell extension 'dsv' for command environment
[285.858s] DEBUG:colcon.colcon_core.event_handler.log_command:Invoking command in '/home/giorgio/Leader-Follower_UWB/Leader-Follower_Simulation/build/px4_ros_com': AMENT_PREFIX_PATH=/home/giorgio/Leader-Follower_UWB/Leader-Follower_Simulation/install/px4_msgs:${AMENT_PREFIX_PATH} CMAKE_PREFIX_PATH=/home/giorgio/Leader-Follower_UWB/Leader-Follower_Simulation/install/px4_msgs:/opt/ros/humble LD_LIBRARY_PATH=/home/giorgio/Leader-Follower_UWB/Leader-Follower_Simulation/install/px4_msgs/lib:/usr/lib/x86_64-linux-gnu/gazebo-11/plugins:/opt/ros/humble/opt/rviz_ogre_vendor/lib:/opt/ros/humble/lib/x86_64-linux-gnu:/opt/ros/humble/lib:/opt/openrobots/lib PYTHONPATH=/home/giorgio/Leader-Follower_UWB/Leader-Follower_Simulation/install/px4_msgs/local/lib/python3.10/dist-packages:${PYTHONPATH} /usr/bin/cmake /home/giorgio/Leader-Follower_UWB/Leader-Follower_Simulation/src/px4_ros_com -DCMAKE_INSTALL_PREFIX=/home/giorgio/Leader-Follower_UWB/Leader-Follower_Simulation/install/px4_ros_com
[286.316s] INFO:colcon.colcon_core.task.python.build:Building Python package in '/home/giorgio/Leader-Follower_UWB/Leader-Follower_Simulation/src/sensor_sim'
[286.316s] INFO:colcon.colcon_core.shell:Skip shell extension 'powershell' for command environment: Not usable outside of PowerShell
[286.316s] DEBUG:colcon.colcon_core.shell:Skip shell extension 'dsv' for command environment
[287.341s] DEBUG:colcon.colcon_core.event_handler.log_command:Invoking command in '/home/giorgio/Leader-Follower_UWB/Leader-Follower_Simulation/src/sensor_sim': AMENT_PREFIX_PATH=/home/giorgio/Leader-Follower_UWB/Leader-Follower_Simulation/install/px4_msgs:/home/giorgio/Leader-Follower_UWB/Leader-Follower_Simulation/install/mymsg_msgs:${AMENT_PREFIX_PATH} CMAKE_PREFIX_PATH=/home/giorgio/Leader-Follower_UWB/Leader-Follower_Simulation/install/px4_msgs:/home/giorgio/Leader-Follower_UWB/Leader-Follower_Simulation/install/mymsg_msgs LD_LIBRARY_PATH=/home/giorgio/Leader-Follower_UWB/Leader-Follower_Simulation/install/px4_msgs/lib:/home/giorgio/Leader-Follower_UWB/Leader-Follower_Simulation/install/mymsg_msgs/lib:/usr/lib/x86_64-linux-gnu/gazebo-11/plugins:/opt/ros/humble/opt/rviz_ogre_vendor/lib:/opt/ros/humble/lib/x86_64-linux-gnu:/opt/ros/humble/lib:/opt/openrobots/lib PYTHONPATH=/home/giorgio/Leader-Follower_UWB/Leader-Follower_Simulation/build/sensor_sim/prefix_override:/home/giorgio/Leader-Follower_UWB/Leader-Follower_Simulation/install/sensor_sim/lib/python3.10/site-packages:/home/giorgio/Leader-Follower_UWB/Leader-Follower_Simulation/install/px4_msgs/local/lib/python3.10/dist-packages:/home/giorgio/Leader-Follower_UWB/Leader-Follower_Simulation/install/mymsg_msgs/local/lib/python3.10/dist-packages:${PYTHONPATH} /usr/bin/python3 -W ignore:setup.py install is deprecated setup.py egg_info --egg-base ../../build/sensor_sim build --build-base /home/giorgio/Leader-Follower_UWB/Leader-Follower_Simulation/build/sensor_sim/build install --record /home/giorgio/Leader-Follower_UWB/Leader-Follower_Simulation/build/sensor_sim/install.log --single-version-externally-managed install_data
[287.344s] DEBUG:colcon.colcon_core.event_handler.log_command:Invoking command in '/home/giorgio/Leader-Follower_UWB/Leader-Follower_Simulation/src/offboard_control': AMENT_PREFIX_PATH=/home/giorgio/Leader-Follower_UWB/Leader-Follower_Simulation/install/px4_msgs:/home/giorgio/Leader-Follower_UWB/Leader-Follower_Simulation/install/mymsg_msgs:${AMENT_PREFIX_PATH} CMAKE_PREFIX_PATH=/home/giorgio/Leader-Follower_UWB/Leader-Follower_Simulation/install/px4_msgs:/home/giorgio/Leader-Follower_UWB/Leader-Follower_Simulation/install/mymsg_msgs LD_LIBRARY_PATH=/home/giorgio/Leader-Follower_UWB/Leader-Follower_Simulation/install/px4_msgs/lib:/home/giorgio/Leader-Follower_UWB/Leader-Follower_Simulation/install/mymsg_msgs/lib:/usr/lib/x86_64-linux-gnu/gazebo-11/plugins:/opt/ros/humble/opt/rviz_ogre_vendor/lib:/opt/ros/humble/lib/x86_64-linux-gnu:/opt/ros/humble/lib:/opt/openrobots/lib PYTHONPATH=/home/giorgio/Leader-Follower_UWB/Leader-Follower_Simulation/build/offboard_control/prefix_override:/home/giorgio/Leader-Follower_UWB/Leader-Follower_Simulation/install/offboard_control/lib/python3.10/site-packages:/home/giorgio/Leader-Follower_UWB/Leader-Follower_Simulation/install/px4_msgs/local/lib/python3.10/dist-packages:/home/giorgio/Leader-Follower_UWB/Leader-Follower_Simulation/install/mymsg_msgs/local/lib/python3.10/dist-packages:${PYTHONPATH} /usr/bin/python3 -W ignore:setup.py install is deprecated setup.py egg_info --egg-base ../../build/offboard_control build --build-base /home/giorgio/Leader-Follower_UWB/Leader-Follower_Simulation/build/offboard_control/build install --record /home/giorgio/Leader-Follower_UWB/Leader-Follower_Simulation/build/offboard_control/install.log --single-version-externally-managed install_data
[288.049s] Level 1:colcon.colcon_core.environment:checking '/home/giorgio/Leader-Follower_UWB/Leader-Follower_Simulation/install/offboard_control' for CMake module files
[288.050s] DEBUG:colcon.colcon_core.event_handler.log_command:Invoked command in '/home/giorgio/Leader-Follower_UWB/Leader-Follower_Simulation/src/offboard_control' returned '0': AMENT_PREFIX_PATH=/home/giorgio/Leader-Follower_UWB/Leader-Follower_Simulation/install/px4_msgs:/home/giorgio/Leader-Follower_UWB/Leader-Follower_Simulation/install/mymsg_msgs:${AMENT_PREFIX_PATH} CMAKE_PREFIX_PATH=/home/giorgio/Leader-Follower_UWB/Leader-Follower_Simulation/install/px4_msgs:/home/giorgio/Leader-Follower_UWB/Leader-Follower_Simulation/install/mymsg_msgs LD_LIBRARY_PATH=/home/giorgio/Leader-Follower_UWB/Leader-Follower_Simulation/install/px4_msgs/lib:/home/giorgio/Leader-Follower_UWB/Leader-Follower_Simulation/install/mymsg_msgs/lib:/usr/lib/x86_64-linux-gnu/gazebo-11/plugins:/opt/ros/humble/opt/rviz_ogre_vendor/lib:/opt/ros/humble/lib/x86_64-linux-gnu:/opt/ros/humble/lib:/opt/openrobots/lib PYTHONPATH=/home/giorgio/Leader-Follower_UWB/Leader-Follower_Simulation/build/offboard_control/prefix_override:/home/giorgio/Leader-Follower_UWB/Leader-Follower_Simulation/install/offboard_control/lib/python3.10/site-packages:/home/giorgio/Leader-Follower_UWB/Leader-Follower_Simulation/install/px4_msgs/local/lib/python3.10/dist-packages:/home/giorgio/Leader-Follower_UWB/Leader-Follower_Simulation/install/mymsg_msgs/local/lib/python3.10/dist-packages:${PYTHONPATH} /usr/bin/python3 -W ignore:setup.py install is deprecated setup.py egg_info --egg-base ../../build/offboard_control build --build-base /home/giorgio/Leader-Follower_UWB/Leader-Follower_Simulation/build/offboard_control/build install --record /home/giorgio/Leader-Follower_UWB/Leader-Follower_Simulation/build/offboard_control/install.log --single-version-externally-managed install_data
[288.050s] Level 1:colcon.colcon_core.environment:checking '/home/giorgio/Leader-Follower_UWB/Leader-Follower_Simulation/install/offboard_control' for CMake config files
[288.051s] Level 1:colcon.colcon_core.environment:checking '/home/giorgio/Leader-Follower_UWB/Leader-Follower_Simulation/install/offboard_control/lib'
[288.051s] Level 1:colcon.colcon_core.environment:checking '/home/giorgio/Leader-Follower_UWB/Leader-Follower_Simulation/install/offboard_control/bin'
[288.051s] Level 1:colcon.colcon_core.environment:checking '/home/giorgio/Leader-Follower_UWB/Leader-Follower_Simulation/install/offboard_control/lib/pkgconfig/offboard_control.pc'
[288.051s] Level 1:colcon.colcon_core.environment:checking '/home/giorgio/Leader-Follower_UWB/Leader-Follower_Simulation/install/offboard_control/lib/python3.10/site-packages'
[288.051s] Level 1:colcon.colcon_core.shell:create_environment_hook('offboard_control', 'pythonpath')
[288.052s] INFO:colcon.colcon_core.shell:Creating environment hook '/home/giorgio/Leader-Follower_UWB/Leader-Follower_Simulation/install/offboard_control/share/offboard_control/hook/pythonpath.ps1'
[288.053s] INFO:colcon.colcon_core.shell:Creating environment descriptor '/home/giorgio/Leader-Follower_UWB/Leader-Follower_Simulation/install/offboard_control/share/offboard_control/hook/pythonpath.dsv'
[288.053s] INFO:colcon.colcon_core.shell:Creating environment hook '/home/giorgio/Leader-Follower_UWB/Leader-Follower_Simulation/install/offboard_control/share/offboard_control/hook/pythonpath.sh'
[288.054s] Level 1:colcon.colcon_core.environment:checking '/home/giorgio/Leader-Follower_UWB/Leader-Follower_Simulation/install/offboard_control/bin'
[288.054s] Level 1:colcon.colcon_core.environment:create_environment_scripts_only(offboard_control)
[288.054s] INFO:colcon.colcon_core.shell:Creating package script '/home/giorgio/Leader-Follower_UWB/Leader-Follower_Simulation/install/offboard_control/share/offboard_control/package.ps1'
[288.055s] INFO:colcon.colcon_core.shell:Creating package descriptor '/home/giorgio/Leader-Follower_UWB/Leader-Follower_Simulation/install/offboard_control/share/offboard_control/package.dsv'
[288.056s] INFO:colcon.colcon_core.shell:Creating package script '/home/giorgio/Leader-Follower_UWB/Leader-Follower_Simulation/install/offboard_control/share/offboard_control/package.sh'
[288.056s] INFO:colcon.colcon_core.shell:Creating package script '/home/giorgio/Leader-Follower_UWB/Leader-Follower_Simulation/install/offboard_control/share/offboard_control/package.bash'
[288.057s] INFO:colcon.colcon_core.shell:Creating package script '/home/giorgio/Leader-Follower_UWB/Leader-Follower_Simulation/install/offboard_control/share/offboard_control/package.zsh'
[288.057s] Level 1:colcon.colcon_core.environment:create_file_with_runtime_dependencies(/home/giorgio/Leader-Follower_UWB/Leader-Follower_Simulation/install/offboard_control/share/colcon-core/packages/offboard_control)
[288.062s] Level 1:colcon.colcon_core.environment:checking '/home/giorgio/Leader-Follower_UWB/Leader-Follower_Simulation/install/sensor_sim' for CMake module files
[288.062s] DEBUG:colcon.colcon_core.event_handler.log_command:Invoked command in '/home/giorgio/Leader-Follower_UWB/Leader-Follower_Simulation/src/sensor_sim' returned '0': AMENT_PREFIX_PATH=/home/giorgio/Leader-Follower_UWB/Leader-Follower_Simulation/install/px4_msgs:/home/giorgio/Leader-Follower_UWB/Leader-Follower_Simulation/install/mymsg_msgs:${AMENT_PREFIX_PATH} CMAKE_PREFIX_PATH=/home/giorgio/Leader-Follower_UWB/Leader-Follower_Simulation/install/px4_msgs:/home/giorgio/Leader-Follower_UWB/Leader-Follower_Simulation/install/mymsg_msgs LD_LIBRARY_PATH=/home/giorgio/Leader-Follower_UWB/Leader-Follower_Simulation/install/px4_msgs/lib:/home/giorgio/Leader-Follower_UWB/Leader-Follower_Simulation/install/mymsg_msgs/lib:/usr/lib/x86_64-linux-gnu/gazebo-11/plugins:/opt/ros/humble/opt/rviz_ogre_vendor/lib:/opt/ros/humble/lib/x86_64-linux-gnu:/opt/ros/humble/lib:/opt/openrobots/lib PYTHONPATH=/home/giorgio/Leader-Follower_UWB/Leader-Follower_Simulation/build/sensor_sim/prefix_override:/home/giorgio/Leader-Follower_UWB/Leader-Follower_Simulation/install/sensor_sim/lib/python3.10/site-packages:/home/giorgio/Leader-Follower_UWB/Leader-Follower_Simulation/install/px4_msgs/local/lib/python3.10/dist-packages:/home/giorgio/Leader-Follower_UWB/Leader-Follower_Simulation/install/mymsg_msgs/local/lib/python3.10/dist-packages:${PYTHONPATH} /usr/bin/python3 -W ignore:setup.py install is deprecated setup.py egg_info --egg-base ../../build/sensor_sim build --build-base /home/giorgio/Leader-Follower_UWB/Leader-Follower_Simulation/build/sensor_sim/build install --record /home/giorgio/Leader-Follower_UWB/Leader-Follower_Simulation/build/sensor_sim/install.log --single-version-externally-managed install_data
[288.063s] Level 1:colcon.colcon_core.environment:checking '/home/giorgio/Leader-Follower_UWB/Leader-Follower_Simulation/install/sensor_sim' for CMake config files
[288.063s] Level 1:colcon.colcon_core.environment:checking '/home/giorgio/Leader-Follower_UWB/Leader-Follower_Simulation/install/sensor_sim/lib'
[288.063s] Level 1:colcon.colcon_core.environment:checking '/home/giorgio/Leader-Follower_UWB/Leader-Follower_Simulation/install/sensor_sim/bin'
[288.063s] Level 1:colcon.colcon_core.environment:checking '/home/giorgio/Leader-Follower_UWB/Leader-Follower_Simulation/install/sensor_sim/lib/pkgconfig/sensor_sim.pc'
[288.064s] Level 1:colcon.colcon_core.environment:checking '/home/giorgio/Leader-Follower_UWB/Leader-Follower_Simulation/install/sensor_sim/lib/python3.10/site-packages'
[288.064s] Level 1:colcon.colcon_core.shell:create_environment_hook('sensor_sim', 'pythonpath')
[288.064s] INFO:colcon.colcon_core.shell:Creating environment hook '/home/giorgio/Leader-Follower_UWB/Leader-Follower_Simulation/install/sensor_sim/share/sensor_sim/hook/pythonpath.ps1'
[288.064s] INFO:colcon.colcon_core.shell:Creating environment descriptor '/home/giorgio/Leader-Follower_UWB/Leader-Follower_Simulation/install/sensor_sim/share/sensor_sim/hook/pythonpath.dsv'
[288.065s] INFO:colcon.colcon_core.shell:Creating environment hook '/home/giorgio/Leader-Follower_UWB/Leader-Follower_Simulation/install/sensor_sim/share/sensor_sim/hook/pythonpath.sh'
[288.065s] Level 1:colcon.colcon_core.environment:checking '/home/giorgio/Leader-Follower_UWB/Leader-Follower_Simulation/install/sensor_sim/bin'
[288.065s] Level 1:colcon.colcon_core.environment:create_environment_scripts_only(sensor_sim)
[288.066s] INFO:colcon.colcon_core.shell:Creating package script '/home/giorgio/Leader-Follower_UWB/Leader-Follower_Simulation/install/sensor_sim/share/sensor_sim/package.ps1'
[288.066s] INFO:colcon.colcon_core.shell:Creating package descriptor '/home/giorgio/Leader-Follower_UWB/Leader-Follower_Simulation/install/sensor_sim/share/sensor_sim/package.dsv'
[288.067s] INFO:colcon.colcon_core.shell:Creating package script '/home/giorgio/Leader-Follower_UWB/Leader-Follower_Simulation/install/sensor_sim/share/sensor_sim/package.sh'
[288.067s] INFO:colcon.colcon_core.shell:Creating package script '/home/giorgio/Leader-Follower_UWB/Leader-Follower_Simulation/install/sensor_sim/share/sensor_sim/package.bash'
[288.067s] INFO:colcon.colcon_core.shell:Creating package script '/home/giorgio/Leader-Follower_UWB/Leader-Follower_Simulation/install/sensor_sim/share/sensor_sim/package.zsh'
[288.068s] Level 1:colcon.colcon_core.environment:create_file_with_runtime_dependencies(/home/giorgio/Leader-Follower_UWB/Leader-Follower_Simulation/install/sensor_sim/share/colcon-core/packages/sensor_sim)
[288.096s] DEBUG:colcon.colcon_core.event_handler.log_command:Invoked command in '/home/giorgio/Leader-Follower_UWB/Leader-Follower_Simulation/build/px4_ros_com' returned '0': AMENT_PREFIX_PATH=/home/giorgio/Leader-Follower_UWB/Leader-Follower_Simulation/install/px4_msgs:${AMENT_PREFIX_PATH} CMAKE_PREFIX_PATH=/home/giorgio/Leader-Follower_UWB/Leader-Follower_Simulation/install/px4_msgs:/opt/ros/humble LD_LIBRARY_PATH=/home/giorgio/Leader-Follower_UWB/Leader-Follower_Simulation/install/px4_msgs/lib:/usr/lib/x86_64-linux-gnu/gazebo-11/plugins:/opt/ros/humble/opt/rviz_ogre_vendor/lib:/opt/ros/humble/lib/x86_64-linux-gnu:/opt/ros/humble/lib:/opt/openrobots/lib PYTHONPATH=/home/giorgio/Leader-Follower_UWB/Leader-Follower_Simulation/install/px4_msgs/local/lib/python3.10/dist-packages:${PYTHONPATH} /usr/bin/cmake /home/giorgio/Leader-Follower_UWB/Leader-Follower_Simulation/src/px4_ros_com -DCMAKE_INSTALL_PREFIX=/home/giorgio/Leader-Follower_UWB/Leader-Follower_Simulation/install/px4_ros_com
[288.097s] DEBUG:colcon.colcon_core.event_handler.log_command:Invoking command in '/home/giorgio/Leader-Follower_UWB/Leader-Follower_Simulation/build/px4_ros_com': AMENT_PREFIX_PATH=/home/giorgio/Leader-Follower_UWB/Leader-Follower_Simulation/install/px4_msgs:${AMENT_PREFIX_PATH} CMAKE_PREFIX_PATH=/home/giorgio/Leader-Follower_UWB/Leader-Follower_Simulation/install/px4_msgs:/opt/ros/humble LD_LIBRARY_PATH=/home/giorgio/Leader-Follower_UWB/Leader-Follower_Simulation/install/px4_msgs/lib:/usr/lib/x86_64-linux-gnu/gazebo-11/plugins:/opt/ros/humble/opt/rviz_ogre_vendor/lib:/opt/ros/humble/lib/x86_64-linux-gnu:/opt/ros/humble/lib:/opt/openrobots/lib PYTHONPATH=/home/giorgio/Leader-Follower_UWB/Leader-Follower_Simulation/install/px4_msgs/local/lib/python3.10/dist-packages:${PYTHONPATH} /usr/bin/cmake --build /home/giorgio/Leader-Follower_UWB/Leader-Follower_Simulation/build/px4_ros_com -- -j8 -l8
[298.419s] DEBUG:colcon.colcon_core.event_handler.log_command:Invoked command in '/home/giorgio/Leader-Follower_UWB/Leader-Follower_Simulation/build/px4_ros_com' returned '0': AMENT_PREFIX_PATH=/home/giorgio/Leader-Follower_UWB/Leader-Follower_Simulation/install/px4_msgs:${AMENT_PREFIX_PATH} CMAKE_PREFIX_PATH=/home/giorgio/Leader-Follower_UWB/Leader-Follower_Simulation/install/px4_msgs:/opt/ros/humble LD_LIBRARY_PATH=/home/giorgio/Leader-Follower_UWB/Leader-Follower_Simulation/install/px4_msgs/lib:/usr/lib/x86_64-linux-gnu/gazebo-11/plugins:/opt/ros/humble/opt/rviz_ogre_vendor/lib:/opt/ros/humble/lib/x86_64-linux-gnu:/opt/ros/humble/lib:/opt/openrobots/lib PYTHONPATH=/home/giorgio/Leader-Follower_UWB/Leader-Follower_Simulation/install/px4_msgs/local/lib/python3.10/dist-packages:${PYTHONPATH} /usr/bin/cmake --build /home/giorgio/Leader-Follower_UWB/Leader-Follower_Simulation/build/px4_ros_com -- -j8 -l8
[298.443s] DEBUG:colcon.colcon_core.event_handler.log_command:Invoking command in '/home/giorgio/Leader-Follower_UWB/Leader-Follower_Simulation/build/px4_ros_com': AMENT_PREFIX_PATH=/home/giorgio/Leader-Follower_UWB/Leader-Follower_Simulation/install/px4_msgs:${AMENT_PREFIX_PATH} CMAKE_PREFIX_PATH=/home/giorgio/Leader-Follower_UWB/Leader-Follower_Simulation/install/px4_msgs:/opt/ros/humble LD_LIBRARY_PATH=/home/giorgio/Leader-Follower_UWB/Leader-Follower_Simulation/install/px4_msgs/lib:/usr/lib/x86_64-linux-gnu/gazebo-11/plugins:/opt/ros/humble/opt/rviz_ogre_vendor/lib:/opt/ros/humble/lib/x86_64-linux-gnu:/opt/ros/humble/lib:/opt/openrobots/lib PYTHONPATH=/home/giorgio/Leader-Follower_UWB/Leader-Follower_Simulation/install/px4_msgs/local/lib/python3.10/dist-packages:${PYTHONPATH} /usr/bin/cmake --install /home/giorgio/Leader-Follower_UWB/Leader-Follower_Simulation/build/px4_ros_com
[298.461s] Level 1:colcon.colcon_core.environment:create_environment_scripts_only(px4_ros_com)
[298.461s] Level 1:colcon.colcon_core.environment:checking '/home/giorgio/Leader-Follower_UWB/Leader-Follower_Simulation/install/px4_ros_com' for CMake module files
[298.462s] DEBUG:colcon.colcon_core.event_handler.log_command:Invoked command in '/home/giorgio/Leader-Follower_UWB/Leader-Follower_Simulation/build/px4_ros_com' returned '0': AMENT_PREFIX_PATH=/home/giorgio/Leader-Follower_UWB/Leader-Follower_Simulation/install/px4_msgs:${AMENT_PREFIX_PATH} CMAKE_PREFIX_PATH=/home/giorgio/Leader-Follower_UWB/Leader-Follower_Simulation/install/px4_msgs:/opt/ros/humble LD_LIBRARY_PATH=/home/giorgio/Leader-Follower_UWB/Leader-Follower_Simulation/install/px4_msgs/lib:/usr/lib/x86_64-linux-gnu/gazebo-11/plugins:/opt/ros/humble/opt/rviz_ogre_vendor/lib:/opt/ros/humble/lib/x86_64-linux-gnu:/opt/ros/humble/lib:/opt/openrobots/lib PYTHONPATH=/home/giorgio/Leader-Follower_UWB/Leader-Follower_Simulation/install/px4_msgs/local/lib/python3.10/dist-packages:${PYTHONPATH} /usr/bin/cmake --install /home/giorgio/Leader-Follower_UWB/Leader-Follower_Simulation/build/px4_ros_com
[298.462s] Level 1:colcon.colcon_core.environment:checking '/home/giorgio/Leader-Follower_UWB/Leader-Follower_Simulation/install/px4_ros_com' for CMake config files
[298.462s] Level 1:colcon.colcon_core.shell:create_environment_hook('px4_ros_com', 'cmake_prefix_path')
[298.462s] INFO:colcon.colcon_core.shell:Creating environment hook '/home/giorgio/Leader-Follower_UWB/Leader-Follower_Simulation/install/px4_ros_com/share/px4_ros_com/hook/cmake_prefix_path.ps1'
[298.463s] INFO:colcon.colcon_core.shell:Creating environment descriptor '/home/giorgio/Leader-Follower_UWB/Leader-Follower_Simulation/install/px4_ros_com/share/px4_ros_com/hook/cmake_prefix_path.dsv'
[298.463s] INFO:colcon.colcon_core.shell:Creating environment hook '/home/giorgio/Leader-Follower_UWB/Leader-Follower_Simulation/install/px4_ros_com/share/px4_ros_com/hook/cmake_prefix_path.sh'
[298.463s] Level 1:colcon.colcon_core.environment:checking '/home/giorgio/Leader-Follower_UWB/Leader-Follower_Simulation/install/px4_ros_com/lib'
[298.463s] Level 1:colcon.colcon_core.shell:create_environment_hook('px4_ros_com', 'ld_library_path_lib')
[298.463s] INFO:colcon.colcon_core.shell:Creating environment hook '/home/giorgio/Leader-Follower_UWB/Leader-Follower_Simulation/install/px4_ros_com/share/px4_ros_com/hook/ld_library_path_lib.ps1'
[298.464s] INFO:colcon.colcon_core.shell:Creating environment descriptor '/home/giorgio/Leader-Follower_UWB/Leader-Follower_Simulation/install/px4_ros_com/share/px4_ros_com/hook/ld_library_path_lib.dsv'
[298.464s] INFO:colcon.colcon_core.shell:Creating environment hook '/home/giorgio/Leader-Follower_UWB/Leader-Follower_Simulation/install/px4_ros_com/share/px4_ros_com/hook/ld_library_path_lib.sh'
[298.464s] Level 1:colcon.colcon_core.environment:checking '/home/giorgio/Leader-Follower_UWB/Leader-Follower_Simulation/install/px4_ros_com/bin'
[298.464s] Level 1:colcon.colcon_core.environment:checking '/home/giorgio/Leader-Follower_UWB/Leader-Follower_Simulation/install/px4_ros_com/lib/pkgconfig/px4_ros_com.pc'
[298.464s] Level 1:colcon.colcon_core.environment:checking '/home/giorgio/Leader-Follower_UWB/Leader-Follower_Simulation/install/px4_ros_com/lib/python3.10/site-packages'
[298.465s] Level 1:colcon.colcon_core.environment:checking '/home/giorgio/Leader-Follower_UWB/Leader-Follower_Simulation/install/px4_ros_com/bin'
[298.465s] INFO:colcon.colcon_core.shell:Creating package script '/home/giorgio/Leader-Follower_UWB/Leader-Follower_Simulation/install/px4_ros_com/share/px4_ros_com/package.ps1'
[298.465s] INFO:colcon.colcon_core.shell:Creating package descriptor '/home/giorgio/Leader-Follower_UWB/Leader-Follower_Simulation/install/px4_ros_com/share/px4_ros_com/package.dsv'
[298.466s] INFO:colcon.colcon_core.shell:Creating package script '/home/giorgio/Leader-Follower_UWB/Leader-Follower_Simulation/install/px4_ros_com/share/px4_ros_com/package.sh'
[298.466s] INFO:colcon.colcon_core.shell:Creating package script '/home/giorgio/Leader-Follower_UWB/Leader-Follower_Simulation/install/px4_ros_com/share/px4_ros_com/package.bash'
[298.466s] INFO:colcon.colcon_core.shell:Creating package script '/home/giorgio/Leader-Follower_UWB/Leader-Follower_Simulation/install/px4_ros_com/share/px4_ros_com/package.zsh'
[298.466s] Level 1:colcon.colcon_core.environment:create_file_with_runtime_dependencies(/home/giorgio/Leader-Follower_UWB/Leader-Follower_Simulation/install/px4_ros_com/share/colcon-core/packages/px4_ros_com)
[298.489s] Level 1:colcon.colcon_core.environment:create_environment_scripts_only(px4_ros_com)
[298.489s] Level 1:colcon.colcon_core.environment:checking '/home/giorgio/Leader-Follower_UWB/Leader-Follower_Simulation/install/px4_ros_com' for CMake module files
[298.490s] Level 1:colcon.colcon_core.environment:checking '/home/giorgio/Leader-Follower_UWB/Leader-Follower_Simulation/install/px4_ros_com' for CMake config files
[298.490s] Level 1:colcon.colcon_core.shell:create_environment_hook('px4_ros_com', 'cmake_prefix_path')
[298.490s] INFO:colcon.colcon_core.shell:Creating environment hook '/home/giorgio/Leader-Follower_UWB/Leader-Follower_Simulation/install/px4_ros_com/share/px4_ros_com/hook/cmake_prefix_path.ps1'
[298.490s] INFO:colcon.colcon_core.shell:Creating environment descriptor '/home/giorgio/Leader-Follower_UWB/Leader-Follower_Simulation/install/px4_ros_com/share/px4_ros_com/hook/cmake_prefix_path.dsv'
[298.491s] INFO:colcon.colcon_core.shell:Creating environment hook '/home/giorgio/Leader-Follower_UWB/Leader-Follower_Simulation/install/px4_ros_com/share/px4_ros_com/hook/cmake_prefix_path.sh'
[298.491s] Level 1:colcon.colcon_core.environment:checking '/home/giorgio/Leader-Follower_UWB/Leader-Follower_Simulation/install/px4_ros_com/lib'
[298.491s] Level 1:colcon.colcon_core.shell:create_environment_hook('px4_ros_com', 'ld_library_path_lib')
[298.491s] INFO:colcon.colcon_core.shell:Creating environment hook '/home/giorgio/Leader-Follower_UWB/Leader-Follower_Simulation/install/px4_ros_com/share/px4_ros_com/hook/ld_library_path_lib.ps1'
[298.492s] INFO:colcon.colcon_core.shell:Creating environment descriptor '/home/giorgio/Leader-Follower_UWB/Leader-Follower_Simulation/install/px4_ros_com/share/px4_ros_com/hook/ld_library_path_lib.dsv'
[298.492s] INFO:colcon.colcon_core.shell:Creating environment hook '/home/giorgio/Leader-Follower_UWB/Leader-Follower_Simulation/install/px4_ros_com/share/px4_ros_com/hook/ld_library_path_lib.sh'
[298.492s] Level 1:colcon.colcon_core.environment:checking '/home/giorgio/Leader-Follower_UWB/Leader-Follower_Simulation/install/px4_ros_com/bin'
[298.492s] Level 1:colcon.colcon_core.environment:checking '/home/giorgio/Leader-Follower_UWB/Leader-Follower_Simulation/install/px4_ros_com/lib/pkgconfig/px4_ros_com.pc'
[298.492s] Level 1:colcon.colcon_core.environment:checking '/home/giorgio/Leader-Follower_UWB/Leader-Follower_Simulation/install/px4_ros_com/lib/python3.10/site-packages'
[298.492s] Level 1:colcon.colcon_core.environment:checking '/home/giorgio/Leader-Follower_UWB/Leader-Follower_Simulation/install/px4_ros_com/bin'
[298.493s] INFO:colcon.colcon_core.shell:Creating package script '/home/giorgio/Leader-Follower_UWB/Leader-Follower_Simulation/install/px4_ros_com/share/px4_ros_com/package.ps1'
[298.493s] INFO:colcon.colcon_core.shell:Creating package descriptor '/home/giorgio/Leader-Follower_UWB/Leader-Follower_Simulation/install/px4_ros_com/share/px4_ros_com/package.dsv'
[298.493s] INFO:colcon.colcon_core.shell:Creating package script '/home/giorgio/Leader-Follower_UWB/Leader-Follower_Simulation/install/px4_ros_com/share/px4_ros_com/package.sh'
[298.494s] INFO:colcon.colcon_core.shell:Creating package script '/home/giorgio/Leader-Follower_UWB/Leader-Follower_Simulation/install/px4_ros_com/share/px4_ros_com/package.bash'
[298.494s] INFO:colcon.colcon_core.shell:Creating package script '/home/giorgio/Leader-Follower_UWB/Leader-Follower_Simulation/install/px4_ros_com/share/px4_ros_com/package.zsh'
[298.495s] Level 1:colcon.colcon_core.environment:create_file_with_runtime_dependencies(/home/giorgio/Leader-Follower_UWB/Leader-Follower_Simulation/install/px4_ros_com/share/colcon-core/packages/px4_ros_com)
[298.495s] DEBUG:colcon.colcon_parallel_executor.executor.parallel:closing loop
[298.495s] DEBUG:colcon.colcon_parallel_executor.executor.parallel:loop closed
[298.495s] DEBUG:colcon.colcon_parallel_executor.executor.parallel:run_until_complete finished with '0'
[298.495s] DEBUG:colcon.colcon_core.event_reactor:joining thread
[298.510s] INFO:colcon.colcon_core.plugin_system:Skipping extension 'colcon_notification.desktop_notification.terminal_notifier': Not used on non-Darwin systems
[298.510s] INFO:colcon.colcon_core.plugin_system:Skipping extension 'colcon_notification.desktop_notification.win32': Not used on non-Windows systems
[298.510s] INFO:colcon.colcon_notification.desktop_notification:Sending desktop notification using 'notify2'
[298.520s] DEBUG:colcon.colcon_core.event_reactor:joined thread
[298.520s] INFO:colcon.colcon_core.shell:Creating prefix script '/home/giorgio/Leader-Follower_UWB/Leader-Follower_Simulation/install/local_setup.ps1'
[298.521s] INFO:colcon.colcon_core.shell:Creating prefix util module '/home/giorgio/Leader-Follower_UWB/Leader-Follower_Simulation/install/_local_setup_util_ps1.py'
[298.522s] INFO:colcon.colcon_core.shell:Creating prefix chain script '/home/giorgio/Leader-Follower_UWB/Leader-Follower_Simulation/install/setup.ps1'
[298.523s] INFO:colcon.colcon_core.shell:Creating prefix script '/home/giorgio/Leader-Follower_UWB/Leader-Follower_Simulation/install/local_setup.sh'
[298.523s] INFO:colcon.colcon_core.shell:Creating prefix util module '/home/giorgio/Leader-Follower_UWB/Leader-Follower_Simulation/install/_local_setup_util_sh.py'
[298.524s] INFO:colcon.colcon_core.shell:Creating prefix chain script '/home/giorgio/Leader-Follower_UWB/Leader-Follower_Simulation/install/setup.sh'
[298.524s] INFO:colcon.colcon_core.shell:Creating prefix script '/home/giorgio/Leader-Follower_UWB/Leader-Follower_Simulation/install/local_setup.bash'
[298.525s] INFO:colcon.colcon_core.shell:Creating prefix chain script '/home/giorgio/Leader-Follower_UWB/Leader-Follower_Simulation/install/setup.bash'
[298.525s] INFO:colcon.colcon_core.shell:Creating prefix script '/home/giorgio/Leader-Follower_UWB/Leader-Follower_Simulation/install/local_setup.zsh'
[298.526s] INFO:colcon.colcon_core.shell:Creating prefix chain script '/home/giorgio/Leader-Follower_UWB/Leader-Follower_Simulation/install/setup.zsh'
