[1m/home/giorgio/Leader-Follower_UWB/Leader-Follower_Simulation/src/px4_ros_com/src/lib/frame_transforms.cpp:125:10: [0m[0;1;35mwarning: [0m[1mleft operand of comma operator has no effect [-Wunused-value][0m
               ("covariance matrix URT size (%lu) is different from uORB msg covariance field size (%lu)", COV_SIZE,
[0;1;32m                ^~~~~~~~~~~~~~~~~~~~~~~~~~~~~~~~~~~~~~~~~~~~~~~~~~~~~~~~~~~~~~~~~~~~~~~~~~~~~~~~~~~~~~~~~
[0m[1m/usr/include/assert.h:93:27: [0m[0;1;30mnote: [0mexpanded from macro 'assert'[0m
     (static_cast <bool> (expr)                                         \
[0;1;32m                          ^~~~
[0m[1m/home/giorgio/Leader-Follower_UWB/Leader-Follower_Simulation/src/px4_ros_com/src/lib/frame_transforms.cpp:125:101: [0m[0;1;35mwarning: [0m[1mleft operand of comma operator has no effect [-Wunused-value][0m
               ("covariance matrix URT size (%lu) is different from uORB msg covariance field size (%lu)", COV_SIZE,
[0;1;32m                                                                                                           ^~~~~~~~
[0m[1m/usr/include/assert.h:93:27: [0m[0;1;30mnote: [0mexpanded from macro 'assert'[0m
     (static_cast <bool> (expr)                                         \
[0;1;32m                          ^~~~
[0m[1m/home/giorgio/Leader-Follower_UWB/Leader-Follower_Simulation/src/px4_ros_com/src/lib/frame_transforms.cpp:141:10: [0m[0;1;35mwarning: [0m[1mleft operand of comma operator has no effect [-Wunused-value][0m
               ("covariance matrix URT size (%lu) is different from uORB msg covariance field size (%lu)", COV_SIZE,
[0;1;32m                ^~~~~~~~~~~~~~~~~~~~~~~~~~~~~~~~~~~~~~~~~~~~~~~~~~~~~~~~~~~~~~~~~~~~~~~~~~~~~~~~~~~~~~~~~
[0m[1m/usr/include/assert.h:93:27: [0m[0;1;30mnote: [0mexpanded from macro 'assert'[0m
     (static_cast <bool> (expr)                                         \
[0;1;32m                          ^~~~
[0m[1m/home/giorgio/Leader-Follower_UWB/Leader-Follower_Simulation/src/px4_ros_com/src/lib/frame_transforms.cpp:141:101: [0m[0;1;35mwarning: [0m[1mleft operand of comma operator has no effect [-Wunused-value][0m
               ("covariance matrix URT size (%lu) is different from uORB msg covariance field size (%lu)", COV_SIZE,
[0;1;32m                                                                                                           ^~~~~~~~
[0m[1m/usr/include/assert.h:93:27: [0m[0;1;30mnote: [0mexpanded from macro 'assert'[0m
     (static_cast <bool> (expr)                                         \
[0;1;32m                          ^~~~
[0m[1m/home/giorgio/Leader-Follower_UWB/Leader-Follower_Simulation/src/px4_ros_com/src/examples/listeners/vehicle_gps_position_listener.cpp:55:4: [0m[0;1;35mwarning: [0m[1mlambda capture 'this' is not used [-Wunused-lambda-capture][0m
                [this](const px4_msgs::msg::SensorGps::UniquePtr msg) {
[0;1;32m                 ^~~~
[0m[1m/home/giorgio/Leader-Follower_UWB/Leader-Follower_Simulation/src/px4_ros_com/src/examples/listeners/sensor_combined_listener.cpp:57:4: [0m[0;1;35mwarning: [0m[1mlambda capture 'this' is not used [-Wunused-lambda-capture][0m
                [this](const px4_msgs::msg::SensorCombined::UniquePtr msg) {
[0;1;32m                 ^~~~
[0m[1m/home/giorgio/Leader-Follower_UWB/Leader-Follower_Simulation/src/px4_ros_com/src/examples/offboard/offboard_control.cpp:99:24: [0m[0;1;35mwarning: [0m[1mprivate field 'timestamp_' is not used [-Wunused-private-field][0m
        std::atomic<uint64_t> timestamp_;   //!< common synced timestamped
[0;1;32m                              ^
[0m4 warnings generated.
1 warning generated.
1 warning generated.
1 warning generated.
