[0.402s] Invoking command in '/home/giorgio/Leader-Follower_UWB/Leader-Follower_Simulation/build/px4_ros_com': AMENT_PREFIX_PATH=/home/giorgio/Leader-Follower_UWB/Leader-Follower_Simulation/install/px4_msgs:${AMENT_PREFIX_PATH} CMAKE_PREFIX_PATH=/home/giorgio/Leader-Follower_UWB/Leader-Follower_Simulation/install/px4_msgs:/opt/ros/humble LD_LIBRARY_PATH=/home/giorgio/Leader-Follower_UWB/Leader-Follower_Simulation/install/px4_msgs/lib:/usr/lib/x86_64-linux-gnu/gazebo-11/plugins:/opt/ros/humble/opt/rviz_ogre_vendor/lib:/opt/ros/humble/lib/x86_64-linux-gnu:/opt/ros/humble/lib:/opt/openrobots/lib PYTHONPATH=/home/giorgio/Leader-Follower_UWB/Leader-Follower_Simulation/install/px4_msgs/local/lib/python3.10/dist-packages:${PYTHONPATH} /usr/bin/cmake /home/giorgio/Leader-Follower_UWB/Leader-Follower_Simulation/src/px4_ros_com -DCMAKE_INSTALL_PREFIX=/home/giorgio/Leader-Follower_UWB/Leader-Follower_Simulation/install/px4_ros_com
[0.465s] -- The C compiler identification is Clang 14.0.0
[0.564s] -- The CXX compiler identification is Clang 14.0.0
[0.571s] -- Detecting C compiler ABI info
[0.651s] -- Detecting C compiler ABI info - done
[0.659s] -- Check for working C compiler: /usr/bin/cc - skipped
[0.659s] -- Detecting C compile features
[0.659s] -- Detecting C compile features - done
[0.663s] -- Detecting CXX compiler ABI info
[0.789s] -- Detecting CXX compiler ABI info - done
[0.804s] -- Check for working CXX compiler: /usr/bin/c++ - skipped
[0.804s] -- Detecting CXX compile features
[0.805s] -- Detecting CXX compile features - done
[0.808s] -- Found ament_cmake: 1.3.8 (/opt/ros/humble/share/ament_cmake/cmake)
[1.018s] -- Found Python3: /usr/bin/python3 (found version "3.10.12") found components: Interpreter 
[1.174s] -- Found builtin_interfaces: 1.2.1 (/opt/ros/humble/share/builtin_interfaces/cmake)
[1.231s] -- Found rosidl_generator_c: 3.1.5 (/opt/ros/humble/share/rosidl_generator_c/cmake)
[1.237s] -- Found rosidl_adapter: 3.1.5 (/opt/ros/humble/share/rosidl_adapter/cmake)
[1.247s] -- Found rosidl_generator_cpp: 3.1.5 (/opt/ros/humble/share/rosidl_generator_cpp/cmake)
[1.264s] -- Using all available rosidl_typesupport_c: rosidl_typesupport_fastrtps_c;rosidl_typesupport_introspection_c
[1.289s] -- Using all available rosidl_typesupport_cpp: rosidl_typesupport_fastrtps_cpp;rosidl_typesupport_introspection_cpp
[1.312s] -- Found eigen3_cmake_module: 0.1.1 (/opt/ros/humble/share/eigen3_cmake_module/cmake)
[1.321s] -- Found Eigen3: TRUE (found version "3.4.0") 
[1.322s] -- Found geometry_msgs: 4.2.3 (/opt/ros/humble/share/geometry_msgs/cmake)
[1.459s] -- Found px4_msgs: 2.0.1 (/home/giorgio/Leader-Follower_UWB/Leader-Follower_Simulation/install/px4_msgs/share/px4_msgs/cmake)
[1.507s] -- Found rclcpp: 16.0.8 (/opt/ros/humble/share/rclcpp/cmake)
[1.590s] -- Found rmw_implementation_cmake: 6.1.1 (/opt/ros/humble/share/rmw_implementation_cmake/cmake)
[1.593s] -- Found rmw_fastrtps_cpp: 6.2.6 (/opt/ros/humble/share/rmw_fastrtps_cpp/cmake)
[1.709s] -- Found OpenSSL: /usr/lib/x86_64-linux-gnu/libcrypto.so (found version "3.0.2")  
[1.747s] -- Found FastRTPS: /opt/ros/humble/include  
[1.807s] -- Using RMW implementation 'rmw_fastrtps_cpp' as default
[1.819s] -- Looking for pthread.h
[1.931s] -- Looking for pthread.h - found
[1.932s] -- Performing Test CMAKE_HAVE_LIBC_PTHREAD
[2.035s] -- Performing Test CMAKE_HAVE_LIBC_PTHREAD - Success
[2.036s] -- Found Threads: TRUE  
[2.215s] -- Found sensor_msgs: 4.2.3 (/opt/ros/humble/share/sensor_msgs/cmake)
[2.343s] -- Found ament_lint_auto: 0.12.10 (/opt/ros/humble/share/ament_lint_auto/cmake)
[2.589s] -- Added test 'copyright' to check source files copyright and LICENSE
[2.591s] -- Added test 'cppcheck' to perform static code analysis on C / C++ code
[2.593s] -- Configured cppcheck include dirs: /home/giorgio/Leader-Follower_UWB/Leader-Follower_Simulation/src/px4_ros_com/include;$<BUILD_INTERFACE:/home/giorgio/Leader-Follower_UWB/Leader-Follower_Simulation/src/px4_ros_com/include/px4_ros_com>
[2.593s] -- Configured cppcheck exclude dirs and/or files: 
[2.595s] -- Added test 'cpplint' to check C / C++ code against the Google style
[2.595s] -- Configured cpplint exclude dirs and/or files: 
[2.596s] -- Added test 'flake8' to check Python code syntax and style conventions
[2.596s] -- Added test 'lint_cmake' to check CMake code style
[2.597s] -- Added test 'pep257' to check Python code against some of the docstring style conventions in PEP 257
[2.599s] -- Added test 'uncrustify' to check C / C++ code style
[2.599s] -- Configured uncrustify additional arguments: 
[2.600s] -- Added test 'xmllint' to check XML markup files
[2.602s] -- Configuring done
[2.626s] -- Generating done
[2.628s] -- Build files have been written to: /home/giorgio/Leader-Follower_UWB/Leader-Follower_Simulation/build/px4_ros_com
[2.639s] Invoked command in '/home/giorgio/Leader-Follower_UWB/Leader-Follower_Simulation/build/px4_ros_com' returned '0': AMENT_PREFIX_PATH=/home/giorgio/Leader-Follower_UWB/Leader-Follower_Simulation/install/px4_msgs:${AMENT_PREFIX_PATH} CMAKE_PREFIX_PATH=/home/giorgio/Leader-Follower_UWB/Leader-Follower_Simulation/install/px4_msgs:/opt/ros/humble LD_LIBRARY_PATH=/home/giorgio/Leader-Follower_UWB/Leader-Follower_Simulation/install/px4_msgs/lib:/usr/lib/x86_64-linux-gnu/gazebo-11/plugins:/opt/ros/humble/opt/rviz_ogre_vendor/lib:/opt/ros/humble/lib/x86_64-linux-gnu:/opt/ros/humble/lib:/opt/openrobots/lib PYTHONPATH=/home/giorgio/Leader-Follower_UWB/Leader-Follower_Simulation/install/px4_msgs/local/lib/python3.10/dist-packages:${PYTHONPATH} /usr/bin/cmake /home/giorgio/Leader-Follower_UWB/Leader-Follower_Simulation/src/px4_ros_com -DCMAKE_INSTALL_PREFIX=/home/giorgio/Leader-Follower_UWB/Leader-Follower_Simulation/install/px4_ros_com
[2.641s] Invoking command in '/home/giorgio/Leader-Follower_UWB/Leader-Follower_Simulation/build/px4_ros_com': AMENT_PREFIX_PATH=/home/giorgio/Leader-Follower_UWB/Leader-Follower_Simulation/install/px4_msgs:${AMENT_PREFIX_PATH} CMAKE_PREFIX_PATH=/home/giorgio/Leader-Follower_UWB/Leader-Follower_Simulation/install/px4_msgs:/opt/ros/humble LD_LIBRARY_PATH=/home/giorgio/Leader-Follower_UWB/Leader-Follower_Simulation/install/px4_msgs/lib:/usr/lib/x86_64-linux-gnu/gazebo-11/plugins:/opt/ros/humble/opt/rviz_ogre_vendor/lib:/opt/ros/humble/lib/x86_64-linux-gnu:/opt/ros/humble/lib:/opt/openrobots/lib PYTHONPATH=/home/giorgio/Leader-Follower_UWB/Leader-Follower_Simulation/install/px4_msgs/local/lib/python3.10/dist-packages:${PYTHONPATH} /usr/bin/cmake --build /home/giorgio/Leader-Follower_UWB/Leader-Follower_Simulation/build/px4_ros_com -- -j8 -l8
[2.687s] [ 20%] [32mBuilding CXX object CMakeFiles/vehicle_gps_position_listener.dir/src/examples/listeners/vehicle_gps_position_listener.cpp.o[0m
[2.688s] [ 20%] [32mBuilding CXX object CMakeFiles/offboard_control.dir/src/examples/offboard/offboard_control.cpp.o[0m
[2.688s] [ 30%] [32mBuilding CXX object CMakeFiles/sensor_combined_listener.dir/src/examples/listeners/sensor_combined_listener.cpp.o[0m
[2.691s] [ 40%] [32mBuilding CXX object CMakeFiles/frame_transforms.dir/src/lib/frame_transforms.cpp.o[0m
[2.692s] [ 50%] [32mBuilding CXX object CMakeFiles/debug_vect_advertiser.dir/src/examples/advertisers/debug_vect_advertiser.cpp.o[0m
[4.760s] [1m/home/giorgio/Leader-Follower_UWB/Leader-Follower_Simulation/src/px4_ros_com/src/lib/frame_transforms.cpp:125:10: [0m[0;1;35mwarning: [0m[1mleft operand of comma operator has no effect [-Wunused-value][0m
[4.760s]                ("covariance matrix URT size (%lu) is different from uORB msg covariance field size (%lu)", COV_SIZE,
[4.760s] [0;1;32m                ^~~~~~~~~~~~~~~~~~~~~~~~~~~~~~~~~~~~~~~~~~~~~~~~~~~~~~~~~~~~~~~~~~~~~~~~~~~~~~~~~~~~~~~~~
[4.760s] [0m[1m/usr/include/assert.h:93:27: [0m[0;1;30mnote: [0mexpanded from macro 'assert'[0m
[4.760s]      (static_cast <bool> (expr)                                         \
[4.761s] [0;1;32m                          ^~~~
[4.761s] [0m[1m/home/giorgio/Leader-Follower_UWB/Leader-Follower_Simulation/src/px4_ros_com/src/lib/frame_transforms.cpp:125:101: [0m[0;1;35mwarning: [0m[1mleft operand of comma operator has no effect [-Wunused-value][0m
[4.761s]                ("covariance matrix URT size (%lu) is different from uORB msg covariance field size (%lu)", COV_SIZE,
[4.761s] [0;1;32m                                                                                                           ^~~~~~~~
[4.761s] [0m[1m/usr/include/assert.h:93:27: [0m[0;1;30mnote: [0mexpanded from macro 'assert'[0m
[4.761s]      (static_cast <bool> (expr)                                         \
[4.762s] [0;1;32m                          ^~~~
[4.762s] [0m[1m/home/giorgio/Leader-Follower_UWB/Leader-Follower_Simulation/src/px4_ros_com/src/lib/frame_transforms.cpp:141:10: [0m[0;1;35mwarning: [0m[1mleft operand of comma operator has no effect [-Wunused-value][0m
[4.762s]                ("covariance matrix URT size (%lu) is different from uORB msg covariance field size (%lu)", COV_SIZE,
[4.762s] [0;1;32m                ^~~~~~~~~~~~~~~~~~~~~~~~~~~~~~~~~~~~~~~~~~~~~~~~~~~~~~~~~~~~~~~~~~~~~~~~~~~~~~~~~~~~~~~~~
[4.763s] [0m[1m/usr/include/assert.h:93:27: [0m[0;1;30mnote: [0mexpanded from macro 'assert'[0m
[4.763s]      (static_cast <bool> (expr)                                         \
[4.763s] [0;1;32m                          ^~~~
[4.763s] [0m[1m/home/giorgio/Leader-Follower_UWB/Leader-Follower_Simulation/src/px4_ros_com/src/lib/frame_transforms.cpp:141:101: [0m[0;1;35mwarning: [0m[1mleft operand of comma operator has no effect [-Wunused-value][0m
[4.763s]                ("covariance matrix URT size (%lu) is different from uORB msg covariance field size (%lu)", COV_SIZE,
[4.763s] [0;1;32m                                                                                                           ^~~~~~~~
[4.763s] [0m[1m/usr/include/assert.h:93:27: [0m[0;1;30mnote: [0mexpanded from macro 'assert'[0m
[4.764s]      (static_cast <bool> (expr)                                         \
[4.764s] [0;1;32m                          ^~~~
[6.652s] [0m[1m/home/giorgio/Leader-Follower_UWB/Leader-Follower_Simulation/src/px4_ros_com/src/examples/listeners/vehicle_gps_position_listener.cpp:55:4: [0m[0;1;35mwarning: [0m[1mlambda capture 'this' is not used [-Wunused-lambda-capture][0m
[6.653s]                 [this](const px4_msgs::msg::SensorGps::UniquePtr msg) {
[6.653s] [0;1;32m                 ^~~~
[8.286s] [ 60%] [32m[1mLinking CXX executable debug_vect_advertiser[0m
[8.336s] [0m[1m/home/giorgio/Leader-Follower_UWB/Leader-Follower_Simulation/src/px4_ros_com/src/examples/listeners/sensor_combined_listener.cpp:57:4: [0m[0;1;35mwarning: [0m[1mlambda capture 'this' is not used [-Wunused-lambda-capture][0m
[8.337s]                 [this](const px4_msgs::msg::SensorCombined::UniquePtr msg) {
[8.337s] [0;1;32m                 ^~~~
[8.551s] [ 60%] Built target debug_vect_advertiser
[9.779s] [0m[1m/home/giorgio/Leader-Follower_UWB/Leader-Follower_Simulation/src/px4_ros_com/src/examples/offboard/offboard_control.cpp:99:24: [0m[0;1;35mwarning: [0m[1mprivate field 'timestamp_' is not used [-Wunused-private-field][0m
[9.779s]         std::atomic<uint64_t> timestamp_;   //!< common synced timestamped
[9.779s] [0;1;32m                              ^
[9.837s] [0m4 warnings generated.
[9.857s] [ 70%] [32m[1mLinking CXX shared library libframe_transforms.so[0m
[10.197s] [ 70%] Built target frame_transforms
[10.802s] 1 warning generated.
[10.818s] [ 80%] [32m[1mLinking CXX executable offboard_control[0m
[11.080s] [ 80%] Built target offboard_control
[11.489s] 1 warning generated.
[11.506s] [ 90%] [32m[1mLinking CXX executable vehicle_gps_position_listener[0m
[11.883s] [ 90%] Built target vehicle_gps_position_listener
[12.595s] 1 warning generated.
[12.613s] [100%] [32m[1mLinking CXX executable sensor_combined_listener[0m
[12.953s] [100%] Built target sensor_combined_listener
[12.962s] Invoked command in '/home/giorgio/Leader-Follower_UWB/Leader-Follower_Simulation/build/px4_ros_com' returned '0': AMENT_PREFIX_PATH=/home/giorgio/Leader-Follower_UWB/Leader-Follower_Simulation/install/px4_msgs:${AMENT_PREFIX_PATH} CMAKE_PREFIX_PATH=/home/giorgio/Leader-Follower_UWB/Leader-Follower_Simulation/install/px4_msgs:/opt/ros/humble LD_LIBRARY_PATH=/home/giorgio/Leader-Follower_UWB/Leader-Follower_Simulation/install/px4_msgs/lib:/usr/lib/x86_64-linux-gnu/gazebo-11/plugins:/opt/ros/humble/opt/rviz_ogre_vendor/lib:/opt/ros/humble/lib/x86_64-linux-gnu:/opt/ros/humble/lib:/opt/openrobots/lib PYTHONPATH=/home/giorgio/Leader-Follower_UWB/Leader-Follower_Simulation/install/px4_msgs/local/lib/python3.10/dist-packages:${PYTHONPATH} /usr/bin/cmake --build /home/giorgio/Leader-Follower_UWB/Leader-Follower_Simulation/build/px4_ros_com -- -j8 -l8
[12.987s] Invoking command in '/home/giorgio/Leader-Follower_UWB/Leader-Follower_Simulation/build/px4_ros_com': AMENT_PREFIX_PATH=/home/giorgio/Leader-Follower_UWB/Leader-Follower_Simulation/install/px4_msgs:${AMENT_PREFIX_PATH} CMAKE_PREFIX_PATH=/home/giorgio/Leader-Follower_UWB/Leader-Follower_Simulation/install/px4_msgs:/opt/ros/humble LD_LIBRARY_PATH=/home/giorgio/Leader-Follower_UWB/Leader-Follower_Simulation/install/px4_msgs/lib:/usr/lib/x86_64-linux-gnu/gazebo-11/plugins:/opt/ros/humble/opt/rviz_ogre_vendor/lib:/opt/ros/humble/lib/x86_64-linux-gnu:/opt/ros/humble/lib:/opt/openrobots/lib PYTHONPATH=/home/giorgio/Leader-Follower_UWB/Leader-Follower_Simulation/install/px4_msgs/local/lib/python3.10/dist-packages:${PYTHONPATH} /usr/bin/cmake --install /home/giorgio/Leader-Follower_UWB/Leader-Follower_Simulation/build/px4_ros_com
[12.992s] -- Install configuration: ""
[12.992s] -- Installing: /home/giorgio/Leader-Follower_UWB/Leader-Follower_Simulation/install/px4_ros_com/lib/px4_ros_com/sensor_combined_listener
[12.994s] -- Set runtime path of "/home/giorgio/Leader-Follower_UWB/Leader-Follower_Simulation/install/px4_ros_com/lib/px4_ros_com/sensor_combined_listener" to ""
[12.994s] -- Installing: /home/giorgio/Leader-Follower_UWB/Leader-Follower_Simulation/install/px4_ros_com/lib/px4_ros_com/vehicle_gps_position_listener
[12.996s] -- Set runtime path of "/home/giorgio/Leader-Follower_UWB/Leader-Follower_Simulation/install/px4_ros_com/lib/px4_ros_com/vehicle_gps_position_listener" to ""
[12.997s] -- Installing: /home/giorgio/Leader-Follower_UWB/Leader-Follower_Simulation/install/px4_ros_com/lib/px4_ros_com/debug_vect_advertiser
[12.997s] -- Set runtime path of "/home/giorgio/Leader-Follower_UWB/Leader-Follower_Simulation/install/px4_ros_com/lib/px4_ros_com/debug_vect_advertiser" to ""
[12.998s] -- Installing: /home/giorgio/Leader-Follower_UWB/Leader-Follower_Simulation/install/px4_ros_com/lib/px4_ros_com/offboard_control
[12.999s] -- Set runtime path of "/home/giorgio/Leader-Follower_UWB/Leader-Follower_Simulation/install/px4_ros_com/lib/px4_ros_com/offboard_control" to ""
[12.999s] -- Installing: /home/giorgio/Leader-Follower_UWB/Leader-Follower_Simulation/install/px4_ros_com/share/px4_ros_com/environment/library_path.sh
[12.999s] -- Installing: /home/giorgio/Leader-Follower_UWB/Leader-Follower_Simulation/install/px4_ros_com/share/px4_ros_com/environment/library_path.dsv
[12.999s] -- Installing: /home/giorgio/Leader-Follower_UWB/Leader-Follower_Simulation/install/px4_ros_com/include/px4_ros_com
[12.999s] -- Installing: /home/giorgio/Leader-Follower_UWB/Leader-Follower_Simulation/install/px4_ros_com/include/px4_ros_com/frame_transforms.h
[12.999s] -- Installing: /home/giorgio/Leader-Follower_UWB/Leader-Follower_Simulation/install/px4_ros_com/lib/libframe_transforms.so
[13.001s] -- Set runtime path of "/home/giorgio/Leader-Follower_UWB/Leader-Follower_Simulation/install/px4_ros_com/lib/libframe_transforms.so" to ""
[13.002s] -- Installing: /home/giorgio/Leader-Follower_UWB/Leader-Follower_Simulation/install/px4_ros_com/share/px4_ros_com//launch
[13.002s] -- Installing: /home/giorgio/Leader-Follower_UWB/Leader-Follower_Simulation/install/px4_ros_com/share/px4_ros_com//launch/offboard_control_launch.yaml
[13.002s] -- Installing: /home/giorgio/Leader-Follower_UWB/Leader-Follower_Simulation/install/px4_ros_com/share/px4_ros_com//launch/sensor_combined_listener.launch.py
[13.002s] -- Installing: /home/giorgio/Leader-Follower_UWB/Leader-Follower_Simulation/install/px4_ros_com/share/px4_ros_com//test
[13.002s] -- Installing: /home/giorgio/Leader-Follower_UWB/Leader-Follower_Simulation/install/px4_ros_com/share/px4_ros_com//test/__init__.py
[13.002s] -- Installing: /home/giorgio/Leader-Follower_UWB/Leader-Follower_Simulation/install/px4_ros_com/share/px4_ros_com//test/test_output.py
[13.002s] -- Installing: /home/giorgio/Leader-Follower_UWB/Leader-Follower_Simulation/install/px4_ros_com/share/px4_ros_com//test/test_input.py
[13.002s] -- Installing: /home/giorgio/Leader-Follower_UWB/Leader-Follower_Simulation/install/px4_ros_com/share/px4_ros_com//test/pipeline_io_test.py
[13.002s] -- Installing: /home/giorgio/Leader-Follower_UWB/Leader-Follower_Simulation/install/px4_ros_com/share/ament_index/resource_index/package_run_dependencies/px4_ros_com
[13.002s] -- Installing: /home/giorgio/Leader-Follower_UWB/Leader-Follower_Simulation/install/px4_ros_com/share/ament_index/resource_index/parent_prefix_path/px4_ros_com
[13.002s] -- Installing: /home/giorgio/Leader-Follower_UWB/Leader-Follower_Simulation/install/px4_ros_com/share/px4_ros_com/environment/ament_prefix_path.sh
[13.002s] -- Installing: /home/giorgio/Leader-Follower_UWB/Leader-Follower_Simulation/install/px4_ros_com/share/px4_ros_com/environment/ament_prefix_path.dsv
[13.002s] -- Installing: /home/giorgio/Leader-Follower_UWB/Leader-Follower_Simulation/install/px4_ros_com/share/px4_ros_com/environment/path.sh
[13.002s] -- Installing: /home/giorgio/Leader-Follower_UWB/Leader-Follower_Simulation/install/px4_ros_com/share/px4_ros_com/environment/path.dsv
[13.002s] -- Installing: /home/giorgio/Leader-Follower_UWB/Leader-Follower_Simulation/install/px4_ros_com/share/px4_ros_com/local_setup.bash
[13.003s] -- Installing: /home/giorgio/Leader-Follower_UWB/Leader-Follower_Simulation/install/px4_ros_com/share/px4_ros_com/local_setup.sh
[13.003s] -- Installing: /home/giorgio/Leader-Follower_UWB/Leader-Follower_Simulation/install/px4_ros_com/share/px4_ros_com/local_setup.zsh
[13.003s] -- Installing: /home/giorgio/Leader-Follower_UWB/Leader-Follower_Simulation/install/px4_ros_com/share/px4_ros_com/local_setup.dsv
[13.003s] -- Installing: /home/giorgio/Leader-Follower_UWB/Leader-Follower_Simulation/install/px4_ros_com/share/px4_ros_com/package.dsv
[13.003s] -- Installing: /home/giorgio/Leader-Follower_UWB/Leader-Follower_Simulation/install/px4_ros_com/share/ament_index/resource_index/packages/px4_ros_com
[13.003s] -- Installing: /home/giorgio/Leader-Follower_UWB/Leader-Follower_Simulation/install/px4_ros_com/share/px4_ros_com/cmake/export_frame_transformsExport.cmake
[13.003s] -- Installing: /home/giorgio/Leader-Follower_UWB/Leader-Follower_Simulation/install/px4_ros_com/share/px4_ros_com/cmake/export_frame_transformsExport-noconfig.cmake
[13.003s] -- Installing: /home/giorgio/Leader-Follower_UWB/Leader-Follower_Simulation/install/px4_ros_com/share/px4_ros_com/cmake/ament_cmake_export_dependencies-extras.cmake
[13.003s] -- Installing: /home/giorgio/Leader-Follower_UWB/Leader-Follower_Simulation/install/px4_ros_com/share/px4_ros_com/cmake/ament_cmake_export_targets-extras.cmake
[13.003s] -- Installing: /home/giorgio/Leader-Follower_UWB/Leader-Follower_Simulation/install/px4_ros_com/share/px4_ros_com/cmake/ament_cmake_export_include_directories-extras.cmake
[13.003s] -- Installing: /home/giorgio/Leader-Follower_UWB/Leader-Follower_Simulation/install/px4_ros_com/share/px4_ros_com/cmake/ament_cmake_export_libraries-extras.cmake
[13.003s] -- Installing: /home/giorgio/Leader-Follower_UWB/Leader-Follower_Simulation/install/px4_ros_com/share/px4_ros_com/cmake/px4_ros_comConfig.cmake
[13.004s] -- Installing: /home/giorgio/Leader-Follower_UWB/Leader-Follower_Simulation/install/px4_ros_com/share/px4_ros_com/cmake/px4_ros_comConfig-version.cmake
[13.004s] -- Installing: /home/giorgio/Leader-Follower_UWB/Leader-Follower_Simulation/install/px4_ros_com/share/px4_ros_com/package.xml
[13.005s] Invoked command in '/home/giorgio/Leader-Follower_UWB/Leader-Follower_Simulation/build/px4_ros_com' returned '0': AMENT_PREFIX_PATH=/home/giorgio/Leader-Follower_UWB/Leader-Follower_Simulation/install/px4_msgs:${AMENT_PREFIX_PATH} CMAKE_PREFIX_PATH=/home/giorgio/Leader-Follower_UWB/Leader-Follower_Simulation/install/px4_msgs:/opt/ros/humble LD_LIBRARY_PATH=/home/giorgio/Leader-Follower_UWB/Leader-Follower_Simulation/install/px4_msgs/lib:/usr/lib/x86_64-linux-gnu/gazebo-11/plugins:/opt/ros/humble/opt/rviz_ogre_vendor/lib:/opt/ros/humble/lib/x86_64-linux-gnu:/opt/ros/humble/lib:/opt/openrobots/lib PYTHONPATH=/home/giorgio/Leader-Follower_UWB/Leader-Follower_Simulation/install/px4_msgs/local/lib/python3.10/dist-packages:${PYTHONPATH} /usr/bin/cmake --install /home/giorgio/Leader-Follower_UWB/Leader-Follower_Simulation/build/px4_ros_com
