running egg_info
creating ../../build/offboard_control/offboard_control.egg-info
writing ../../build/offboard_control/offboard_control.egg-info/PKG-INFO
writing dependency_links to ../../build/offboard_control/offboard_control.egg-info/dependency_links.txt
writing entry points to ../../build/offboard_control/offboard_control.egg-info/entry_points.txt
writing requirements to ../../build/offboard_control/offboard_control.egg-info/requires.txt
writing top-level names to ../../build/offboard_control/offboard_control.egg-info/top_level.txt
writing manifest file '../../build/offboard_control/offboard_control.egg-info/SOURCES.txt'
reading manifest file '../../build/offboard_control/offboard_control.egg-info/SOURCES.txt'
writing manifest file '../../build/offboard_control/offboard_control.egg-info/SOURCES.txt'
running build
running build_py
creating /home/giorgio/Leader-Follower_UWB/Leader-Follower_Simulation/build/offboard_control/build
creating /home/giorgio/Leader-Follower_UWB/Leader-Follower_Simulation/build/offboard_control/build/lib
creating /home/giorgio/Leader-Follower_UWB/Leader-Follower_Simulation/build/offboard_control/build/lib/offboard_control
copying offboard_control/__init__.py -> /home/giorgio/Leader-Follower_UWB/Leader-Follower_Simulation/build/offboard_control/build/lib/offboard_control
copying offboard_control/offboard_control.py -> /home/giorgio/Leader-Follower_UWB/Leader-Follower_Simulation/build/offboard_control/build/lib/offboard_control
running install
running install_lib
creating /home/giorgio/Leader-Follower_UWB/Leader-Follower_Simulation/install/offboard_control/lib/python3.10/site-packages/offboard_control
copying /home/giorgio/Leader-Follower_UWB/Leader-Follower_Simulation/build/offboard_control/build/lib/offboard_control/__init__.py -> /home/giorgio/Leader-Follower_UWB/Leader-Follower_Simulation/install/offboard_control/lib/python3.10/site-packages/offboard_control
copying /home/giorgio/Leader-Follower_UWB/Leader-Follower_Simulation/build/offboard_control/build/lib/offboard_control/offboard_control.py -> /home/giorgio/Leader-Follower_UWB/Leader-Follower_Simulation/install/offboard_control/lib/python3.10/site-packages/offboard_control
writing byte-compilation script '/tmp/tmpp3ka_u1u.py'
/usr/bin/python3 -O -Wignore:The distutils package is deprecated and slated for removal in Python 3.12. Use setuptools or check PEP 632 for potential alternatives:DeprecationWarning /tmp/tmpp3ka_u1u.py
removing /tmp/tmpp3ka_u1u.py
running install_data
creating /home/giorgio/Leader-Follower_UWB/Leader-Follower_Simulation/install/offboard_control/share/ament_index
creating /home/giorgio/Leader-Follower_UWB/Leader-Follower_Simulation/install/offboard_control/share/ament_index/resource_index
creating /home/giorgio/Leader-Follower_UWB/Leader-Follower_Simulation/install/offboard_control/share/ament_index/resource_index/packages
copying resource/offboard_control -> /home/giorgio/Leader-Follower_UWB/Leader-Follower_Simulation/install/offboard_control/share/ament_index/resource_index/packages
copying package.xml -> /home/giorgio/Leader-Follower_UWB/Leader-Follower_Simulation/install/offboard_control/share/offboard_control
creating /home/giorgio/Leader-Follower_UWB/Leader-Follower_Simulation/install/offboard_control/share/offboard_control/launch
copying launch/sim_with_drone.launch.py -> /home/giorgio/Leader-Follower_UWB/Leader-Follower_Simulation/install/offboard_control/share/offboard_control/launch
running install_egg_info
Copying ../../build/offboard_control/offboard_control.egg-info to /home/giorgio/Leader-Follower_UWB/Leader-Follower_Simulation/install/offboard_control/lib/python3.10/site-packages/offboard_control-0.0.0-py3.10.egg-info
running install_scripts
Installing offboard_control script to /home/giorgio/Leader-Follower_UWB/Leader-Follower_Simulation/install/offboard_control/lib/offboard_control
writing list of installed files to '/home/giorgio/Leader-Follower_UWB/Leader-Follower_Simulation/build/offboard_control/install.log'
